2023-03-08 19:52:15,224 DEBUG [background-preinit][LoggerProviders.java:152] - Logging Provider: org.jboss.logging.Log4j2LoggerProvider
2023-03-08 19:52:15,224 DEBUG [background-preinit][LoggerProviders.java:152] - Logging Provider: org.jboss.logging.Log4j2LoggerProvider
2023-03-08 19:52:15,365 INFO [background-preinit][Version.java:21] - HV000001: Hibernate Validator 6.1.6.Final
2023-03-08 19:52:15,365 INFO [background-preinit][Version.java:21] - HV000001: Hibernate Validator 6.1.6.Final
2023-03-08 19:52:15,450 DEBUG [background-preinit][ValidationXmlParser.java:120] - Trying to load META-INF/validation.xml for XML based Validator configuration.
2023-03-08 19:52:15,450 DEBUG [background-preinit][ValidationXmlParser.java:120] - Trying to load META-INF/validation.xml for XML based Validator configuration.
2023-03-08 19:52:15,468 DEBUG [background-preinit][ResourceLoaderHelper.java:60] - Trying to load META-INF/validation.xml via TCCL
2023-03-08 19:52:15,468 DEBUG [background-preinit][ResourceLoaderHelper.java:60] - Trying to load META-INF/validation.xml via TCCL
2023-03-08 19:52:15,477 DEBUG [background-preinit][ResourceLoaderHelper.java:66] - Trying to load META-INF/validation.xml via Hibernate Validator's class loader
2023-03-08 19:52:15,477 DEBUG [background-preinit][ResourceLoaderHelper.java:66] - Trying to load META-INF/validation.xml via Hibernate Validator's class loader
2023-03-08 19:52:15,482 DEBUG [background-preinit][ValidationXmlParser.java:127] - No META-INF/validation.xml found. Using annotation based configuration only.
2023-03-08 19:52:15,482 DEBUG [background-preinit][ValidationXmlParser.java:127] - No META-INF/validation.xml found. Using annotation based configuration only.
2023-03-08 19:52:15,526 DEBUG [background-preinit][TraversableResolvers.java:60] - Cannot find javax.persistence.Persistence on classpath. Assuming non JPA 2 environment. All properties will per default be traversable.
2023-03-08 19:52:15,526 DEBUG [background-preinit][TraversableResolvers.java:60] - Cannot find javax.persistence.Persistence on classpath. Assuming non JPA 2 environment. All properties will per default be traversable.
2023-03-08 19:52:15,894 DEBUG [background-preinit][ResourceBundleMessageInterpolator.java:172] - Loaded expression factory via original TCCL
2023-03-08 19:52:15,894 DEBUG [background-preinit][ResourceBundleMessageInterpolator.java:172] - Loaded expression factory via original TCCL
2023-03-08 19:52:15,955 INFO [main][StartupInfoLogger.java:55] - Starting XuechengPlusContentServiceApplicationTests on LAPTOP-JE8319QE with PID 14184 (started by joker in D:\FileWork\code\xuecheng\xuecheng-plus-content\xuecheng-plus-content-service)
2023-03-08 19:52:15,955 INFO [main][StartupInfoLogger.java:55] - Starting XuechengPlusContentServiceApplicationTests on LAPTOP-JE8319QE with PID 14184 (started by joker in D:\FileWork\code\xuecheng\xuecheng-plus-content\xuecheng-plus-content-service)
2023-03-08 19:52:15,972 DEBUG [main][StartupInfoLogger.java:56] - Running with Spring Boot v2.3.7.RELEASE, Spring v5.2.12.RELEASE
2023-03-08 19:52:15,972 DEBUG [main][StartupInfoLogger.java:56] - Running with Spring Boot v2.3.7.RELEASE, Spring v5.2.12.RELEASE
2023-03-08 19:52:15,985 INFO [main][SpringApplication.java:651] - No active profile set, falling back to default profiles: default
2023-03-08 19:52:15,985 INFO [main][SpringApplication.java:651] - No active profile set, falling back to default profiles: default
2023-03-08 19:52:17,150 DEBUG [background-preinit][ValidatorFactoryConfigurationHelper.java:300] - HV000252: Using org.hibernate.validator.internal.engine.DefaultPropertyNodeNameProvider as property node name provider.
2023-03-08 19:52:17,150 DEBUG [background-preinit][ValidatorFactoryConfigurationHelper.java:300] - HV000252: Using org.hibernate.validator.internal.engine.DefaultPropertyNodeNameProvider as property node name provider.
2023-03-08 19:52:17,242 DEBUG [background-preinit][ValidatorFactoryConfigurationHelper.java:375] - HV000234: Using org.hibernate.validator.messageinterpolation.ResourceBundleMessageInterpolator as ValidatorFactory-scoped message interpolator.
2023-03-08 19:52:17,242 DEBUG [background-preinit][ValidatorFactoryConfigurationHelper.java:375] - HV000234: Using org.hibernate.validator.messageinterpolation.ResourceBundleMessageInterpolator as ValidatorFactory-scoped message interpolator.
2023-03-08 19:52:17,248 DEBUG [background-preinit][ValidatorFactoryConfigurationHelper.java:376] - HV000234: Using org.hibernate.validator.internal.engine.resolver.TraverseAllTraversableResolver as ValidatorFactory-scoped traversable resolver.
2023-03-08 19:52:17,248 DEBUG [background-preinit][ValidatorFactoryConfigurationHelper.java:376] - HV000234: Using org.hibernate.validator.internal.engine.resolver.TraverseAllTraversableResolver as ValidatorFactory-scoped traversable resolver.
2023-03-08 19:52:17,251 DEBUG [background-preinit][ValidatorFactoryConfigurationHelper.java:377] - HV000234: Using org.hibernate.validator.internal.util.ExecutableParameterNameProvider as ValidatorFactory-scoped parameter name provider.
2023-03-08 19:52:17,251 DEBUG [background-preinit][ValidatorFactoryConfigurationHelper.java:377] - HV000234: Using org.hibernate.validator.internal.util.ExecutableParameterNameProvider as ValidatorFactory-scoped parameter name provider.
2023-03-08 19:52:17,254 DEBUG [background-preinit][ValidatorFactoryConfigurationHelper.java:378] - HV000234: Using org.hibernate.validator.internal.engine.DefaultClockProvider as ValidatorFactory-scoped clock provider.
2023-03-08 19:52:17,254 DEBUG [background-preinit][ValidatorFactoryConfigurationHelper.java:378] - HV000234: Using org.hibernate.validator.internal.engine.DefaultClockProvider as ValidatorFactory-scoped clock provider.
2023-03-08 19:52:17,263 DEBUG [background-preinit][ValidatorFactoryConfigurationHelper.java:379] - HV000234: Using org.hibernate.validator.internal.engine.scripting.DefaultScriptEvaluatorFactory as ValidatorFactory-scoped script evaluator factory.
2023-03-08 19:52:17,263 DEBUG [background-preinit][ValidatorFactoryConfigurationHelper.java:379] - HV000234: Using org.hibernate.validator.internal.engine.scripting.DefaultScriptEvaluatorFactory as ValidatorFactory-scoped script evaluator factory.
2023-03-08 19:52:21,764 DEBUG [main][LogFactory.java:105] - Logging initialized using 'class org.apache.ibatis.logging.slf4j.Slf4jImpl' adapter.
2023-03-08 19:52:21,764 DEBUG [main][LogFactory.java:105] - Logging initialized using 'class org.apache.ibatis.logging.slf4j.Slf4jImpl' adapter.
2023-03-08 19:52:25,046 DEBUG [main][HikariConfig.java:946] - Driver class com.mysql.cj.jdbc.Driver found in Thread context class loader sun.misc.Launcher$AppClassLoader@18b4aac2
2023-03-08 19:52:25,046 DEBUG [main][HikariConfig.java:946] - Driver class com.mysql.cj.jdbc.Driver found in Thread context class loader sun.misc.Launcher$AppClassLoader@18b4aac2
2023-03-08 19:52:26,744 DEBUG [main][Logger.java:49] - Registered plugin: 'com.baomidou.mybatisplus.extension.plugins.MybatisPlusInterceptor@cb0f763'
2023-03-08 19:52:26,744 DEBUG [main][Logger.java:49] - Registered plugin: 'com.baomidou.mybatisplus.extension.plugins.MybatisPlusInterceptor@cb0f763'
2023-03-08 19:52:26,765 DEBUG [main][Logger.java:49] - Property 'mapperLocations' was not specified.
2023-03-08 19:52:26,765 DEBUG [main][Logger.java:49] - Property 'mapperLocations' was not specified.
2023-03-08 19:52:31,235 DEBUG [main][MybatisConfiguration.java:128] - addMappedStatement: com.xuecheng.content.mapper.CourseBaseMapper.insert
2023-03-08 19:52:31,235 DEBUG [main][MybatisConfiguration.java:128] - addMappedStatement: com.xuecheng.content.mapper.CourseBaseMapper.insert
2023-03-08 19:52:31,296 DEBUG [main][MybatisConfiguration.java:128] - addMappedStatement: com.xuecheng.content.mapper.CourseBaseMapper.delete
2023-03-08 19:52:31,296 DEBUG [main][MybatisConfiguration.java:128] - addMappedStatement: com.xuecheng.content.mapper.CourseBaseMapper.delete
2023-03-08 19:52:31,329 DEBUG [main][MybatisConfiguration.java:128] - addMappedStatement: com.xuecheng.content.mapper.CourseBaseMapper.deleteByMap
2023-03-08 19:52:31,329 DEBUG [main][MybatisConfiguration.java:128] - addMappedStatement: com.xuecheng.content.mapper.CourseBaseMapper.deleteByMap
2023-03-08 19:52:31,585 DEBUG [main][MybatisConfiguration.java:128] - addMappedStatement: com.xuecheng.content.mapper.CourseBaseMapper.deleteById
2023-03-08 19:52:31,585 DEBUG [main][MybatisConfiguration.java:128] - addMappedStatement: com.xuecheng.content.mapper.CourseBaseMapper.deleteById
2023-03-08 19:52:31,600 DEBUG [main][MybatisConfiguration.java:128] - addMappedStatement: com.xuecheng.content.mapper.CourseBaseMapper.deleteBatchIds
2023-03-08 19:52:31,600 DEBUG [main][MybatisConfiguration.java:128] - addMappedStatement: com.xuecheng.content.mapper.CourseBaseMapper.deleteBatchIds
2023-03-08 19:52:31,665 DEBUG [main][MybatisConfiguration.java:128] - addMappedStatement: com.xuecheng.content.mapper.CourseBaseMapper.update
2023-03-08 19:52:31,665 DEBUG [main][MybatisConfiguration.java:128] - addMappedStatement: com.xuecheng.content.mapper.CourseBaseMapper.update
2023-03-08 19:52:31,690 DEBUG [main][MybatisConfiguration.java:128] - addMappedStatement: com.xuecheng.content.mapper.CourseBaseMapper.updateById
2023-03-08 19:52:31,690 DEBUG [main][MybatisConfiguration.java:128] - addMappedStatement: com.xuecheng.content.mapper.CourseBaseMapper.updateById
2023-03-08 19:52:31,702 DEBUG [main][MybatisConfiguration.java:128] - addMappedStatement: com.xuecheng.content.mapper.CourseBaseMapper.selectById
2023-03-08 19:52:31,702 DEBUG [main][MybatisConfiguration.java:128] - addMappedStatement: com.xuecheng.content.mapper.CourseBaseMapper.selectById
2023-03-08 19:52:31,721 DEBUG [main][MybatisConfiguration.java:128] - addMappedStatement: com.xuecheng.content.mapper.CourseBaseMapper.selectBatchIds
2023-03-08 19:52:31,721 DEBUG [main][MybatisConfiguration.java:128] - addMappedStatement: com.xuecheng.content.mapper.CourseBaseMapper.selectBatchIds
2023-03-08 19:52:31,743 DEBUG [main][MybatisConfiguration.java:128] - addMappedStatement: com.xuecheng.content.mapper.CourseBaseMapper.selectByMap
2023-03-08 19:52:31,743 DEBUG [main][MybatisConfiguration.java:128] - addMappedStatement: com.xuecheng.content.mapper.CourseBaseMapper.selectByMap
2023-03-08 19:52:31,772 DEBUG [main][MybatisConfiguration.java:128] - addMappedStatement: com.xuecheng.content.mapper.CourseBaseMapper.selectOne
2023-03-08 19:52:31,772 DEBUG [main][MybatisConfiguration.java:128] - addMappedStatement: com.xuecheng.content.mapper.CourseBaseMapper.selectOne
2023-03-08 19:52:31,810 DEBUG [main][MybatisConfiguration.java:128] - addMappedStatement: com.xuecheng.content.mapper.CourseBaseMapper.selectCount
2023-03-08 19:52:31,810 DEBUG [main][MybatisConfiguration.java:128] - addMappedStatement: com.xuecheng.content.mapper.CourseBaseMapper.selectCount
2023-03-08 19:52:31,849 DEBUG [main][MybatisConfiguration.java:128] - addMappedStatement: com.xuecheng.content.mapper.CourseBaseMapper.selectMaps
2023-03-08 19:52:31,849 DEBUG [main][MybatisConfiguration.java:128] - addMappedStatement: com.xuecheng.content.mapper.CourseBaseMapper.selectMaps
2023-03-08 19:52:31,879 DEBUG [main][MybatisConfiguration.java:128] - addMappedStatement: com.xuecheng.content.mapper.CourseBaseMapper.selectMapsPage
2023-03-08 19:52:31,879 DEBUG [main][MybatisConfiguration.java:128] - addMappedStatement: com.xuecheng.content.mapper.CourseBaseMapper.selectMapsPage
2023-03-08 19:52:31,918 DEBUG [main][MybatisConfiguration.java:128] - addMappedStatement: com.xuecheng.content.mapper.CourseBaseMapper.selectObjs
2023-03-08 19:52:31,918 DEBUG [main][MybatisConfiguration.java:128] - addMappedStatement: com.xuecheng.content.mapper.CourseBaseMapper.selectObjs
2023-03-08 19:52:31,946 DEBUG [main][MybatisConfiguration.java:128] - addMappedStatement: com.xuecheng.content.mapper.CourseBaseMapper.selectList
2023-03-08 19:52:31,946 DEBUG [main][MybatisConfiguration.java:128] - addMappedStatement: com.xuecheng.content.mapper.CourseBaseMapper.selectList
2023-03-08 19:52:31,971 DEBUG [main][MybatisConfiguration.java:128] - addMappedStatement: com.xuecheng.content.mapper.CourseBaseMapper.selectPage
2023-03-08 19:52:31,971 DEBUG [main][MybatisConfiguration.java:128] - addMappedStatement: com.xuecheng.content.mapper.CourseBaseMapper.selectPage
2023-03-08 19:52:32,128 DEBUG [main][MybatisConfiguration.java:128] - addMappedStatement: com.xuecheng.content.mapper.CourseMarketMapper.insert
2023-03-08 19:52:32,128 DEBUG [main][MybatisConfiguration.java:128] - addMappedStatement: com.xuecheng.content.mapper.CourseMarketMapper.insert
2023-03-08 19:52:32,148 DEBUG [main][MybatisConfiguration.java:128] - addMappedStatement: com.xuecheng.content.mapper.CourseMarketMapper.delete
2023-03-08 19:52:32,148 DEBUG [main][MybatisConfiguration.java:128] - addMappedStatement: com.xuecheng.content.mapper.CourseMarketMapper.delete
2023-03-08 19:52:32,167 DEBUG [main][MybatisConfiguration.java:128] - addMappedStatement: com.xuecheng.content.mapper.CourseMarketMapper.deleteByMap
2023-03-08 19:52:32,167 DEBUG [main][MybatisConfiguration.java:128] - addMappedStatement: com.xuecheng.content.mapper.CourseMarketMapper.deleteByMap
2023-03-08 19:52:32,183 DEBUG [main][MybatisConfiguration.java:128] - addMappedStatement: com.xuecheng.content.mapper.CourseMarketMapper.deleteById
2023-03-08 19:52:32,183 DEBUG [main][MybatisConfiguration.java:128] - addMappedStatement: com.xuecheng.content.mapper.CourseMarketMapper.deleteById
2023-03-08 19:52:32,197 DEBUG [main][MybatisConfiguration.java:128] - addMappedStatement: com.xuecheng.content.mapper.CourseMarketMapper.deleteBatchIds
2023-03-08 19:52:32,197 DEBUG [main][MybatisConfiguration.java:128] - addMappedStatement: com.xuecheng.content.mapper.CourseMarketMapper.deleteBatchIds
2023-03-08 19:52:32,215 DEBUG [main][MybatisConfiguration.java:128] - addMappedStatement: com.xuecheng.content.mapper.CourseMarketMapper.update
2023-03-08 19:52:32,215 DEBUG [main][MybatisConfiguration.java:128] - addMappedStatement: com.xuecheng.content.mapper.CourseMarketMapper.update
2023-03-08 19:52:32,236 DEBUG [main][MybatisConfiguration.java:128] - addMappedStatement: com.xuecheng.content.mapper.CourseMarketMapper.updateById
2023-03-08 19:52:32,236 DEBUG [main][MybatisConfiguration.java:128] - addMappedStatement: com.xuecheng.content.mapper.CourseMarketMapper.updateById
2023-03-08 19:52:32,241 DEBUG [main][MybatisConfiguration.java:128] - addMappedStatement: com.xuecheng.content.mapper.CourseMarketMapper.selectById
2023-03-08 19:52:32,241 DEBUG [main][MybatisConfiguration.java:128] - addMappedStatement: com.xuecheng.content.mapper.CourseMarketMapper.selectById
2023-03-08 19:52:32,254 DEBUG [main][MybatisConfiguration.java:128] - addMappedStatement: com.xuecheng.content.mapper.CourseMarketMapper.selectBatchIds
2023-03-08 19:52:32,254 DEBUG [main][MybatisConfiguration.java:128] - addMappedStatement: com.xuecheng.content.mapper.CourseMarketMapper.selectBatchIds
2023-03-08 19:52:32,267 DEBUG [main][MybatisConfiguration.java:128] - addMappedStatement: com.xuecheng.content.mapper.CourseMarketMapper.selectByMap
2023-03-08 19:52:32,267 DEBUG [main][MybatisConfiguration.java:128] - addMappedStatement: com.xuecheng.content.mapper.CourseMarketMapper.selectByMap
2023-03-08 19:52:32,285 DEBUG [main][MybatisConfiguration.java:128] - addMappedStatement: com.xuecheng.content.mapper.CourseMarketMapper.selectOne
2023-03-08 19:52:32,285 DEBUG [main][MybatisConfiguration.java:128] - addMappedStatement: com.xuecheng.content.mapper.CourseMarketMapper.selectOne
2023-03-08 19:52:32,300 DEBUG [main][MybatisConfiguration.java:128] - addMappedStatement: com.xuecheng.content.mapper.CourseMarketMapper.selectCount
2023-03-08 19:52:32,300 DEBUG [main][MybatisConfiguration.java:128] - addMappedStatement: com.xuecheng.content.mapper.CourseMarketMapper.selectCount
2023-03-08 19:52:32,314 DEBUG [main][MybatisConfiguration.java:128] - addMappedStatement: com.xuecheng.content.mapper.CourseMarketMapper.selectMaps
2023-03-08 19:52:32,314 DEBUG [main][MybatisConfiguration.java:128] - addMappedStatement: com.xuecheng.content.mapper.CourseMarketMapper.selectMaps
2023-03-08 19:52:32,322 DEBUG [main][MybatisConfiguration.java:128] - addMappedStatement: com.xuecheng.content.mapper.CourseMarketMapper.selectMapsPage
2023-03-08 19:52:32,322 DEBUG [main][MybatisConfiguration.java:128] - addMappedStatement: com.xuecheng.content.mapper.CourseMarketMapper.selectMapsPage
2023-03-08 19:52:32,333 DEBUG [main][MybatisConfiguration.java:128] - addMappedStatement: com.xuecheng.content.mapper.CourseMarketMapper.selectObjs
2023-03-08 19:52:32,333 DEBUG [main][MybatisConfiguration.java:128] - addMappedStatement: com.xuecheng.content.mapper.CourseMarketMapper.selectObjs
2023-03-08 19:52:32,349 DEBUG [main][MybatisConfiguration.java:128] - addMappedStatement: com.xuecheng.content.mapper.CourseMarketMapper.selectList
2023-03-08 19:52:32,349 DEBUG [main][MybatisConfiguration.java:128] - addMappedStatement: com.xuecheng.content.mapper.CourseMarketMapper.selectList
2023-03-08 19:52:32,354 DEBUG [main][MybatisConfiguration.java:128] - addMappedStatement: com.xuecheng.content.mapper.CourseMarketMapper.selectPage
2023-03-08 19:52:32,354 DEBUG [main][MybatisConfiguration.java:128] - addMappedStatement: com.xuecheng.content.mapper.CourseMarketMapper.selectPage
2023-03-08 19:52:32,389 DEBUG [main][MybatisConfiguration.java:128] - addMappedStatement: com.xuecheng.content.mapper.CourseCategoryMapper.selectTreeNodes
2023-03-08 19:52:32,389 DEBUG [main][MybatisConfiguration.java:128] - addMappedStatement: com.xuecheng.content.mapper.CourseCategoryMapper.selectTreeNodes
2023-03-08 19:52:32,394 DEBUG [main][MybatisConfiguration.java:128] - addMappedStatement: com.xuecheng.content.mapper.CourseCategoryMapper.insert
2023-03-08 19:52:32,394 DEBUG [main][MybatisConfiguration.java:128] - addMappedStatement: com.xuecheng.content.mapper.CourseCategoryMapper.insert
2023-03-08 19:52:32,397 DEBUG [main][MybatisConfiguration.java:128] - addMappedStatement: com.xuecheng.content.mapper.CourseCategoryMapper.delete
2023-03-08 19:52:32,397 DEBUG [main][MybatisConfiguration.java:128] - addMappedStatement: com.xuecheng.content.mapper.CourseCategoryMapper.delete
2023-03-08 19:52:32,399 DEBUG [main][MybatisConfiguration.java:128] - addMappedStatement: com.xuecheng.content.mapper.CourseCategoryMapper.deleteByMap
2023-03-08 19:52:32,399 DEBUG [main][MybatisConfiguration.java:128] - addMappedStatement: com.xuecheng.content.mapper.CourseCategoryMapper.deleteByMap
2023-03-08 19:52:32,402 DEBUG [main][MybatisConfiguration.java:128] - addMappedStatement: com.xuecheng.content.mapper.CourseCategoryMapper.deleteById
2023-03-08 19:52:32,402 DEBUG [main][MybatisConfiguration.java:128] - addMappedStatement: com.xuecheng.content.mapper.CourseCategoryMapper.deleteById
2023-03-08 19:52:32,405 DEBUG [main][MybatisConfiguration.java:128] - addMappedStatement: com.xuecheng.content.mapper.CourseCategoryMapper.deleteBatchIds
2023-03-08 19:52:32,405 DEBUG [main][MybatisConfiguration.java:128] - addMappedStatement: com.xuecheng.content.mapper.CourseCategoryMapper.deleteBatchIds
2023-03-08 19:52:32,409 DEBUG [main][MybatisConfiguration.java:128] - addMappedStatement: com.xuecheng.content.mapper.CourseCategoryMapper.update
2023-03-08 19:52:32,409 DEBUG [main][MybatisConfiguration.java:128] - addMappedStatement: com.xuecheng.content.mapper.CourseCategoryMapper.update
2023-03-08 19:52:32,413 DEBUG [main][MybatisConfiguration.java:128] - addMappedStatement: com.xuecheng.content.mapper.CourseCategoryMapper.updateById
2023-03-08 19:52:32,413 DEBUG [main][MybatisConfiguration.java:128] - addMappedStatement: com.xuecheng.content.mapper.CourseCategoryMapper.updateById
2023-03-08 19:52:32,414 DEBUG [main][MybatisConfiguration.java:128] - addMappedStatement: com.xuecheng.content.mapper.CourseCategoryMapper.selectById
2023-03-08 19:52:32,414 DEBUG [main][MybatisConfiguration.java:128] - addMappedStatement: com.xuecheng.content.mapper.CourseCategoryMapper.selectById
2023-03-08 19:52:32,417 DEBUG [main][MybatisConfiguration.java:128] - addMappedStatement: com.xuecheng.content.mapper.CourseCategoryMapper.selectBatchIds
2023-03-08 19:52:32,417 DEBUG [main][MybatisConfiguration.java:128] - addMappedStatement: com.xuecheng.content.mapper.CourseCategoryMapper.selectBatchIds
2023-03-08 19:52:32,419 DEBUG [main][MybatisConfiguration.java:128] - addMappedStatement: com.xuecheng.content.mapper.CourseCategoryMapper.selectByMap
2023-03-08 19:52:32,419 DEBUG [main][MybatisConfiguration.java:128] - addMappedStatement: com.xuecheng.content.mapper.CourseCategoryMapper.selectByMap
2023-03-08 19:52:32,421 DEBUG [main][MybatisConfiguration.java:128] - addMappedStatement: com.xuecheng.content.mapper.CourseCategoryMapper.selectOne
2023-03-08 19:52:32,421 DEBUG [main][MybatisConfiguration.java:128] - addMappedStatement: com.xuecheng.content.mapper.CourseCategoryMapper.selectOne
2023-03-08 19:52:32,423 DEBUG [main][MybatisConfiguration.java:128] - addMappedStatement: com.xuecheng.content.mapper.CourseCategoryMapper.selectCount
2023-03-08 19:52:32,423 DEBUG [main][MybatisConfiguration.java:128] - addMappedStatement: com.xuecheng.content.mapper.CourseCategoryMapper.selectCount
2023-03-08 19:52:32,426 DEBUG [main][MybatisConfiguration.java:128] - addMappedStatement: com.xuecheng.content.mapper.CourseCategoryMapper.selectMaps
2023-03-08 19:52:32,426 DEBUG [main][MybatisConfiguration.java:128] - addMappedStatement: com.xuecheng.content.mapper.CourseCategoryMapper.selectMaps
2023-03-08 19:52:32,431 DEBUG [main][MybatisConfiguration.java:128] - addMappedStatement: com.xuecheng.content.mapper.CourseCategoryMapper.selectMapsPage
2023-03-08 19:52:32,431 DEBUG [main][MybatisConfiguration.java:128] - addMappedStatement: com.xuecheng.content.mapper.CourseCategoryMapper.selectMapsPage
2023-03-08 19:52:32,436 DEBUG [main][MybatisConfiguration.java:128] - addMappedStatement: com.xuecheng.content.mapper.CourseCategoryMapper.selectObjs
2023-03-08 19:52:32,436 DEBUG [main][MybatisConfiguration.java:128] - addMappedStatement: com.xuecheng.content.mapper.CourseCategoryMapper.selectObjs
2023-03-08 19:52:32,439 DEBUG [main][MybatisConfiguration.java:128] - addMappedStatement: com.xuecheng.content.mapper.CourseCategoryMapper.selectList
2023-03-08 19:52:32,439 DEBUG [main][MybatisConfiguration.java:128] - addMappedStatement: com.xuecheng.content.mapper.CourseCategoryMapper.selectList
2023-03-08 19:52:32,442 DEBUG [main][MybatisConfiguration.java:128] - addMappedStatement: com.xuecheng.content.mapper.CourseCategoryMapper.selectPage
2023-03-08 19:52:32,442 DEBUG [main][MybatisConfiguration.java:128] - addMappedStatement: com.xuecheng.content.mapper.CourseCategoryMapper.selectPage
2023-03-08 19:52:32,522 DEBUG [main][ResourceBundleMessageInterpolator.java:172] - Loaded expression factory via original TCCL
2023-03-08 19:52:32,522 DEBUG [main][ResourceBundleMessageInterpolator.java:172] - Loaded expression factory via original TCCL
2023-03-08 19:52:32,534 DEBUG [main][AbstractConfigurationImpl.java:171] - Setting custom MessageInterpolator of type org.springframework.validation.beanvalidation.LocaleContextMessageInterpolator
2023-03-08 19:52:32,534 DEBUG [main][AbstractConfigurationImpl.java:171] - Setting custom MessageInterpolator of type org.springframework.validation.beanvalidation.LocaleContextMessageInterpolator
2023-03-08 19:52:32,536 DEBUG [main][AbstractConfigurationImpl.java:203] - Setting custom ConstraintValidatorFactory of type org.springframework.validation.beanvalidation.SpringConstraintValidatorFactory
2023-03-08 19:52:32,536 DEBUG [main][AbstractConfigurationImpl.java:203] - Setting custom ConstraintValidatorFactory of type org.springframework.validation.beanvalidation.SpringConstraintValidatorFactory
2023-03-08 19:52:32,537 DEBUG [main][AbstractConfigurationImpl.java:217] - Setting custom ParameterNameProvider of type org.springframework.validation.beanvalidation.LocalValidatorFactoryBean$1
2023-03-08 19:52:32,537 DEBUG [main][AbstractConfigurationImpl.java:217] - Setting custom ParameterNameProvider of type org.springframework.validation.beanvalidation.LocalValidatorFactoryBean$1
2023-03-08 19:52:32,539 DEBUG [main][ValidationXmlParser.java:120] - Trying to load META-INF/validation.xml for XML based Validator configuration.
2023-03-08 19:52:32,539 DEBUG [main][ValidationXmlParser.java:120] - Trying to load META-INF/validation.xml for XML based Validator configuration.
2023-03-08 19:52:32,540 DEBUG [main][ResourceLoaderHelper.java:53] - Trying to load META-INF/validation.xml via user class loader
2023-03-08 19:52:32,540 DEBUG [main][ResourceLoaderHelper.java:53] - Trying to load META-INF/validation.xml via user class loader
2023-03-08 19:52:32,540 DEBUG [main][ResourceLoaderHelper.java:60] - Trying to load META-INF/validation.xml via TCCL
2023-03-08 19:52:32,540 DEBUG [main][ResourceLoaderHelper.java:60] - Trying to load META-INF/validation.xml via TCCL
2023-03-08 19:52:32,541 DEBUG [main][ResourceLoaderHelper.java:66] - Trying to load META-INF/validation.xml via Hibernate Validator's class loader
2023-03-08 19:52:32,541 DEBUG [main][ResourceLoaderHelper.java:66] - Trying to load META-INF/validation.xml via Hibernate Validator's class loader
2023-03-08 19:52:32,542 DEBUG [main][ValidationXmlParser.java:127] - No META-INF/validation.xml found. Using annotation based configuration only.
2023-03-08 19:52:32,542 DEBUG [main][ValidationXmlParser.java:127] - No META-INF/validation.xml found. Using annotation based configuration only.
2023-03-08 19:52:32,543 DEBUG [main][TraversableResolvers.java:60] - Cannot find javax.persistence.Persistence on classpath. Assuming non JPA 2 environment. All properties will per default be traversable.
2023-03-08 19:52:32,543 DEBUG [main][TraversableResolvers.java:60] - Cannot find javax.persistence.Persistence on classpath. Assuming non JPA 2 environment. All properties will per default be traversable.
2023-03-08 19:52:32,545 DEBUG [main][ValidatorFactoryConfigurationHelper.java:300] - HV000252: Using org.hibernate.validator.internal.engine.DefaultPropertyNodeNameProvider as property node name provider.
2023-03-08 19:52:32,545 DEBUG [main][ValidatorFactoryConfigurationHelper.java:300] - HV000252: Using org.hibernate.validator.internal.engine.DefaultPropertyNodeNameProvider as property node name provider.
2023-03-08 19:52:32,546 DEBUG [main][ValidatorFactoryConfigurationHelper.java:375] - HV000234: Using org.springframework.validation.beanvalidation.LocaleContextMessageInterpolator as ValidatorFactory-scoped message interpolator.
2023-03-08 19:52:32,546 DEBUG [main][ValidatorFactoryConfigurationHelper.java:375] - HV000234: Using org.springframework.validation.beanvalidation.LocaleContextMessageInterpolator as ValidatorFactory-scoped message interpolator.
2023-03-08 19:52:32,547 DEBUG [main][ValidatorFactoryConfigurationHelper.java:376] - HV000234: Using org.hibernate.validator.internal.engine.resolver.TraverseAllTraversableResolver as ValidatorFactory-scoped traversable resolver.
2023-03-08 19:52:32,547 DEBUG [main][ValidatorFactoryConfigurationHelper.java:376] - HV000234: Using org.hibernate.validator.internal.engine.resolver.TraverseAllTraversableResolver as ValidatorFactory-scoped traversable resolver.
2023-03-08 19:52:32,547 DEBUG [main][ValidatorFactoryConfigurationHelper.java:377] - HV000234: Using org.hibernate.validator.internal.util.ExecutableParameterNameProvider as ValidatorFactory-scoped parameter name provider.
2023-03-08 19:52:32,547 DEBUG [main][ValidatorFactoryConfigurationHelper.java:377] - HV000234: Using org.hibernate.validator.internal.util.ExecutableParameterNameProvider as ValidatorFactory-scoped parameter name provider.
2023-03-08 19:52:32,548 DEBUG [main][ValidatorFactoryConfigurationHelper.java:378] - HV000234: Using org.hibernate.validator.internal.engine.DefaultClockProvider as ValidatorFactory-scoped clock provider.
2023-03-08 19:52:32,548 DEBUG [main][ValidatorFactoryConfigurationHelper.java:378] - HV000234: Using org.hibernate.validator.internal.engine.DefaultClockProvider as ValidatorFactory-scoped clock provider.
2023-03-08 19:52:32,548 DEBUG [main][ValidatorFactoryConfigurationHelper.java:379] - HV000234: Using org.hibernate.validator.internal.engine.scripting.DefaultScriptEvaluatorFactory as ValidatorFactory-scoped script evaluator factory.
2023-03-08 19:52:32,548 DEBUG [main][ValidatorFactoryConfigurationHelper.java:379] - HV000234: Using org.hibernate.validator.internal.engine.scripting.DefaultScriptEvaluatorFactory as ValidatorFactory-scoped script evaluator factory.
2023-03-08 19:52:33,032 DEBUG [main][MybatisConfiguration.java:128] - addMappedStatement: com.xuecheng.content.mapper.CoursePublishMapper.insert
2023-03-08 19:52:33,032 DEBUG [main][MybatisConfiguration.java:128] - addMappedStatement: com.xuecheng.content.mapper.CoursePublishMapper.insert
2023-03-08 19:52:33,036 DEBUG [main][MybatisConfiguration.java:128] - addMappedStatement: com.xuecheng.content.mapper.CoursePublishMapper.delete
2023-03-08 19:52:33,036 DEBUG [main][MybatisConfiguration.java:128] - addMappedStatement: com.xuecheng.content.mapper.CoursePublishMapper.delete
2023-03-08 19:52:33,039 DEBUG [main][MybatisConfiguration.java:128] - addMappedStatement: com.xuecheng.content.mapper.CoursePublishMapper.deleteByMap
2023-03-08 19:52:33,039 DEBUG [main][MybatisConfiguration.java:128] - addMappedStatement: com.xuecheng.content.mapper.CoursePublishMapper.deleteByMap
2023-03-08 19:52:33,043 DEBUG [main][MybatisConfiguration.java:128] - addMappedStatement: com.xuecheng.content.mapper.CoursePublishMapper.deleteById
2023-03-08 19:52:33,043 DEBUG [main][MybatisConfiguration.java:128] - addMappedStatement: com.xuecheng.content.mapper.CoursePublishMapper.deleteById
2023-03-08 19:52:33,046 DEBUG [main][MybatisConfiguration.java:128] - addMappedStatement: com.xuecheng.content.mapper.CoursePublishMapper.deleteBatchIds
2023-03-08 19:52:33,046 DEBUG [main][MybatisConfiguration.java:128] - addMappedStatement: com.xuecheng.content.mapper.CoursePublishMapper.deleteBatchIds
2023-03-08 19:52:33,052 DEBUG [main][MybatisConfiguration.java:128] - addMappedStatement: com.xuecheng.content.mapper.CoursePublishMapper.update
2023-03-08 19:52:33,052 DEBUG [main][MybatisConfiguration.java:128] - addMappedStatement: com.xuecheng.content.mapper.CoursePublishMapper.update
2023-03-08 19:52:33,060 DEBUG [main][MybatisConfiguration.java:128] - addMappedStatement: com.xuecheng.content.mapper.CoursePublishMapper.updateById
2023-03-08 19:52:33,060 DEBUG [main][MybatisConfiguration.java:128] - addMappedStatement: com.xuecheng.content.mapper.CoursePublishMapper.updateById
2023-03-08 19:52:33,061 DEBUG [main][MybatisConfiguration.java:128] - addMappedStatement: com.xuecheng.content.mapper.CoursePublishMapper.selectById
2023-03-08 19:52:33,061 DEBUG [main][MybatisConfiguration.java:128] - addMappedStatement: com.xuecheng.content.mapper.CoursePublishMapper.selectById
2023-03-08 19:52:33,063 DEBUG [main][MybatisConfiguration.java:128] - addMappedStatement: com.xuecheng.content.mapper.CoursePublishMapper.selectBatchIds
2023-03-08 19:52:33,063 DEBUG [main][MybatisConfiguration.java:128] - addMappedStatement: com.xuecheng.content.mapper.CoursePublishMapper.selectBatchIds
2023-03-08 19:52:33,066 DEBUG [main][MybatisConfiguration.java:128] - addMappedStatement: com.xuecheng.content.mapper.CoursePublishMapper.selectByMap
2023-03-08 19:52:33,066 DEBUG [main][MybatisConfiguration.java:128] - addMappedStatement: com.xuecheng.content.mapper.CoursePublishMapper.selectByMap
2023-03-08 19:52:33,071 DEBUG [main][MybatisConfiguration.java:128] - addMappedStatement: com.xuecheng.content.mapper.CoursePublishMapper.selectOne
2023-03-08 19:52:33,071 DEBUG [main][MybatisConfiguration.java:128] - addMappedStatement: com.xuecheng.content.mapper.CoursePublishMapper.selectOne
2023-03-08 19:52:33,078 DEBUG [main][MybatisConfiguration.java:128] - addMappedStatement: com.xuecheng.content.mapper.CoursePublishMapper.selectCount
2023-03-08 19:52:33,078 DEBUG [main][MybatisConfiguration.java:128] - addMappedStatement: com.xuecheng.content.mapper.CoursePublishMapper.selectCount
2023-03-08 19:52:33,084 DEBUG [main][MybatisConfiguration.java:128] - addMappedStatement: com.xuecheng.content.mapper.CoursePublishMapper.selectMaps
2023-03-08 19:52:33,084 DEBUG [main][MybatisConfiguration.java:128] - addMappedStatement: com.xuecheng.content.mapper.CoursePublishMapper.selectMaps
2023-03-08 19:52:33,089 DEBUG [main][MybatisConfiguration.java:128] - addMappedStatement: com.xuecheng.content.mapper.CoursePublishMapper.selectMapsPage
2023-03-08 19:52:33,089 DEBUG [main][MybatisConfiguration.java:128] - addMappedStatement: com.xuecheng.content.mapper.CoursePublishMapper.selectMapsPage
2023-03-08 19:52:33,094 DEBUG [main][MybatisConfiguration.java:128] - addMappedStatement: com.xuecheng.content.mapper.CoursePublishMapper.selectObjs
2023-03-08 19:52:33,094 DEBUG [main][MybatisConfiguration.java:128] - addMappedStatement: com.xuecheng.content.mapper.CoursePublishMapper.selectObjs
2023-03-08 19:52:33,098 DEBUG [main][MybatisConfiguration.java:128] - addMappedStatement: com.xuecheng.content.mapper.CoursePublishMapper.selectList
2023-03-08 19:52:33,098 DEBUG [main][MybatisConfiguration.java:128] - addMappedStatement: com.xuecheng.content.mapper.CoursePublishMapper.selectList
2023-03-08 19:52:33,106 DEBUG [main][MybatisConfiguration.java:128] - addMappedStatement: com.xuecheng.content.mapper.CoursePublishMapper.selectPage
2023-03-08 19:52:33,106 DEBUG [main][MybatisConfiguration.java:128] - addMappedStatement: com.xuecheng.content.mapper.CoursePublishMapper.selectPage
2023-03-08 19:52:33,133 DEBUG [main][MybatisConfiguration.java:128] - addMappedStatement: com.xuecheng.content.mapper.CoursePublishPreMapper.insert
2023-03-08 19:52:33,133 DEBUG [main][MybatisConfiguration.java:128] - addMappedStatement: com.xuecheng.content.mapper.CoursePublishPreMapper.insert
2023-03-08 19:52:33,140 DEBUG [main][MybatisConfiguration.java:128] - addMappedStatement: com.xuecheng.content.mapper.CoursePublishPreMapper.delete
2023-03-08 19:52:33,140 DEBUG [main][MybatisConfiguration.java:128] - addMappedStatement: com.xuecheng.content.mapper.CoursePublishPreMapper.delete
2023-03-08 19:52:33,147 DEBUG [main][MybatisConfiguration.java:128] - addMappedStatement: com.xuecheng.content.mapper.CoursePublishPreMapper.deleteByMap
2023-03-08 19:52:33,147 DEBUG [main][MybatisConfiguration.java:128] - addMappedStatement: com.xuecheng.content.mapper.CoursePublishPreMapper.deleteByMap
2023-03-08 19:52:33,151 DEBUG [main][MybatisConfiguration.java:128] - addMappedStatement: com.xuecheng.content.mapper.CoursePublishPreMapper.deleteById
2023-03-08 19:52:33,151 DEBUG [main][MybatisConfiguration.java:128] - addMappedStatement: com.xuecheng.content.mapper.CoursePublishPreMapper.deleteById
2023-03-08 19:52:33,154 DEBUG [main][MybatisConfiguration.java:128] - addMappedStatement: com.xuecheng.content.mapper.CoursePublishPreMapper.deleteBatchIds
2023-03-08 19:52:33,154 DEBUG [main][MybatisConfiguration.java:128] - addMappedStatement: com.xuecheng.content.mapper.CoursePublishPreMapper.deleteBatchIds
2023-03-08 19:52:33,160 DEBUG [main][MybatisConfiguration.java:128] - addMappedStatement: com.xuecheng.content.mapper.CoursePublishPreMapper.update
2023-03-08 19:52:33,160 DEBUG [main][MybatisConfiguration.java:128] - addMappedStatement: com.xuecheng.content.mapper.CoursePublishPreMapper.update
2023-03-08 19:52:33,168 DEBUG [main][MybatisConfiguration.java:128] - addMappedStatement: com.xuecheng.content.mapper.CoursePublishPreMapper.updateById
2023-03-08 19:52:33,168 DEBUG [main][MybatisConfiguration.java:128] - addMappedStatement: com.xuecheng.content.mapper.CoursePublishPreMapper.updateById
2023-03-08 19:52:33,170 DEBUG [main][MybatisConfiguration.java:128] - addMappedStatement: com.xuecheng.content.mapper.CoursePublishPreMapper.selectById
2023-03-08 19:52:33,170 DEBUG [main][MybatisConfiguration.java:128] - addMappedStatement: com.xuecheng.content.mapper.CoursePublishPreMapper.selectById
2023-03-08 19:52:33,173 DEBUG [main][MybatisConfiguration.java:128] - addMappedStatement: com.xuecheng.content.mapper.CoursePublishPreMapper.selectBatchIds
2023-03-08 19:52:33,173 DEBUG [main][MybatisConfiguration.java:128] - addMappedStatement: com.xuecheng.content.mapper.CoursePublishPreMapper.selectBatchIds
2023-03-08 19:52:33,177 DEBUG [main][MybatisConfiguration.java:128] - addMappedStatement: com.xuecheng.content.mapper.CoursePublishPreMapper.selectByMap
2023-03-08 19:52:33,177 DEBUG [main][MybatisConfiguration.java:128] - addMappedStatement: com.xuecheng.content.mapper.CoursePublishPreMapper.selectByMap
2023-03-08 19:52:33,182 DEBUG [main][MybatisConfiguration.java:128] - addMappedStatement: com.xuecheng.content.mapper.CoursePublishPreMapper.selectOne
2023-03-08 19:52:33,182 DEBUG [main][MybatisConfiguration.java:128] - addMappedStatement: com.xuecheng.content.mapper.CoursePublishPreMapper.selectOne
2023-03-08 19:52:33,186 DEBUG [main][MybatisConfiguration.java:128] - addMappedStatement: com.xuecheng.content.mapper.CoursePublishPreMapper.selectCount
2023-03-08 19:52:33,186 DEBUG [main][MybatisConfiguration.java:128] - addMappedStatement: com.xuecheng.content.mapper.CoursePublishPreMapper.selectCount
2023-03-08 19:52:33,190 DEBUG [main][MybatisConfiguration.java:128] - addMappedStatement: com.xuecheng.content.mapper.CoursePublishPreMapper.selectMaps
2023-03-08 19:52:33,190 DEBUG [main][MybatisConfiguration.java:128] - addMappedStatement: com.xuecheng.content.mapper.CoursePublishPreMapper.selectMaps
2023-03-08 19:52:33,196 DEBUG [main][MybatisConfiguration.java:128] - addMappedStatement: com.xuecheng.content.mapper.CoursePublishPreMapper.selectMapsPage
2023-03-08 19:52:33,196 DEBUG [main][MybatisConfiguration.java:128] - addMappedStatement: com.xuecheng.content.mapper.CoursePublishPreMapper.selectMapsPage
2023-03-08 19:52:33,203 DEBUG [main][MybatisConfiguration.java:128] - addMappedStatement: com.xuecheng.content.mapper.CoursePublishPreMapper.selectObjs
2023-03-08 19:52:33,203 DEBUG [main][MybatisConfiguration.java:128] - addMappedStatement: com.xuecheng.content.mapper.CoursePublishPreMapper.selectObjs
2023-03-08 19:52:33,214 DEBUG [main][MybatisConfiguration.java:128] - addMappedStatement: com.xuecheng.content.mapper.CoursePublishPreMapper.selectList
2023-03-08 19:52:33,214 DEBUG [main][MybatisConfiguration.java:128] - addMappedStatement: com.xuecheng.content.mapper.CoursePublishPreMapper.selectList
2023-03-08 19:52:33,219 DEBUG [main][MybatisConfiguration.java:128] - addMappedStatement: com.xuecheng.content.mapper.CoursePublishPreMapper.selectPage
2023-03-08 19:52:33,219 DEBUG [main][MybatisConfiguration.java:128] - addMappedStatement: com.xuecheng.content.mapper.CoursePublishPreMapper.selectPage
2023-03-08 19:52:33,235 DEBUG [main][MybatisConfiguration.java:128] - addMappedStatement: com.xuecheng.content.mapper.CourseTeacherMapper.insert
2023-03-08 19:52:33,235 DEBUG [main][MybatisConfiguration.java:128] - addMappedStatement: com.xuecheng.content.mapper.CourseTeacherMapper.insert
2023-03-08 19:52:33,241 DEBUG [main][MybatisConfiguration.java:128] - addMappedStatement: com.xuecheng.content.mapper.CourseTeacherMapper.delete
2023-03-08 19:52:33,241 DEBUG [main][MybatisConfiguration.java:128] - addMappedStatement: com.xuecheng.content.mapper.CourseTeacherMapper.delete
2023-03-08 19:52:33,244 DEBUG [main][MybatisConfiguration.java:128] - addMappedStatement: com.xuecheng.content.mapper.CourseTeacherMapper.deleteByMap
2023-03-08 19:52:33,244 DEBUG [main][MybatisConfiguration.java:128] - addMappedStatement: com.xuecheng.content.mapper.CourseTeacherMapper.deleteByMap
2023-03-08 19:52:33,248 DEBUG [main][MybatisConfiguration.java:128] - addMappedStatement: com.xuecheng.content.mapper.CourseTeacherMapper.deleteById
2023-03-08 19:52:33,248 DEBUG [main][MybatisConfiguration.java:128] - addMappedStatement: com.xuecheng.content.mapper.CourseTeacherMapper.deleteById
2023-03-08 19:52:33,252 DEBUG [main][MybatisConfiguration.java:128] - addMappedStatement: com.xuecheng.content.mapper.CourseTeacherMapper.deleteBatchIds
2023-03-08 19:52:33,252 DEBUG [main][MybatisConfiguration.java:128] - addMappedStatement: com.xuecheng.content.mapper.CourseTeacherMapper.deleteBatchIds
2023-03-08 19:52:33,255 DEBUG [main][MybatisConfiguration.java:128] - addMappedStatement: com.xuecheng.content.mapper.CourseTeacherMapper.update
2023-03-08 19:52:33,255 DEBUG [main][MybatisConfiguration.java:128] - addMappedStatement: com.xuecheng.content.mapper.CourseTeacherMapper.update
2023-03-08 19:52:33,259 DEBUG [main][MybatisConfiguration.java:128] - addMappedStatement: com.xuecheng.content.mapper.CourseTeacherMapper.updateById
2023-03-08 19:52:33,259 DEBUG [main][MybatisConfiguration.java:128] - addMappedStatement: com.xuecheng.content.mapper.CourseTeacherMapper.updateById
2023-03-08 19:52:33,261 DEBUG [main][MybatisConfiguration.java:128] - addMappedStatement: com.xuecheng.content.mapper.CourseTeacherMapper.selectById
2023-03-08 19:52:33,261 DEBUG [main][MybatisConfiguration.java:128] - addMappedStatement: com.xuecheng.content.mapper.CourseTeacherMapper.selectById
2023-03-08 19:52:33,267 DEBUG [main][MybatisConfiguration.java:128] - addMappedStatement: com.xuecheng.content.mapper.CourseTeacherMapper.selectBatchIds
2023-03-08 19:52:33,267 DEBUG [main][MybatisConfiguration.java:128] - addMappedStatement: com.xuecheng.content.mapper.CourseTeacherMapper.selectBatchIds
2023-03-08 19:52:33,270 DEBUG [main][MybatisConfiguration.java:128] - addMappedStatement: com.xuecheng.content.mapper.CourseTeacherMapper.selectByMap
2023-03-08 19:52:33,270 DEBUG [main][MybatisConfiguration.java:128] - addMappedStatement: com.xuecheng.content.mapper.CourseTeacherMapper.selectByMap
2023-03-08 19:52:33,274 DEBUG [main][MybatisConfiguration.java:128] - addMappedStatement: com.xuecheng.content.mapper.CourseTeacherMapper.selectOne
2023-03-08 19:52:33,274 DEBUG [main][MybatisConfiguration.java:128] - addMappedStatement: com.xuecheng.content.mapper.CourseTeacherMapper.selectOne
2023-03-08 19:52:33,278 DEBUG [main][MybatisConfiguration.java:128] - addMappedStatement: com.xuecheng.content.mapper.CourseTeacherMapper.selectCount
2023-03-08 19:52:33,278 DEBUG [main][MybatisConfiguration.java:128] - addMappedStatement: com.xuecheng.content.mapper.CourseTeacherMapper.selectCount
2023-03-08 19:52:33,281 DEBUG [main][MybatisConfiguration.java:128] - addMappedStatement: com.xuecheng.content.mapper.CourseTeacherMapper.selectMaps
2023-03-08 19:52:33,281 DEBUG [main][MybatisConfiguration.java:128] - addMappedStatement: com.xuecheng.content.mapper.CourseTeacherMapper.selectMaps
2023-03-08 19:52:33,285 DEBUG [main][MybatisConfiguration.java:128] - addMappedStatement: com.xuecheng.content.mapper.CourseTeacherMapper.selectMapsPage
2023-03-08 19:52:33,285 DEBUG [main][MybatisConfiguration.java:128] - addMappedStatement: com.xuecheng.content.mapper.CourseTeacherMapper.selectMapsPage
2023-03-08 19:52:33,288 DEBUG [main][MybatisConfiguration.java:128] - addMappedStatement: com.xuecheng.content.mapper.CourseTeacherMapper.selectObjs
2023-03-08 19:52:33,288 DEBUG [main][MybatisConfiguration.java:128] - addMappedStatement: com.xuecheng.content.mapper.CourseTeacherMapper.selectObjs
2023-03-08 19:52:33,296 DEBUG [main][MybatisConfiguration.java:128] - addMappedStatement: com.xuecheng.content.mapper.CourseTeacherMapper.selectList
2023-03-08 19:52:33,296 DEBUG [main][MybatisConfiguration.java:128] - addMappedStatement: com.xuecheng.content.mapper.CourseTeacherMapper.selectList
2023-03-08 19:52:33,303 DEBUG [main][MybatisConfiguration.java:128] - addMappedStatement: com.xuecheng.content.mapper.CourseTeacherMapper.selectPage
2023-03-08 19:52:33,303 DEBUG [main][MybatisConfiguration.java:128] - addMappedStatement: com.xuecheng.content.mapper.CourseTeacherMapper.selectPage
2023-03-08 19:52:33,329 DEBUG [main][MybatisConfiguration.java:128] - addMappedStatement: com.xuecheng.content.mapper.MqMessageHistoryMapper.insert
2023-03-08 19:52:33,329 DEBUG [main][MybatisConfiguration.java:128] - addMappedStatement: com.xuecheng.content.mapper.MqMessageHistoryMapper.insert
2023-03-08 19:52:33,333 DEBUG [main][MybatisConfiguration.java:128] - addMappedStatement: com.xuecheng.content.mapper.MqMessageHistoryMapper.delete
2023-03-08 19:52:33,333 DEBUG [main][MybatisConfiguration.java:128] - addMappedStatement: com.xuecheng.content.mapper.MqMessageHistoryMapper.delete
2023-03-08 19:52:33,336 DEBUG [main][MybatisConfiguration.java:128] - addMappedStatement: com.xuecheng.content.mapper.MqMessageHistoryMapper.deleteByMap
2023-03-08 19:52:33,336 DEBUG [main][MybatisConfiguration.java:128] - addMappedStatement: com.xuecheng.content.mapper.MqMessageHistoryMapper.deleteByMap
2023-03-08 19:52:33,340 DEBUG [main][MybatisConfiguration.java:128] - addMappedStatement: com.xuecheng.content.mapper.MqMessageHistoryMapper.deleteById
2023-03-08 19:52:33,340 DEBUG [main][MybatisConfiguration.java:128] - addMappedStatement: com.xuecheng.content.mapper.MqMessageHistoryMapper.deleteById
2023-03-08 19:52:33,345 DEBUG [main][MybatisConfiguration.java:128] - addMappedStatement: com.xuecheng.content.mapper.MqMessageHistoryMapper.deleteBatchIds
2023-03-08 19:52:33,345 DEBUG [main][MybatisConfiguration.java:128] - addMappedStatement: com.xuecheng.content.mapper.MqMessageHistoryMapper.deleteBatchIds
2023-03-08 19:52:33,352 DEBUG [main][MybatisConfiguration.java:128] - addMappedStatement: com.xuecheng.content.mapper.MqMessageHistoryMapper.update
2023-03-08 19:52:33,352 DEBUG [main][MybatisConfiguration.java:128] - addMappedStatement: com.xuecheng.content.mapper.MqMessageHistoryMapper.update
2023-03-08 19:52:33,363 DEBUG [main][MybatisConfiguration.java:128] - addMappedStatement: com.xuecheng.content.mapper.MqMessageHistoryMapper.updateById
2023-03-08 19:52:33,363 DEBUG [main][MybatisConfiguration.java:128] - addMappedStatement: com.xuecheng.content.mapper.MqMessageHistoryMapper.updateById
2023-03-08 19:52:33,365 DEBUG [main][MybatisConfiguration.java:128] - addMappedStatement: com.xuecheng.content.mapper.MqMessageHistoryMapper.selectById
2023-03-08 19:52:33,365 DEBUG [main][MybatisConfiguration.java:128] - addMappedStatement: com.xuecheng.content.mapper.MqMessageHistoryMapper.selectById
2023-03-08 19:52:33,372 DEBUG [main][MybatisConfiguration.java:128] - addMappedStatement: com.xuecheng.content.mapper.MqMessageHistoryMapper.selectBatchIds
2023-03-08 19:52:33,372 DEBUG [main][MybatisConfiguration.java:128] - addMappedStatement: com.xuecheng.content.mapper.MqMessageHistoryMapper.selectBatchIds
2023-03-08 19:52:33,378 DEBUG [main][MybatisConfiguration.java:128] - addMappedStatement: com.xuecheng.content.mapper.MqMessageHistoryMapper.selectByMap
2023-03-08 19:52:33,378 DEBUG [main][MybatisConfiguration.java:128] - addMappedStatement: com.xuecheng.content.mapper.MqMessageHistoryMapper.selectByMap
2023-03-08 19:52:33,382 DEBUG [main][MybatisConfiguration.java:128] - addMappedStatement: com.xuecheng.content.mapper.MqMessageHistoryMapper.selectOne
2023-03-08 19:52:33,382 DEBUG [main][MybatisConfiguration.java:128] - addMappedStatement: com.xuecheng.content.mapper.MqMessageHistoryMapper.selectOne
2023-03-08 19:52:33,392 DEBUG [main][MybatisConfiguration.java:128] - addMappedStatement: com.xuecheng.content.mapper.MqMessageHistoryMapper.selectCount
2023-03-08 19:52:33,392 DEBUG [main][MybatisConfiguration.java:128] - addMappedStatement: com.xuecheng.content.mapper.MqMessageHistoryMapper.selectCount
2023-03-08 19:52:33,398 DEBUG [main][MybatisConfiguration.java:128] - addMappedStatement: com.xuecheng.content.mapper.MqMessageHistoryMapper.selectMaps
2023-03-08 19:52:33,398 DEBUG [main][MybatisConfiguration.java:128] - addMappedStatement: com.xuecheng.content.mapper.MqMessageHistoryMapper.selectMaps
2023-03-08 19:52:33,401 DEBUG [main][MybatisConfiguration.java:128] - addMappedStatement: com.xuecheng.content.mapper.MqMessageHistoryMapper.selectMapsPage
2023-03-08 19:52:33,401 DEBUG [main][MybatisConfiguration.java:128] - addMappedStatement: com.xuecheng.content.mapper.MqMessageHistoryMapper.selectMapsPage
2023-03-08 19:52:33,405 DEBUG [main][MybatisConfiguration.java:128] - addMappedStatement: com.xuecheng.content.mapper.MqMessageHistoryMapper.selectObjs
2023-03-08 19:52:33,405 DEBUG [main][MybatisConfiguration.java:128] - addMappedStatement: com.xuecheng.content.mapper.MqMessageHistoryMapper.selectObjs
2023-03-08 19:52:33,410 DEBUG [main][MybatisConfiguration.java:128] - addMappedStatement: com.xuecheng.content.mapper.MqMessageHistoryMapper.selectList
2023-03-08 19:52:33,410 DEBUG [main][MybatisConfiguration.java:128] - addMappedStatement: com.xuecheng.content.mapper.MqMessageHistoryMapper.selectList
2023-03-08 19:52:33,419 DEBUG [main][MybatisConfiguration.java:128] - addMappedStatement: com.xuecheng.content.mapper.MqMessageHistoryMapper.selectPage
2023-03-08 19:52:33,419 DEBUG [main][MybatisConfiguration.java:128] - addMappedStatement: com.xuecheng.content.mapper.MqMessageHistoryMapper.selectPage
2023-03-08 19:52:33,441 DEBUG [main][MybatisConfiguration.java:128] - addMappedStatement: com.xuecheng.content.mapper.MqMessageMapper.insert
2023-03-08 19:52:33,441 DEBUG [main][MybatisConfiguration.java:128] - addMappedStatement: com.xuecheng.content.mapper.MqMessageMapper.insert
2023-03-08 19:52:33,449 DEBUG [main][MybatisConfiguration.java:128] - addMappedStatement: com.xuecheng.content.mapper.MqMessageMapper.delete
2023-03-08 19:52:33,449 DEBUG [main][MybatisConfiguration.java:128] - addMappedStatement: com.xuecheng.content.mapper.MqMessageMapper.delete
2023-03-08 19:52:33,454 DEBUG [main][MybatisConfiguration.java:128] - addMappedStatement: com.xuecheng.content.mapper.MqMessageMapper.deleteByMap
2023-03-08 19:52:33,454 DEBUG [main][MybatisConfiguration.java:128] - addMappedStatement: com.xuecheng.content.mapper.MqMessageMapper.deleteByMap
2023-03-08 19:52:33,457 DEBUG [main][MybatisConfiguration.java:128] - addMappedStatement: com.xuecheng.content.mapper.MqMessageMapper.deleteById
2023-03-08 19:52:33,457 DEBUG [main][MybatisConfiguration.java:128] - addMappedStatement: com.xuecheng.content.mapper.MqMessageMapper.deleteById
2023-03-08 19:52:33,461 DEBUG [main][MybatisConfiguration.java:128] - addMappedStatement: com.xuecheng.content.mapper.MqMessageMapper.deleteBatchIds
2023-03-08 19:52:33,461 DEBUG [main][MybatisConfiguration.java:128] - addMappedStatement: com.xuecheng.content.mapper.MqMessageMapper.deleteBatchIds
2023-03-08 19:52:33,465 DEBUG [main][MybatisConfiguration.java:128] - addMappedStatement: com.xuecheng.content.mapper.MqMessageMapper.update
2023-03-08 19:52:33,465 DEBUG [main][MybatisConfiguration.java:128] - addMappedStatement: com.xuecheng.content.mapper.MqMessageMapper.update
2023-03-08 19:52:33,471 DEBUG [main][MybatisConfiguration.java:128] - addMappedStatement: com.xuecheng.content.mapper.MqMessageMapper.updateById
2023-03-08 19:52:33,471 DEBUG [main][MybatisConfiguration.java:128] - addMappedStatement: com.xuecheng.content.mapper.MqMessageMapper.updateById
2023-03-08 19:52:33,473 DEBUG [main][MybatisConfiguration.java:128] - addMappedStatement: com.xuecheng.content.mapper.MqMessageMapper.selectById
2023-03-08 19:52:33,473 DEBUG [main][MybatisConfiguration.java:128] - addMappedStatement: com.xuecheng.content.mapper.MqMessageMapper.selectById
2023-03-08 19:52:33,479 DEBUG [main][MybatisConfiguration.java:128] - addMappedStatement: com.xuecheng.content.mapper.MqMessageMapper.selectBatchIds
2023-03-08 19:52:33,479 DEBUG [main][MybatisConfiguration.java:128] - addMappedStatement: com.xuecheng.content.mapper.MqMessageMapper.selectBatchIds
2023-03-08 19:52:33,482 DEBUG [main][MybatisConfiguration.java:128] - addMappedStatement: com.xuecheng.content.mapper.MqMessageMapper.selectByMap
2023-03-08 19:52:33,482 DEBUG [main][MybatisConfiguration.java:128] - addMappedStatement: com.xuecheng.content.mapper.MqMessageMapper.selectByMap
2023-03-08 19:52:33,485 DEBUG [main][MybatisConfiguration.java:128] - addMappedStatement: com.xuecheng.content.mapper.MqMessageMapper.selectOne
2023-03-08 19:52:33,485 DEBUG [main][MybatisConfiguration.java:128] - addMappedStatement: com.xuecheng.content.mapper.MqMessageMapper.selectOne
2023-03-08 19:52:33,491 DEBUG [main][MybatisConfiguration.java:128] - addMappedStatement: com.xuecheng.content.mapper.MqMessageMapper.selectCount
2023-03-08 19:52:33,491 DEBUG [main][MybatisConfiguration.java:128] - addMappedStatement: com.xuecheng.content.mapper.MqMessageMapper.selectCount
2023-03-08 19:52:33,495 DEBUG [main][MybatisConfiguration.java:128] - addMappedStatement: com.xuecheng.content.mapper.MqMessageMapper.selectMaps
2023-03-08 19:52:33,495 DEBUG [main][MybatisConfiguration.java:128] - addMappedStatement: com.xuecheng.content.mapper.MqMessageMapper.selectMaps
2023-03-08 19:52:33,503 DEBUG [main][MybatisConfiguration.java:128] - addMappedStatement: com.xuecheng.content.mapper.MqMessageMapper.selectMapsPage
2023-03-08 19:52:33,503 DEBUG [main][MybatisConfiguration.java:128] - addMappedStatement: com.xuecheng.content.mapper.MqMessageMapper.selectMapsPage
2023-03-08 19:52:33,512 DEBUG [main][MybatisConfiguration.java:128] - addMappedStatement: com.xuecheng.content.mapper.MqMessageMapper.selectObjs
2023-03-08 19:52:33,512 DEBUG [main][MybatisConfiguration.java:128] - addMappedStatement: com.xuecheng.content.mapper.MqMessageMapper.selectObjs
2023-03-08 19:52:33,517 DEBUG [main][MybatisConfiguration.java:128] - addMappedStatement: com.xuecheng.content.mapper.MqMessageMapper.selectList
2023-03-08 19:52:33,517 DEBUG [main][MybatisConfiguration.java:128] - addMappedStatement: com.xuecheng.content.mapper.MqMessageMapper.selectList
2023-03-08 19:52:33,523 DEBUG [main][MybatisConfiguration.java:128] - addMappedStatement: com.xuecheng.content.mapper.MqMessageMapper.selectPage
2023-03-08 19:52:33,523 DEBUG [main][MybatisConfiguration.java:128] - addMappedStatement: com.xuecheng.content.mapper.MqMessageMapper.selectPage
2023-03-08 19:52:33,552 DEBUG [main][MybatisConfiguration.java:128] - addMappedStatement: com.xuecheng.content.mapper.TeachplanMapper.insert
2023-03-08 19:52:33,552 DEBUG [main][MybatisConfiguration.java:128] - addMappedStatement: com.xuecheng.content.mapper.TeachplanMapper.insert
2023-03-08 19:52:33,562 DEBUG [main][MybatisConfiguration.java:128] - addMappedStatement: com.xuecheng.content.mapper.TeachplanMapper.delete
2023-03-08 19:52:33,562 DEBUG [main][MybatisConfiguration.java:128] - addMappedStatement: com.xuecheng.content.mapper.TeachplanMapper.delete
2023-03-08 19:52:33,577 DEBUG [main][MybatisConfiguration.java:128] - addMappedStatement: com.xuecheng.content.mapper.TeachplanMapper.deleteByMap
2023-03-08 19:52:33,577 DEBUG [main][MybatisConfiguration.java:128] - addMappedStatement: com.xuecheng.content.mapper.TeachplanMapper.deleteByMap
2023-03-08 19:52:33,600 DEBUG [main][MybatisConfiguration.java:128] - addMappedStatement: com.xuecheng.content.mapper.TeachplanMapper.deleteById
2023-03-08 19:52:33,600 DEBUG [main][MybatisConfiguration.java:128] - addMappedStatement: com.xuecheng.content.mapper.TeachplanMapper.deleteById
2023-03-08 19:52:33,620 DEBUG [main][MybatisConfiguration.java:128] - addMappedStatement: com.xuecheng.content.mapper.TeachplanMapper.deleteBatchIds
2023-03-08 19:52:33,620 DEBUG [main][MybatisConfiguration.java:128] - addMappedStatement: com.xuecheng.content.mapper.TeachplanMapper.deleteBatchIds
2023-03-08 19:52:33,650 DEBUG [main][MybatisConfiguration.java:128] - addMappedStatement: com.xuecheng.content.mapper.TeachplanMapper.update
2023-03-08 19:52:33,650 DEBUG [main][MybatisConfiguration.java:128] - addMappedStatement: com.xuecheng.content.mapper.TeachplanMapper.update
2023-03-08 19:52:33,678 DEBUG [main][MybatisConfiguration.java:128] - addMappedStatement: com.xuecheng.content.mapper.TeachplanMapper.updateById
2023-03-08 19:52:33,678 DEBUG [main][MybatisConfiguration.java:128] - addMappedStatement: com.xuecheng.content.mapper.TeachplanMapper.updateById
2023-03-08 19:52:33,684 DEBUG [main][MybatisConfiguration.java:128] - addMappedStatement: com.xuecheng.content.mapper.TeachplanMapper.selectById
2023-03-08 19:52:33,684 DEBUG [main][MybatisConfiguration.java:128] - addMappedStatement: com.xuecheng.content.mapper.TeachplanMapper.selectById
2023-03-08 19:52:33,703 DEBUG [main][MybatisConfiguration.java:128] - addMappedStatement: com.xuecheng.content.mapper.TeachplanMapper.selectBatchIds
2023-03-08 19:52:33,703 DEBUG [main][MybatisConfiguration.java:128] - addMappedStatement: com.xuecheng.content.mapper.TeachplanMapper.selectBatchIds
2023-03-08 19:52:33,721 DEBUG [main][MybatisConfiguration.java:128] - addMappedStatement: com.xuecheng.content.mapper.TeachplanMapper.selectByMap
2023-03-08 19:52:33,721 DEBUG [main][MybatisConfiguration.java:128] - addMappedStatement: com.xuecheng.content.mapper.TeachplanMapper.selectByMap
2023-03-08 19:52:33,753 DEBUG [main][MybatisConfiguration.java:128] - addMappedStatement: com.xuecheng.content.mapper.TeachplanMapper.selectOne
2023-03-08 19:52:33,753 DEBUG [main][MybatisConfiguration.java:128] - addMappedStatement: com.xuecheng.content.mapper.TeachplanMapper.selectOne
2023-03-08 19:52:33,776 DEBUG [main][MybatisConfiguration.java:128] - addMappedStatement: com.xuecheng.content.mapper.TeachplanMapper.selectCount
2023-03-08 19:52:33,776 DEBUG [main][MybatisConfiguration.java:128] - addMappedStatement: com.xuecheng.content.mapper.TeachplanMapper.selectCount
2023-03-08 19:52:33,822 DEBUG [main][MybatisConfiguration.java:128] - addMappedStatement: com.xuecheng.content.mapper.TeachplanMapper.selectMaps
2023-03-08 19:52:33,822 DEBUG [main][MybatisConfiguration.java:128] - addMappedStatement: com.xuecheng.content.mapper.TeachplanMapper.selectMaps
2023-03-08 19:52:33,843 DEBUG [main][MybatisConfiguration.java:128] - addMappedStatement: com.xuecheng.content.mapper.TeachplanMapper.selectMapsPage
2023-03-08 19:52:33,843 DEBUG [main][MybatisConfiguration.java:128] - addMappedStatement: com.xuecheng.content.mapper.TeachplanMapper.selectMapsPage
2023-03-08 19:52:33,866 DEBUG [main][MybatisConfiguration.java:128] - addMappedStatement: com.xuecheng.content.mapper.TeachplanMapper.selectObjs
2023-03-08 19:52:33,866 DEBUG [main][MybatisConfiguration.java:128] - addMappedStatement: com.xuecheng.content.mapper.TeachplanMapper.selectObjs
2023-03-08 19:52:33,886 DEBUG [main][MybatisConfiguration.java:128] - addMappedStatement: com.xuecheng.content.mapper.TeachplanMapper.selectList
2023-03-08 19:52:33,886 DEBUG [main][MybatisConfiguration.java:128] - addMappedStatement: com.xuecheng.content.mapper.TeachplanMapper.selectList
2023-03-08 19:52:33,906 DEBUG [main][MybatisConfiguration.java:128] - addMappedStatement: com.xuecheng.content.mapper.TeachplanMapper.selectPage
2023-03-08 19:52:33,906 DEBUG [main][MybatisConfiguration.java:128] - addMappedStatement: com.xuecheng.content.mapper.TeachplanMapper.selectPage
2023-03-08 19:52:34,034 DEBUG [main][MybatisConfiguration.java:128] - addMappedStatement: com.xuecheng.content.mapper.TeachplanMediaMapper.insert
2023-03-08 19:52:34,034 DEBUG [main][MybatisConfiguration.java:128] - addMappedStatement: com.xuecheng.content.mapper.TeachplanMediaMapper.insert
2023-03-08 19:52:34,056 DEBUG [main][MybatisConfiguration.java:128] - addMappedStatement: com.xuecheng.content.mapper.TeachplanMediaMapper.delete
2023-03-08 19:52:34,056 DEBUG [main][MybatisConfiguration.java:128] - addMappedStatement: com.xuecheng.content.mapper.TeachplanMediaMapper.delete
2023-03-08 19:52:34,078 DEBUG [main][MybatisConfiguration.java:128] - addMappedStatement: com.xuecheng.content.mapper.TeachplanMediaMapper.deleteByMap
2023-03-08 19:52:34,078 DEBUG [main][MybatisConfiguration.java:128] - addMappedStatement: com.xuecheng.content.mapper.TeachplanMediaMapper.deleteByMap
2023-03-08 19:52:34,101 DEBUG [main][MybatisConfiguration.java:128] - addMappedStatement: com.xuecheng.content.mapper.TeachplanMediaMapper.deleteById
2023-03-08 19:52:34,101 DEBUG [main][MybatisConfiguration.java:128] - addMappedStatement: com.xuecheng.content.mapper.TeachplanMediaMapper.deleteById
2023-03-08 19:52:34,117 DEBUG [main][MybatisConfiguration.java:128] - addMappedStatement: com.xuecheng.content.mapper.TeachplanMediaMapper.deleteBatchIds
2023-03-08 19:52:34,117 DEBUG [main][MybatisConfiguration.java:128] - addMappedStatement: com.xuecheng.content.mapper.TeachplanMediaMapper.deleteBatchIds
2023-03-08 19:52:34,137 DEBUG [main][MybatisConfiguration.java:128] - addMappedStatement: com.xuecheng.content.mapper.TeachplanMediaMapper.update
2023-03-08 19:52:34,137 DEBUG [main][MybatisConfiguration.java:128] - addMappedStatement: com.xuecheng.content.mapper.TeachplanMediaMapper.update
2023-03-08 19:52:34,152 DEBUG [main][MybatisConfiguration.java:128] - addMappedStatement: com.xuecheng.content.mapper.TeachplanMediaMapper.updateById
2023-03-08 19:52:34,152 DEBUG [main][MybatisConfiguration.java:128] - addMappedStatement: com.xuecheng.content.mapper.TeachplanMediaMapper.updateById
2023-03-08 19:52:34,157 DEBUG [main][MybatisConfiguration.java:128] - addMappedStatement: com.xuecheng.content.mapper.TeachplanMediaMapper.selectById
2023-03-08 19:52:34,157 DEBUG [main][MybatisConfiguration.java:128] - addMappedStatement: com.xuecheng.content.mapper.TeachplanMediaMapper.selectById
2023-03-08 19:52:34,169 DEBUG [main][MybatisConfiguration.java:128] - addMappedStatement: com.xuecheng.content.mapper.TeachplanMediaMapper.selectBatchIds
2023-03-08 19:52:34,169 DEBUG [main][MybatisConfiguration.java:128] - addMappedStatement: com.xuecheng.content.mapper.TeachplanMediaMapper.selectBatchIds
2023-03-08 19:52:34,183 DEBUG [main][MybatisConfiguration.java:128] - addMappedStatement: com.xuecheng.content.mapper.TeachplanMediaMapper.selectByMap
2023-03-08 19:52:34,183 DEBUG [main][MybatisConfiguration.java:128] - addMappedStatement: com.xuecheng.content.mapper.TeachplanMediaMapper.selectByMap
2023-03-08 19:52:34,200 DEBUG [main][MybatisConfiguration.java:128] - addMappedStatement: com.xuecheng.content.mapper.TeachplanMediaMapper.selectOne
2023-03-08 19:52:34,200 DEBUG [main][MybatisConfiguration.java:128] - addMappedStatement: com.xuecheng.content.mapper.TeachplanMediaMapper.selectOne
2023-03-08 19:52:34,216 DEBUG [main][MybatisConfiguration.java:128] - addMappedStatement: com.xuecheng.content.mapper.TeachplanMediaMapper.selectCount
2023-03-08 19:52:34,216 DEBUG [main][MybatisConfiguration.java:128] - addMappedStatement: com.xuecheng.content.mapper.TeachplanMediaMapper.selectCount
2023-03-08 19:52:34,241 DEBUG [main][MybatisConfiguration.java:128] - addMappedStatement: com.xuecheng.content.mapper.TeachplanMediaMapper.selectMaps
2023-03-08 19:52:34,241 DEBUG [main][MybatisConfiguration.java:128] - addMappedStatement: com.xuecheng.content.mapper.TeachplanMediaMapper.selectMaps
2023-03-08 19:52:34,261 DEBUG [main][MybatisConfiguration.java:128] - addMappedStatement: com.xuecheng.content.mapper.TeachplanMediaMapper.selectMapsPage
2023-03-08 19:52:34,261 DEBUG [main][MybatisConfiguration.java:128] - addMappedStatement: com.xuecheng.content.mapper.TeachplanMediaMapper.selectMapsPage
2023-03-08 19:52:34,284 DEBUG [main][MybatisConfiguration.java:128] - addMappedStatement: com.xuecheng.content.mapper.TeachplanMediaMapper.selectObjs
2023-03-08 19:52:34,284 DEBUG [main][MybatisConfiguration.java:128] - addMappedStatement: com.xuecheng.content.mapper.TeachplanMediaMapper.selectObjs
2023-03-08 19:52:34,305 DEBUG [main][MybatisConfiguration.java:128] - addMappedStatement: com.xuecheng.content.mapper.TeachplanMediaMapper.selectList
2023-03-08 19:52:34,305 DEBUG [main][MybatisConfiguration.java:128] - addMappedStatement: com.xuecheng.content.mapper.TeachplanMediaMapper.selectList
2023-03-08 19:52:34,324 DEBUG [main][MybatisConfiguration.java:128] - addMappedStatement: com.xuecheng.content.mapper.TeachplanMediaMapper.selectPage
2023-03-08 19:52:34,324 DEBUG [main][MybatisConfiguration.java:128] - addMappedStatement: com.xuecheng.content.mapper.TeachplanMediaMapper.selectPage
2023-03-08 19:52:34,496 INFO [main][StartupInfoLogger.java:61] - Started XuechengPlusContentServiceApplicationTests in 22.661 seconds (JVM running for 29.751)
2023-03-08 19:52:34,496 INFO [main][StartupInfoLogger.java:61] - Started XuechengPlusContentServiceApplicationTests in 22.661 seconds (JVM running for 29.751)
2023-03-08 19:52:34,925 DEBUG [main][HikariConfig.java:1066] - HikariPool-1 - configuration:
2023-03-08 19:52:34,925 DEBUG [main][HikariConfig.java:1066] - HikariPool-1 - configuration:
2023-03-08 19:52:34,928 DEBUG [main][HikariConfig.java:1098] - allowPoolSuspension.............false
2023-03-08 19:52:34,928 DEBUG [main][HikariConfig.java:1098] - allowPoolSuspension.............false
2023-03-08 19:52:34,928 DEBUG [main][HikariConfig.java:1098] - autoCommit......................true
2023-03-08 19:52:34,928 DEBUG [main][HikariConfig.java:1098] - autoCommit......................true
2023-03-08 19:52:34,929 DEBUG [main][HikariConfig.java:1098] - catalog.........................none
2023-03-08 19:52:34,929 DEBUG [main][HikariConfig.java:1098] - catalog.........................none
2023-03-08 19:52:34,929 DEBUG [main][HikariConfig.java:1098] - connectionInitSql...............none
2023-03-08 19:52:34,929 DEBUG [main][HikariConfig.java:1098] - connectionInitSql...............none
2023-03-08 19:52:34,929 DEBUG [main][HikariConfig.java:1098] - connectionTestQuery.............none
2023-03-08 19:52:34,929 DEBUG [main][HikariConfig.java:1098] - connectionTestQuery.............none
2023-03-08 19:52:34,930 DEBUG [main][HikariConfig.java:1098] - connectionTimeout...............30000
2023-03-08 19:52:34,930 DEBUG [main][HikariConfig.java:1098] - connectionTimeout...............30000
2023-03-08 19:52:34,930 DEBUG [main][HikariConfig.java:1098] - dataSource......................none
2023-03-08 19:52:34,930 DEBUG [main][HikariConfig.java:1098] - dataSource......................none
2023-03-08 19:52:34,930 DEBUG [main][HikariConfig.java:1098] - dataSourceClassName.............none
2023-03-08 19:52:34,930 DEBUG [main][HikariConfig.java:1098] - dataSourceClassName.............none
2023-03-08 19:52:34,930 DEBUG [main][HikariConfig.java:1098] - dataSourceJNDI..................none
2023-03-08 19:52:34,930 DEBUG [main][HikariConfig.java:1098] - dataSourceJNDI..................none
2023-03-08 19:52:34,931 DEBUG [main][HikariConfig.java:1098] - dataSourceProperties............{password=<masked>}
2023-03-08 19:52:34,931 DEBUG [main][HikariConfig.java:1098] - dataSourceProperties............{password=<masked>}
2023-03-08 19:52:34,931 DEBUG [main][HikariConfig.java:1098] - driverClassName................."com.mysql.cj.jdbc.Driver"
2023-03-08 19:52:34,931 DEBUG [main][HikariConfig.java:1098] - driverClassName................."com.mysql.cj.jdbc.Driver"
2023-03-08 19:52:34,931 DEBUG [main][HikariConfig.java:1098] - exceptionOverrideClassName......none
2023-03-08 19:52:34,931 DEBUG [main][HikariConfig.java:1098] - exceptionOverrideClassName......none
2023-03-08 19:52:34,931 DEBUG [main][HikariConfig.java:1098] - healthCheckProperties...........{}
2023-03-08 19:52:34,931 DEBUG [main][HikariConfig.java:1098] - healthCheckProperties...........{}
2023-03-08 19:52:34,932 DEBUG [main][HikariConfig.java:1098] - healthCheckRegistry.............none
2023-03-08 19:52:34,932 DEBUG [main][HikariConfig.java:1098] - healthCheckRegistry.............none
2023-03-08 19:52:34,932 DEBUG [main][HikariConfig.java:1098] - idleTimeout.....................600000
2023-03-08 19:52:34,932 DEBUG [main][HikariConfig.java:1098] - idleTimeout.....................600000
2023-03-08 19:52:34,932 DEBUG [main][HikariConfig.java:1098] - initializationFailTimeout.......1
2023-03-08 19:52:34,932 DEBUG [main][HikariConfig.java:1098] - initializationFailTimeout.......1
2023-03-08 19:52:34,933 DEBUG [main][HikariConfig.java:1098] - isolateInternalQueries..........false
2023-03-08 19:52:34,933 DEBUG [main][HikariConfig.java:1098] - isolateInternalQueries..........false
2023-03-08 19:52:34,933 DEBUG [main][HikariConfig.java:1098] - jdbcUrl.........................jdbc:mysql://localhost:3306/content?serverTimezone=UTC&userUnicode=true&useSSL=false&
2023-03-08 19:52:34,933 DEBUG [main][HikariConfig.java:1098] - jdbcUrl.........................jdbc:mysql://localhost:3306/content?serverTimezone=UTC&userUnicode=true&useSSL=false&
2023-03-08 19:52:34,933 DEBUG [main][HikariConfig.java:1098] - leakDetectionThreshold..........0
2023-03-08 19:52:34,933 DEBUG [main][HikariConfig.java:1098] - leakDetectionThreshold..........0
2023-03-08 19:52:34,933 DEBUG [main][HikariConfig.java:1098] - maxLifetime.....................1800000
2023-03-08 19:52:34,933 DEBUG [main][HikariConfig.java:1098] - maxLifetime.....................1800000
2023-03-08 19:52:34,934 DEBUG [main][HikariConfig.java:1098] - maximumPoolSize.................10
2023-03-08 19:52:34,934 DEBUG [main][HikariConfig.java:1098] - maximumPoolSize.................10
2023-03-08 19:52:34,934 DEBUG [main][HikariConfig.java:1098] - metricRegistry..................none
2023-03-08 19:52:34,934 DEBUG [main][HikariConfig.java:1098] - metricRegistry..................none
2023-03-08 19:52:34,934 DEBUG [main][HikariConfig.java:1098] - metricsTrackerFactory...........none
2023-03-08 19:52:34,934 DEBUG [main][HikariConfig.java:1098] - metricsTrackerFactory...........none
2023-03-08 19:52:34,935 DEBUG [main][HikariConfig.java:1098] - minimumIdle.....................10
2023-03-08 19:52:34,935 DEBUG [main][HikariConfig.java:1098] - minimumIdle.....................10
2023-03-08 19:52:34,935 DEBUG [main][HikariConfig.java:1098] - password........................<masked>
2023-03-08 19:52:34,935 DEBUG [main][HikariConfig.java:1098] - password........................<masked>
2023-03-08 19:52:34,935 DEBUG [main][HikariConfig.java:1098] - poolName........................"HikariPool-1"
2023-03-08 19:52:34,935 DEBUG [main][HikariConfig.java:1098] - poolName........................"HikariPool-1"
2023-03-08 19:52:34,935 DEBUG [main][HikariConfig.java:1098] - readOnly........................false
2023-03-08 19:52:34,935 DEBUG [main][HikariConfig.java:1098] - readOnly........................false
2023-03-08 19:52:34,935 DEBUG [main][HikariConfig.java:1098] - registerMbeans..................false
2023-03-08 19:52:34,935 DEBUG [main][HikariConfig.java:1098] - registerMbeans..................false
2023-03-08 19:52:34,936 DEBUG [main][HikariConfig.java:1098] - scheduledExecutor...............none
2023-03-08 19:52:34,936 DEBUG [main][HikariConfig.java:1098] - scheduledExecutor...............none
2023-03-08 19:52:34,936 DEBUG [main][HikariConfig.java:1098] - schema..........................none
2023-03-08 19:52:34,936 DEBUG [main][HikariConfig.java:1098] - schema..........................none
2023-03-08 19:52:34,936 DEBUG [main][HikariConfig.java:1098] - threadFactory...................internal
2023-03-08 19:52:34,936 DEBUG [main][HikariConfig.java:1098] - threadFactory...................internal
2023-03-08 19:52:34,936 DEBUG [main][HikariConfig.java:1098] - transactionIsolation............default
2023-03-08 19:52:34,936 DEBUG [main][HikariConfig.java:1098] - transactionIsolation............default
2023-03-08 19:52:34,937 DEBUG [main][HikariConfig.java:1098] - username........................"root"
2023-03-08 19:52:34,937 DEBUG [main][HikariConfig.java:1098] - username........................"root"
2023-03-08 19:52:34,937 DEBUG [main][HikariConfig.java:1098] - validationTimeout...............5000
2023-03-08 19:52:34,937 DEBUG [main][HikariConfig.java:1098] - validationTimeout...............5000
2023-03-08 19:52:34,937 INFO [main][HikariDataSource.java:110] - HikariPool-1 - Starting...
2023-03-08 19:52:34,937 INFO [main][HikariDataSource.java:110] - HikariPool-1 - Starting...
2023-03-08 19:52:35,173 DEBUG [main][HikariPool.java:564] - HikariPool-1 - Added connection com.mysql.cj.jdbc.ConnectionImpl@5984feef
2023-03-08 19:52:35,173 DEBUG [main][HikariPool.java:564] - HikariPool-1 - Added connection com.mysql.cj.jdbc.ConnectionImpl@5984feef
2023-03-08 19:52:35,176 INFO [main][HikariDataSource.java:123] - HikariPool-1 - Start completed.
2023-03-08 19:52:35,176 INFO [main][HikariDataSource.java:123] - HikariPool-1 - Start completed.
2023-03-08 19:52:35,184 DEBUG [main][BaseJdbcLogger.java:137] - ==>  Preparing: with recursive t1 as ( select * from course_category p where id= ? union all select t.* from course_category t inner join t1 on t1.id = t.parentid ) select * from t1 order by t1.id, t1.orderby
2023-03-08 19:52:35,184 DEBUG [main][BaseJdbcLogger.java:137] - ==>  Preparing: with recursive t1 as ( select * from course_category p where id= ? union all select t.* from course_category t inner join t1 on t1.id = t.parentid ) select * from t1 order by t1.id, t1.orderby
2023-03-08 19:52:35,213 DEBUG [main][BaseJdbcLogger.java:137] - ==> Parameters: 1(String)
2023-03-08 19:52:35,213 DEBUG [main][BaseJdbcLogger.java:137] - ==> Parameters: 1(String)
2023-03-08 19:52:35,269 DEBUG [main][BaseJdbcLogger.java:137] - <==      Total: 144
2023-03-08 19:52:35,269 DEBUG [main][BaseJdbcLogger.java:137] - <==      Total: 144
2023-03-08 19:52:35,277 DEBUG [HikariPool-1 housekeeper][HikariPool.java:421] - HikariPool-1 - Pool stats (total=1, active=1, idle=0, waiting=0)
2023-03-08 19:52:35,277 DEBUG [HikariPool-1 housekeeper][HikariPool.java:421] - HikariPool-1 - Pool stats (total=1, active=1, idle=0, waiting=0)
2023-03-08 19:52:35,284 DEBUG [HikariPool-1 connection adder][HikariPool.java:728] - HikariPool-1 - Added connection com.mysql.cj.jdbc.ConnectionImpl@682c423d
2023-03-08 19:52:35,284 DEBUG [HikariPool-1 connection adder][HikariPool.java:728] - HikariPool-1 - Added connection com.mysql.cj.jdbc.ConnectionImpl@682c423d
2023-03-08 19:52:35,289 DEBUG [HikariPool-1 connection adder][HikariPool.java:728] - HikariPool-1 - Added connection com.mysql.cj.jdbc.ConnectionImpl@29114806
2023-03-08 19:52:35,289 DEBUG [HikariPool-1 connection adder][HikariPool.java:728] - HikariPool-1 - Added connection com.mysql.cj.jdbc.ConnectionImpl@29114806
2023-03-08 19:52:35,294 DEBUG [HikariPool-1 connection adder][HikariPool.java:728] - HikariPool-1 - Added connection com.mysql.cj.jdbc.ConnectionImpl@1872074b
2023-03-08 19:52:35,294 DEBUG [HikariPool-1 connection adder][HikariPool.java:728] - HikariPool-1 - Added connection com.mysql.cj.jdbc.ConnectionImpl@1872074b
2023-03-08 19:52:35,300 DEBUG [HikariPool-1 connection adder][HikariPool.java:728] - HikariPool-1 - Added connection com.mysql.cj.jdbc.ConnectionImpl@493eb749
2023-03-08 19:52:35,300 DEBUG [HikariPool-1 connection adder][HikariPool.java:728] - HikariPool-1 - Added connection com.mysql.cj.jdbc.ConnectionImpl@493eb749
2023-03-08 19:52:35,306 DEBUG [HikariPool-1 connection adder][HikariPool.java:728] - HikariPool-1 - Added connection com.mysql.cj.jdbc.ConnectionImpl@7f91c436
2023-03-08 19:52:35,306 DEBUG [HikariPool-1 connection adder][HikariPool.java:728] - HikariPool-1 - Added connection com.mysql.cj.jdbc.ConnectionImpl@7f91c436
2023-03-08 19:52:35,309 INFO [SpringContextShutdownHook][HikariDataSource.java:350] - HikariPool-1 - Shutdown initiated...
2023-03-08 19:52:35,309 INFO [SpringContextShutdownHook][HikariDataSource.java:350] - HikariPool-1 - Shutdown initiated...
2023-03-08 19:52:35,310 DEBUG [SpringContextShutdownHook][HikariPool.java:421] - HikariPool-1 - Before shutdown stats (total=6, active=0, idle=6, waiting=0)
2023-03-08 19:52:35,310 DEBUG [SpringContextShutdownHook][HikariPool.java:421] - HikariPool-1 - Before shutdown stats (total=6, active=0, idle=6, waiting=0)
2023-03-08 19:52:35,311 DEBUG [HikariPool-1 connection closer][PoolBase.java:134] - HikariPool-1 - Closing connection com.mysql.cj.jdbc.ConnectionImpl@5984feef: (connection evicted)
2023-03-08 19:52:35,311 DEBUG [HikariPool-1 connection closer][PoolBase.java:134] - HikariPool-1 - Closing connection com.mysql.cj.jdbc.ConnectionImpl@5984feef: (connection evicted)
2023-03-08 19:52:35,313 DEBUG [HikariPool-1 connection adder][HikariPool.java:728] - HikariPool-1 - Added connection com.mysql.cj.jdbc.ConnectionImpl@4d700ac6
2023-03-08 19:52:35,313 DEBUG [HikariPool-1 connection adder][HikariPool.java:728] - HikariPool-1 - Added connection com.mysql.cj.jdbc.ConnectionImpl@4d700ac6
2023-03-08 19:52:35,319 DEBUG [HikariPool-1 connection closer][PoolBase.java:134] - HikariPool-1 - Closing connection com.mysql.cj.jdbc.ConnectionImpl@682c423d: (connection evicted)
2023-03-08 19:52:35,319 DEBUG [HikariPool-1 connection closer][PoolBase.java:134] - HikariPool-1 - Closing connection com.mysql.cj.jdbc.ConnectionImpl@682c423d: (connection evicted)
2023-03-08 19:52:35,320 DEBUG [HikariPool-1 connection closer][PoolBase.java:134] - HikariPool-1 - Closing connection com.mysql.cj.jdbc.ConnectionImpl@29114806: (connection evicted)
2023-03-08 19:52:35,320 DEBUG [HikariPool-1 connection closer][PoolBase.java:134] - HikariPool-1 - Closing connection com.mysql.cj.jdbc.ConnectionImpl@29114806: (connection evicted)
2023-03-08 19:52:35,320 DEBUG [HikariPool-1 connection closer][PoolBase.java:134] - HikariPool-1 - Closing connection com.mysql.cj.jdbc.ConnectionImpl@1872074b: (connection evicted)
2023-03-08 19:52:35,320 DEBUG [HikariPool-1 connection closer][PoolBase.java:134] - HikariPool-1 - Closing connection com.mysql.cj.jdbc.ConnectionImpl@1872074b: (connection evicted)
2023-03-08 19:52:35,321 DEBUG [HikariPool-1 connection closer][PoolBase.java:134] - HikariPool-1 - Closing connection com.mysql.cj.jdbc.ConnectionImpl@493eb749: (connection evicted)
2023-03-08 19:52:35,321 DEBUG [HikariPool-1 connection closer][PoolBase.java:134] - HikariPool-1 - Closing connection com.mysql.cj.jdbc.ConnectionImpl@493eb749: (connection evicted)
2023-03-08 19:52:35,321 DEBUG [HikariPool-1 connection closer][PoolBase.java:134] - HikariPool-1 - Closing connection com.mysql.cj.jdbc.ConnectionImpl@7f91c436: (connection evicted)
2023-03-08 19:52:35,321 DEBUG [HikariPool-1 connection closer][PoolBase.java:134] - HikariPool-1 - Closing connection com.mysql.cj.jdbc.ConnectionImpl@7f91c436: (connection evicted)
2023-03-08 19:52:35,322 DEBUG [HikariPool-1 connection closer][PoolBase.java:134] - HikariPool-1 - Closing connection com.mysql.cj.jdbc.ConnectionImpl@4d700ac6: (connection evicted)
2023-03-08 19:52:35,322 DEBUG [HikariPool-1 connection closer][PoolBase.java:134] - HikariPool-1 - Closing connection com.mysql.cj.jdbc.ConnectionImpl@4d700ac6: (connection evicted)
2023-03-08 19:52:35,322 DEBUG [SpringContextShutdownHook][HikariPool.java:421] - HikariPool-1 - After shutdown stats (total=0, active=0, idle=0, waiting=0)
2023-03-08 19:52:35,322 DEBUG [SpringContextShutdownHook][HikariPool.java:421] - HikariPool-1 - After shutdown stats (total=0, active=0, idle=0, waiting=0)
2023-03-08 19:52:35,322 INFO [SpringContextShutdownHook][HikariDataSource.java:352] - HikariPool-1 - Shutdown completed.
2023-03-08 19:52:35,322 INFO [SpringContextShutdownHook][HikariDataSource.java:352] - HikariPool-1 - Shutdown completed.
