2023-03-07 14:14:46,595 DEBUG [background-preinit][LoggerProviders.java:152] - Logging Provider: org.jboss.logging.Log4j2LoggerProvider
2023-03-07 14:14:46,595 DEBUG [background-preinit][LoggerProviders.java:152] - Logging Provider: org.jboss.logging.Log4j2LoggerProvider
2023-03-07 14:14:46,607 INFO [background-preinit][Version.java:21] - HV000001: Hibernate Validator 6.1.6.Final
2023-03-07 14:14:46,607 INFO [background-preinit][Version.java:21] - HV000001: Hibernate Validator 6.1.6.Final
2023-03-07 14:14:46,616 DEBUG [background-preinit][ValidationXmlParser.java:120] - Trying to load META-INF/validation.xml for XML based Validator configuration.
2023-03-07 14:14:46,616 DEBUG [background-preinit][ValidationXmlParser.java:120] - Trying to load META-INF/validation.xml for XML based Validator configuration.
2023-03-07 14:14:46,618 DEBUG [background-preinit][ResourceLoaderHelper.java:60] - Trying to load META-INF/validation.xml via TCCL
2023-03-07 14:14:46,618 DEBUG [background-preinit][ResourceLoaderHelper.java:60] - Trying to load META-INF/validation.xml via TCCL
2023-03-07 14:14:46,618 DEBUG [background-preinit][ResourceLoaderHelper.java:66] - Trying to load META-INF/validation.xml via Hibernate Validator's class loader
2023-03-07 14:14:46,618 DEBUG [background-preinit][ResourceLoaderHelper.java:66] - Trying to load META-INF/validation.xml via Hibernate Validator's class loader
2023-03-07 14:14:46,619 DEBUG [background-preinit][ValidationXmlParser.java:127] - No META-INF/validation.xml found. Using annotation based configuration only.
2023-03-07 14:14:46,619 DEBUG [background-preinit][ValidationXmlParser.java:127] - No META-INF/validation.xml found. Using annotation based configuration only.
2023-03-07 14:14:46,623 DEBUG [background-preinit][TraversableResolvers.java:60] - Cannot find javax.persistence.Persistence on classpath. Assuming non JPA 2 environment. All properties will per default be traversable.
2023-03-07 14:14:46,623 DEBUG [background-preinit][TraversableResolvers.java:60] - Cannot find javax.persistence.Persistence on classpath. Assuming non JPA 2 environment. All properties will per default be traversable.
2023-03-07 14:14:46,646 DEBUG [background-preinit][ResourceBundleMessageInterpolator.java:172] - Loaded expression factory via original TCCL
2023-03-07 14:14:46,646 DEBUG [background-preinit][ResourceBundleMessageInterpolator.java:172] - Loaded expression factory via original TCCL
2023-03-07 14:14:46,789 DEBUG [background-preinit][ValidatorFactoryConfigurationHelper.java:300] - HV000252: Using org.hibernate.validator.internal.engine.DefaultPropertyNodeNameProvider as property node name provider.
2023-03-07 14:14:46,789 DEBUG [background-preinit][ValidatorFactoryConfigurationHelper.java:300] - HV000252: Using org.hibernate.validator.internal.engine.DefaultPropertyNodeNameProvider as property node name provider.
2023-03-07 14:14:46,794 DEBUG [background-preinit][ValidatorFactoryConfigurationHelper.java:375] - HV000234: Using org.hibernate.validator.messageinterpolation.ResourceBundleMessageInterpolator as ValidatorFactory-scoped message interpolator.
2023-03-07 14:14:46,794 DEBUG [background-preinit][ValidatorFactoryConfigurationHelper.java:375] - HV000234: Using org.hibernate.validator.messageinterpolation.ResourceBundleMessageInterpolator as ValidatorFactory-scoped message interpolator.
2023-03-07 14:14:46,794 DEBUG [background-preinit][ValidatorFactoryConfigurationHelper.java:376] - HV000234: Using org.hibernate.validator.internal.engine.resolver.TraverseAllTraversableResolver as ValidatorFactory-scoped traversable resolver.
2023-03-07 14:14:46,794 DEBUG [background-preinit][ValidatorFactoryConfigurationHelper.java:376] - HV000234: Using org.hibernate.validator.internal.engine.resolver.TraverseAllTraversableResolver as ValidatorFactory-scoped traversable resolver.
2023-03-07 14:14:46,794 DEBUG [background-preinit][ValidatorFactoryConfigurationHelper.java:377] - HV000234: Using org.hibernate.validator.internal.util.ExecutableParameterNameProvider as ValidatorFactory-scoped parameter name provider.
2023-03-07 14:14:46,794 DEBUG [background-preinit][ValidatorFactoryConfigurationHelper.java:377] - HV000234: Using org.hibernate.validator.internal.util.ExecutableParameterNameProvider as ValidatorFactory-scoped parameter name provider.
2023-03-07 14:14:46,795 DEBUG [background-preinit][ValidatorFactoryConfigurationHelper.java:378] - HV000234: Using org.hibernate.validator.internal.engine.DefaultClockProvider as ValidatorFactory-scoped clock provider.
2023-03-07 14:14:46,795 DEBUG [background-preinit][ValidatorFactoryConfigurationHelper.java:378] - HV000234: Using org.hibernate.validator.internal.engine.DefaultClockProvider as ValidatorFactory-scoped clock provider.
2023-03-07 14:14:46,795 DEBUG [background-preinit][ValidatorFactoryConfigurationHelper.java:379] - HV000234: Using org.hibernate.validator.internal.engine.scripting.DefaultScriptEvaluatorFactory as ValidatorFactory-scoped script evaluator factory.
2023-03-07 14:14:46,795 DEBUG [background-preinit][ValidatorFactoryConfigurationHelper.java:379] - HV000234: Using org.hibernate.validator.internal.engine.scripting.DefaultScriptEvaluatorFactory as ValidatorFactory-scoped script evaluator factory.
2023-03-07 14:14:46,997 INFO [main][SpringApplication.java:651] - No active profile set, falling back to default profiles: default
2023-03-07 14:14:46,997 INFO [main][SpringApplication.java:651] - No active profile set, falling back to default profiles: default
2023-03-07 14:14:47,655 DEBUG [main][LogFactory.java:105] - Logging initialized using 'class org.apache.ibatis.logging.slf4j.Slf4jImpl' adapter.
2023-03-07 14:14:47,655 DEBUG [main][LogFactory.java:105] - Logging initialized using 'class org.apache.ibatis.logging.slf4j.Slf4jImpl' adapter.
2023-03-07 14:14:47,720 INFO [main][GenericScope.java:295] - BeanFactory id=051a008f-7d1b-36d4-b633-8afbfd40d582
2023-03-07 14:14:47,720 INFO [main][GenericScope.java:295] - BeanFactory id=051a008f-7d1b-36d4-b633-8afbfd40d582
2023-03-07 14:14:47,968 INFO [main][TomcatWebServer.java:108] - Tomcat initialized with port(s): 63040 (http)
2023-03-07 14:14:47,968 INFO [main][TomcatWebServer.java:108] - Tomcat initialized with port(s): 63040 (http)
2023-03-07 14:14:47,977 INFO [main][DirectJDKLog.java:173] - Initializing ProtocolHandler ["http-nio-63040"]
2023-03-07 14:14:47,977 INFO [main][DirectJDKLog.java:173] - Initializing ProtocolHandler ["http-nio-63040"]
2023-03-07 14:14:47,977 INFO [main][DirectJDKLog.java:173] - Starting service [Tomcat]
2023-03-07 14:14:47,977 INFO [main][DirectJDKLog.java:173] - Starting service [Tomcat]
2023-03-07 14:14:47,978 INFO [main][DirectJDKLog.java:173] - Starting Servlet engine: [Apache Tomcat/9.0.41]
2023-03-07 14:14:47,978 INFO [main][DirectJDKLog.java:173] - Starting Servlet engine: [Apache Tomcat/9.0.41]
2023-03-07 14:14:48,072 INFO [main][DirectJDKLog.java:173] - Initializing Spring embedded WebApplicationContext
2023-03-07 14:14:48,072 INFO [main][DirectJDKLog.java:173] - Initializing Spring embedded WebApplicationContext
2023-03-07 14:14:48,073 INFO [main][ServletWebServerApplicationContext.java:285] - Root WebApplicationContext: initialization completed in 1062 ms
2023-03-07 14:14:48,073 INFO [main][ServletWebServerApplicationContext.java:285] - Root WebApplicationContext: initialization completed in 1062 ms
2023-03-07 14:14:48,166 DEBUG [main][HikariConfig.java:946] - Driver class com.mysql.cj.jdbc.Driver found in Thread context class loader sun.misc.Launcher$AppClassLoader@18b4aac2
2023-03-07 14:14:48,166 DEBUG [main][HikariConfig.java:946] - Driver class com.mysql.cj.jdbc.Driver found in Thread context class loader sun.misc.Launcher$AppClassLoader@18b4aac2
2023-03-07 14:14:48,306 DEBUG [main][Logger.java:49] - Registered plugin: 'com.baomidou.mybatisplus.extension.plugins.MybatisPlusInterceptor@1687eb01'
2023-03-07 14:14:48,306 DEBUG [main][Logger.java:49] - Registered plugin: 'com.baomidou.mybatisplus.extension.plugins.MybatisPlusInterceptor@1687eb01'
2023-03-07 14:14:48,308 DEBUG [main][Logger.java:49] - Property 'mapperLocations' was not specified.
2023-03-07 14:14:48,308 DEBUG [main][Logger.java:49] - Property 'mapperLocations' was not specified.
2023-03-07 14:14:48,809 DEBUG [main][MybatisConfiguration.java:128] - addMappedStatement: com.xuecheng.content.mapper.CourseBaseMapper.insert
2023-03-07 14:14:48,809 DEBUG [main][MybatisConfiguration.java:128] - addMappedStatement: com.xuecheng.content.mapper.CourseBaseMapper.insert
2023-03-07 14:14:48,813 DEBUG [main][MybatisConfiguration.java:128] - addMappedStatement: com.xuecheng.content.mapper.CourseBaseMapper.delete
2023-03-07 14:14:48,813 DEBUG [main][MybatisConfiguration.java:128] - addMappedStatement: com.xuecheng.content.mapper.CourseBaseMapper.delete
2023-03-07 14:14:48,815 DEBUG [main][MybatisConfiguration.java:128] - addMappedStatement: com.xuecheng.content.mapper.CourseBaseMapper.deleteByMap
2023-03-07 14:14:48,815 DEBUG [main][MybatisConfiguration.java:128] - addMappedStatement: com.xuecheng.content.mapper.CourseBaseMapper.deleteByMap
2023-03-07 14:14:48,832 DEBUG [main][MybatisConfiguration.java:128] - addMappedStatement: com.xuecheng.content.mapper.CourseBaseMapper.deleteById
2023-03-07 14:14:48,832 DEBUG [main][MybatisConfiguration.java:128] - addMappedStatement: com.xuecheng.content.mapper.CourseBaseMapper.deleteById
2023-03-07 14:14:48,834 DEBUG [main][MybatisConfiguration.java:128] - addMappedStatement: com.xuecheng.content.mapper.CourseBaseMapper.deleteBatchIds
2023-03-07 14:14:48,834 DEBUG [main][MybatisConfiguration.java:128] - addMappedStatement: com.xuecheng.content.mapper.CourseBaseMapper.deleteBatchIds
2023-03-07 14:14:48,838 DEBUG [main][MybatisConfiguration.java:128] - addMappedStatement: com.xuecheng.content.mapper.CourseBaseMapper.update
2023-03-07 14:14:48,838 DEBUG [main][MybatisConfiguration.java:128] - addMappedStatement: com.xuecheng.content.mapper.CourseBaseMapper.update
2023-03-07 14:14:48,840 DEBUG [main][MybatisConfiguration.java:128] - addMappedStatement: com.xuecheng.content.mapper.CourseBaseMapper.updateById
2023-03-07 14:14:48,840 DEBUG [main][MybatisConfiguration.java:128] - addMappedStatement: com.xuecheng.content.mapper.CourseBaseMapper.updateById
2023-03-07 14:14:48,840 DEBUG [main][MybatisConfiguration.java:128] - addMappedStatement: com.xuecheng.content.mapper.CourseBaseMapper.selectById
2023-03-07 14:14:48,840 DEBUG [main][MybatisConfiguration.java:128] - addMappedStatement: com.xuecheng.content.mapper.CourseBaseMapper.selectById
2023-03-07 14:14:48,842 DEBUG [main][MybatisConfiguration.java:128] - addMappedStatement: com.xuecheng.content.mapper.CourseBaseMapper.selectBatchIds
2023-03-07 14:14:48,842 DEBUG [main][MybatisConfiguration.java:128] - addMappedStatement: com.xuecheng.content.mapper.CourseBaseMapper.selectBatchIds
2023-03-07 14:14:48,843 DEBUG [main][MybatisConfiguration.java:128] - addMappedStatement: com.xuecheng.content.mapper.CourseBaseMapper.selectByMap
2023-03-07 14:14:48,843 DEBUG [main][MybatisConfiguration.java:128] - addMappedStatement: com.xuecheng.content.mapper.CourseBaseMapper.selectByMap
2023-03-07 14:14:48,844 DEBUG [main][MybatisConfiguration.java:128] - addMappedStatement: com.xuecheng.content.mapper.CourseBaseMapper.selectOne
2023-03-07 14:14:48,844 DEBUG [main][MybatisConfiguration.java:128] - addMappedStatement: com.xuecheng.content.mapper.CourseBaseMapper.selectOne
2023-03-07 14:14:48,847 DEBUG [main][MybatisConfiguration.java:128] - addMappedStatement: com.xuecheng.content.mapper.CourseBaseMapper.selectCount
2023-03-07 14:14:48,847 DEBUG [main][MybatisConfiguration.java:128] - addMappedStatement: com.xuecheng.content.mapper.CourseBaseMapper.selectCount
2023-03-07 14:14:48,849 DEBUG [main][MybatisConfiguration.java:128] - addMappedStatement: com.xuecheng.content.mapper.CourseBaseMapper.selectMaps
2023-03-07 14:14:48,849 DEBUG [main][MybatisConfiguration.java:128] - addMappedStatement: com.xuecheng.content.mapper.CourseBaseMapper.selectMaps
2023-03-07 14:14:48,851 DEBUG [main][MybatisConfiguration.java:128] - addMappedStatement: com.xuecheng.content.mapper.CourseBaseMapper.selectMapsPage
2023-03-07 14:14:48,851 DEBUG [main][MybatisConfiguration.java:128] - addMappedStatement: com.xuecheng.content.mapper.CourseBaseMapper.selectMapsPage
2023-03-07 14:14:48,853 DEBUG [main][MybatisConfiguration.java:128] - addMappedStatement: com.xuecheng.content.mapper.CourseBaseMapper.selectObjs
2023-03-07 14:14:48,853 DEBUG [main][MybatisConfiguration.java:128] - addMappedStatement: com.xuecheng.content.mapper.CourseBaseMapper.selectObjs
2023-03-07 14:14:48,855 DEBUG [main][MybatisConfiguration.java:128] - addMappedStatement: com.xuecheng.content.mapper.CourseBaseMapper.selectList
2023-03-07 14:14:48,855 DEBUG [main][MybatisConfiguration.java:128] - addMappedStatement: com.xuecheng.content.mapper.CourseBaseMapper.selectList
2023-03-07 14:14:48,856 DEBUG [main][MybatisConfiguration.java:128] - addMappedStatement: com.xuecheng.content.mapper.CourseBaseMapper.selectPage
2023-03-07 14:14:48,856 DEBUG [main][MybatisConfiguration.java:128] - addMappedStatement: com.xuecheng.content.mapper.CourseBaseMapper.selectPage
2023-03-07 14:14:48,868 DEBUG [main][MybatisConfiguration.java:128] - addMappedStatement: com.xuecheng.content.mapper.CourseMarketMapper.insert
2023-03-07 14:14:48,868 DEBUG [main][MybatisConfiguration.java:128] - addMappedStatement: com.xuecheng.content.mapper.CourseMarketMapper.insert
2023-03-07 14:14:48,870 DEBUG [main][MybatisConfiguration.java:128] - addMappedStatement: com.xuecheng.content.mapper.CourseMarketMapper.delete
2023-03-07 14:14:48,870 DEBUG [main][MybatisConfiguration.java:128] - addMappedStatement: com.xuecheng.content.mapper.CourseMarketMapper.delete
2023-03-07 14:14:48,871 DEBUG [main][MybatisConfiguration.java:128] - addMappedStatement: com.xuecheng.content.mapper.CourseMarketMapper.deleteByMap
2023-03-07 14:14:48,871 DEBUG [main][MybatisConfiguration.java:128] - addMappedStatement: com.xuecheng.content.mapper.CourseMarketMapper.deleteByMap
2023-03-07 14:14:48,872 DEBUG [main][MybatisConfiguration.java:128] - addMappedStatement: com.xuecheng.content.mapper.CourseMarketMapper.deleteById
2023-03-07 14:14:48,872 DEBUG [main][MybatisConfiguration.java:128] - addMappedStatement: com.xuecheng.content.mapper.CourseMarketMapper.deleteById
2023-03-07 14:14:48,873 DEBUG [main][MybatisConfiguration.java:128] - addMappedStatement: com.xuecheng.content.mapper.CourseMarketMapper.deleteBatchIds
2023-03-07 14:14:48,873 DEBUG [main][MybatisConfiguration.java:128] - addMappedStatement: com.xuecheng.content.mapper.CourseMarketMapper.deleteBatchIds
2023-03-07 14:14:48,874 DEBUG [main][MybatisConfiguration.java:128] - addMappedStatement: com.xuecheng.content.mapper.CourseMarketMapper.update
2023-03-07 14:14:48,874 DEBUG [main][MybatisConfiguration.java:128] - addMappedStatement: com.xuecheng.content.mapper.CourseMarketMapper.update
2023-03-07 14:14:48,875 DEBUG [main][MybatisConfiguration.java:128] - addMappedStatement: com.xuecheng.content.mapper.CourseMarketMapper.updateById
2023-03-07 14:14:48,875 DEBUG [main][MybatisConfiguration.java:128] - addMappedStatement: com.xuecheng.content.mapper.CourseMarketMapper.updateById
2023-03-07 14:14:48,875 DEBUG [main][MybatisConfiguration.java:128] - addMappedStatement: com.xuecheng.content.mapper.CourseMarketMapper.selectById
2023-03-07 14:14:48,875 DEBUG [main][MybatisConfiguration.java:128] - addMappedStatement: com.xuecheng.content.mapper.CourseMarketMapper.selectById
2023-03-07 14:14:48,876 DEBUG [main][MybatisConfiguration.java:128] - addMappedStatement: com.xuecheng.content.mapper.CourseMarketMapper.selectBatchIds
2023-03-07 14:14:48,876 DEBUG [main][MybatisConfiguration.java:128] - addMappedStatement: com.xuecheng.content.mapper.CourseMarketMapper.selectBatchIds
2023-03-07 14:14:48,878 DEBUG [main][MybatisConfiguration.java:128] - addMappedStatement: com.xuecheng.content.mapper.CourseMarketMapper.selectByMap
2023-03-07 14:14:48,878 DEBUG [main][MybatisConfiguration.java:128] - addMappedStatement: com.xuecheng.content.mapper.CourseMarketMapper.selectByMap
2023-03-07 14:14:48,879 DEBUG [main][MybatisConfiguration.java:128] - addMappedStatement: com.xuecheng.content.mapper.CourseMarketMapper.selectOne
2023-03-07 14:14:48,879 DEBUG [main][MybatisConfiguration.java:128] - addMappedStatement: com.xuecheng.content.mapper.CourseMarketMapper.selectOne
2023-03-07 14:14:48,881 DEBUG [main][MybatisConfiguration.java:128] - addMappedStatement: com.xuecheng.content.mapper.CourseMarketMapper.selectCount
2023-03-07 14:14:48,881 DEBUG [main][MybatisConfiguration.java:128] - addMappedStatement: com.xuecheng.content.mapper.CourseMarketMapper.selectCount
2023-03-07 14:14:48,882 DEBUG [main][MybatisConfiguration.java:128] - addMappedStatement: com.xuecheng.content.mapper.CourseMarketMapper.selectMaps
2023-03-07 14:14:48,882 DEBUG [main][MybatisConfiguration.java:128] - addMappedStatement: com.xuecheng.content.mapper.CourseMarketMapper.selectMaps
2023-03-07 14:14:48,884 DEBUG [main][MybatisConfiguration.java:128] - addMappedStatement: com.xuecheng.content.mapper.CourseMarketMapper.selectMapsPage
2023-03-07 14:14:48,884 DEBUG [main][MybatisConfiguration.java:128] - addMappedStatement: com.xuecheng.content.mapper.CourseMarketMapper.selectMapsPage
2023-03-07 14:14:48,885 DEBUG [main][MybatisConfiguration.java:128] - addMappedStatement: com.xuecheng.content.mapper.CourseMarketMapper.selectObjs
2023-03-07 14:14:48,885 DEBUG [main][MybatisConfiguration.java:128] - addMappedStatement: com.xuecheng.content.mapper.CourseMarketMapper.selectObjs
2023-03-07 14:14:48,886 DEBUG [main][MybatisConfiguration.java:128] - addMappedStatement: com.xuecheng.content.mapper.CourseMarketMapper.selectList
2023-03-07 14:14:48,886 DEBUG [main][MybatisConfiguration.java:128] - addMappedStatement: com.xuecheng.content.mapper.CourseMarketMapper.selectList
2023-03-07 14:14:48,887 DEBUG [main][MybatisConfiguration.java:128] - addMappedStatement: com.xuecheng.content.mapper.CourseMarketMapper.selectPage
2023-03-07 14:14:48,887 DEBUG [main][MybatisConfiguration.java:128] - addMappedStatement: com.xuecheng.content.mapper.CourseMarketMapper.selectPage
2023-03-07 14:14:48,896 DEBUG [main][MybatisConfiguration.java:128] - addMappedStatement: com.xuecheng.content.mapper.CourseCategoryMapper.selectTreeNodes
2023-03-07 14:14:48,896 DEBUG [main][MybatisConfiguration.java:128] - addMappedStatement: com.xuecheng.content.mapper.CourseCategoryMapper.selectTreeNodes
2023-03-07 14:14:48,900 DEBUG [main][MybatisConfiguration.java:128] - addMappedStatement: com.xuecheng.content.mapper.CourseCategoryMapper.insert
2023-03-07 14:14:48,900 DEBUG [main][MybatisConfiguration.java:128] - addMappedStatement: com.xuecheng.content.mapper.CourseCategoryMapper.insert
2023-03-07 14:14:48,902 DEBUG [main][MybatisConfiguration.java:128] - addMappedStatement: com.xuecheng.content.mapper.CourseCategoryMapper.delete
2023-03-07 14:14:48,902 DEBUG [main][MybatisConfiguration.java:128] - addMappedStatement: com.xuecheng.content.mapper.CourseCategoryMapper.delete
2023-03-07 14:14:48,903 DEBUG [main][MybatisConfiguration.java:128] - addMappedStatement: com.xuecheng.content.mapper.CourseCategoryMapper.deleteByMap
2023-03-07 14:14:48,903 DEBUG [main][MybatisConfiguration.java:128] - addMappedStatement: com.xuecheng.content.mapper.CourseCategoryMapper.deleteByMap
2023-03-07 14:14:48,905 DEBUG [main][MybatisConfiguration.java:128] - addMappedStatement: com.xuecheng.content.mapper.CourseCategoryMapper.deleteById
2023-03-07 14:14:48,905 DEBUG [main][MybatisConfiguration.java:128] - addMappedStatement: com.xuecheng.content.mapper.CourseCategoryMapper.deleteById
2023-03-07 14:14:48,906 DEBUG [main][MybatisConfiguration.java:128] - addMappedStatement: com.xuecheng.content.mapper.CourseCategoryMapper.deleteBatchIds
2023-03-07 14:14:48,906 DEBUG [main][MybatisConfiguration.java:128] - addMappedStatement: com.xuecheng.content.mapper.CourseCategoryMapper.deleteBatchIds
2023-03-07 14:14:48,907 DEBUG [main][MybatisConfiguration.java:128] - addMappedStatement: com.xuecheng.content.mapper.CourseCategoryMapper.update
2023-03-07 14:14:48,907 DEBUG [main][MybatisConfiguration.java:128] - addMappedStatement: com.xuecheng.content.mapper.CourseCategoryMapper.update
2023-03-07 14:14:48,909 DEBUG [main][MybatisConfiguration.java:128] - addMappedStatement: com.xuecheng.content.mapper.CourseCategoryMapper.updateById
2023-03-07 14:14:48,909 DEBUG [main][MybatisConfiguration.java:128] - addMappedStatement: com.xuecheng.content.mapper.CourseCategoryMapper.updateById
2023-03-07 14:14:48,909 DEBUG [main][MybatisConfiguration.java:128] - addMappedStatement: com.xuecheng.content.mapper.CourseCategoryMapper.selectById
2023-03-07 14:14:48,909 DEBUG [main][MybatisConfiguration.java:128] - addMappedStatement: com.xuecheng.content.mapper.CourseCategoryMapper.selectById
2023-03-07 14:14:48,910 DEBUG [main][MybatisConfiguration.java:128] - addMappedStatement: com.xuecheng.content.mapper.CourseCategoryMapper.selectBatchIds
2023-03-07 14:14:48,910 DEBUG [main][MybatisConfiguration.java:128] - addMappedStatement: com.xuecheng.content.mapper.CourseCategoryMapper.selectBatchIds
2023-03-07 14:14:48,911 DEBUG [main][MybatisConfiguration.java:128] - addMappedStatement: com.xuecheng.content.mapper.CourseCategoryMapper.selectByMap
2023-03-07 14:14:48,911 DEBUG [main][MybatisConfiguration.java:128] - addMappedStatement: com.xuecheng.content.mapper.CourseCategoryMapper.selectByMap
2023-03-07 14:14:48,913 DEBUG [main][MybatisConfiguration.java:128] - addMappedStatement: com.xuecheng.content.mapper.CourseCategoryMapper.selectOne
2023-03-07 14:14:48,913 DEBUG [main][MybatisConfiguration.java:128] - addMappedStatement: com.xuecheng.content.mapper.CourseCategoryMapper.selectOne
2023-03-07 14:14:48,915 DEBUG [main][MybatisConfiguration.java:128] - addMappedStatement: com.xuecheng.content.mapper.CourseCategoryMapper.selectCount
2023-03-07 14:14:48,915 DEBUG [main][MybatisConfiguration.java:128] - addMappedStatement: com.xuecheng.content.mapper.CourseCategoryMapper.selectCount
2023-03-07 14:14:48,916 DEBUG [main][MybatisConfiguration.java:128] - addMappedStatement: com.xuecheng.content.mapper.CourseCategoryMapper.selectMaps
2023-03-07 14:14:48,916 DEBUG [main][MybatisConfiguration.java:128] - addMappedStatement: com.xuecheng.content.mapper.CourseCategoryMapper.selectMaps
2023-03-07 14:14:48,918 DEBUG [main][MybatisConfiguration.java:128] - addMappedStatement: com.xuecheng.content.mapper.CourseCategoryMapper.selectMapsPage
2023-03-07 14:14:48,918 DEBUG [main][MybatisConfiguration.java:128] - addMappedStatement: com.xuecheng.content.mapper.CourseCategoryMapper.selectMapsPage
2023-03-07 14:14:48,919 DEBUG [main][MybatisConfiguration.java:128] - addMappedStatement: com.xuecheng.content.mapper.CourseCategoryMapper.selectObjs
2023-03-07 14:14:48,919 DEBUG [main][MybatisConfiguration.java:128] - addMappedStatement: com.xuecheng.content.mapper.CourseCategoryMapper.selectObjs
2023-03-07 14:14:48,920 DEBUG [main][MybatisConfiguration.java:128] - addMappedStatement: com.xuecheng.content.mapper.CourseCategoryMapper.selectList
2023-03-07 14:14:48,920 DEBUG [main][MybatisConfiguration.java:128] - addMappedStatement: com.xuecheng.content.mapper.CourseCategoryMapper.selectList
2023-03-07 14:14:48,922 DEBUG [main][MybatisConfiguration.java:128] - addMappedStatement: com.xuecheng.content.mapper.CourseCategoryMapper.selectPage
2023-03-07 14:14:48,922 DEBUG [main][MybatisConfiguration.java:128] - addMappedStatement: com.xuecheng.content.mapper.CourseCategoryMapper.selectPage
2023-03-07 14:14:49,202 INFO [main][PropertySourcedRequestMappingHandlerMapping.java:69] - Mapped URL path [/v2/api-docs] onto method [springfox.documentation.swagger2.web.Swagger2Controller#getDocumentation(String, HttpServletRequest)]
2023-03-07 14:14:49,202 INFO [main][PropertySourcedRequestMappingHandlerMapping.java:69] - Mapped URL path [/v2/api-docs] onto method [springfox.documentation.swagger2.web.Swagger2Controller#getDocumentation(String, HttpServletRequest)]
2023-03-07 14:14:49,230 DEBUG [main][ResourceBundleMessageInterpolator.java:172] - Loaded expression factory via original TCCL
2023-03-07 14:14:49,230 DEBUG [main][ResourceBundleMessageInterpolator.java:172] - Loaded expression factory via original TCCL
2023-03-07 14:14:49,232 DEBUG [main][AbstractConfigurationImpl.java:171] - Setting custom MessageInterpolator of type org.springframework.validation.beanvalidation.LocaleContextMessageInterpolator
2023-03-07 14:14:49,232 DEBUG [main][AbstractConfigurationImpl.java:171] - Setting custom MessageInterpolator of type org.springframework.validation.beanvalidation.LocaleContextMessageInterpolator
2023-03-07 14:14:49,232 DEBUG [main][AbstractConfigurationImpl.java:203] - Setting custom ConstraintValidatorFactory of type org.springframework.validation.beanvalidation.SpringConstraintValidatorFactory
2023-03-07 14:14:49,232 DEBUG [main][AbstractConfigurationImpl.java:203] - Setting custom ConstraintValidatorFactory of type org.springframework.validation.beanvalidation.SpringConstraintValidatorFactory
2023-03-07 14:14:49,233 DEBUG [main][AbstractConfigurationImpl.java:217] - Setting custom ParameterNameProvider of type org.springframework.validation.beanvalidation.LocalValidatorFactoryBean$1
2023-03-07 14:14:49,233 DEBUG [main][AbstractConfigurationImpl.java:217] - Setting custom ParameterNameProvider of type org.springframework.validation.beanvalidation.LocalValidatorFactoryBean$1
2023-03-07 14:14:49,233 DEBUG [main][ValidationXmlParser.java:120] - Trying to load META-INF/validation.xml for XML based Validator configuration.
2023-03-07 14:14:49,233 DEBUG [main][ValidationXmlParser.java:120] - Trying to load META-INF/validation.xml for XML based Validator configuration.
2023-03-07 14:14:49,233 DEBUG [main][ResourceLoaderHelper.java:53] - Trying to load META-INF/validation.xml via user class loader
2023-03-07 14:14:49,233 DEBUG [main][ResourceLoaderHelper.java:53] - Trying to load META-INF/validation.xml via user class loader
2023-03-07 14:14:49,234 DEBUG [main][ResourceLoaderHelper.java:60] - Trying to load META-INF/validation.xml via TCCL
2023-03-07 14:14:49,234 DEBUG [main][ResourceLoaderHelper.java:60] - Trying to load META-INF/validation.xml via TCCL
2023-03-07 14:14:49,234 DEBUG [main][ResourceLoaderHelper.java:66] - Trying to load META-INF/validation.xml via Hibernate Validator's class loader
2023-03-07 14:14:49,234 DEBUG [main][ResourceLoaderHelper.java:66] - Trying to load META-INF/validation.xml via Hibernate Validator's class loader
2023-03-07 14:14:49,234 DEBUG [main][ValidationXmlParser.java:127] - No META-INF/validation.xml found. Using annotation based configuration only.
2023-03-07 14:14:49,234 DEBUG [main][ValidationXmlParser.java:127] - No META-INF/validation.xml found. Using annotation based configuration only.
2023-03-07 14:14:49,235 DEBUG [main][TraversableResolvers.java:60] - Cannot find javax.persistence.Persistence on classpath. Assuming non JPA 2 environment. All properties will per default be traversable.
2023-03-07 14:14:49,235 DEBUG [main][TraversableResolvers.java:60] - Cannot find javax.persistence.Persistence on classpath. Assuming non JPA 2 environment. All properties will per default be traversable.
2023-03-07 14:14:49,236 DEBUG [main][ValidatorFactoryConfigurationHelper.java:300] - HV000252: Using org.hibernate.validator.internal.engine.DefaultPropertyNodeNameProvider as property node name provider.
2023-03-07 14:14:49,236 DEBUG [main][ValidatorFactoryConfigurationHelper.java:300] - HV000252: Using org.hibernate.validator.internal.engine.DefaultPropertyNodeNameProvider as property node name provider.
2023-03-07 14:14:49,237 DEBUG [main][ValidatorFactoryConfigurationHelper.java:375] - HV000234: Using org.springframework.validation.beanvalidation.LocaleContextMessageInterpolator as ValidatorFactory-scoped message interpolator.
2023-03-07 14:14:49,237 DEBUG [main][ValidatorFactoryConfigurationHelper.java:375] - HV000234: Using org.springframework.validation.beanvalidation.LocaleContextMessageInterpolator as ValidatorFactory-scoped message interpolator.
2023-03-07 14:14:49,237 DEBUG [main][ValidatorFactoryConfigurationHelper.java:376] - HV000234: Using org.hibernate.validator.internal.engine.resolver.TraverseAllTraversableResolver as ValidatorFactory-scoped traversable resolver.
2023-03-07 14:14:49,237 DEBUG [main][ValidatorFactoryConfigurationHelper.java:376] - HV000234: Using org.hibernate.validator.internal.engine.resolver.TraverseAllTraversableResolver as ValidatorFactory-scoped traversable resolver.
2023-03-07 14:14:49,237 DEBUG [main][ValidatorFactoryConfigurationHelper.java:377] - HV000234: Using org.hibernate.validator.internal.util.ExecutableParameterNameProvider as ValidatorFactory-scoped parameter name provider.
2023-03-07 14:14:49,237 DEBUG [main][ValidatorFactoryConfigurationHelper.java:377] - HV000234: Using org.hibernate.validator.internal.util.ExecutableParameterNameProvider as ValidatorFactory-scoped parameter name provider.
2023-03-07 14:14:49,237 DEBUG [main][ValidatorFactoryConfigurationHelper.java:378] - HV000234: Using org.hibernate.validator.internal.engine.DefaultClockProvider as ValidatorFactory-scoped clock provider.
2023-03-07 14:14:49,237 DEBUG [main][ValidatorFactoryConfigurationHelper.java:378] - HV000234: Using org.hibernate.validator.internal.engine.DefaultClockProvider as ValidatorFactory-scoped clock provider.
2023-03-07 14:14:49,237 DEBUG [main][ValidatorFactoryConfigurationHelper.java:379] - HV000234: Using org.hibernate.validator.internal.engine.scripting.DefaultScriptEvaluatorFactory as ValidatorFactory-scoped script evaluator factory.
2023-03-07 14:14:49,237 DEBUG [main][ValidatorFactoryConfigurationHelper.java:379] - HV000234: Using org.hibernate.validator.internal.engine.scripting.DefaultScriptEvaluatorFactory as ValidatorFactory-scoped script evaluator factory.
2023-03-07 14:14:49,290 INFO [main][ExecutorConfigurationSupport.java:181] - Initializing ExecutorService 'applicationTaskExecutor'
2023-03-07 14:14:49,290 INFO [main][ExecutorConfigurationSupport.java:181] - Initializing ExecutorService 'applicationTaskExecutor'
2023-03-07 14:14:49,411 DEBUG [main][MybatisConfiguration.java:128] - addMappedStatement: com.xuecheng.content.mapper.CoursePublishMapper.insert
2023-03-07 14:14:49,411 DEBUG [main][MybatisConfiguration.java:128] - addMappedStatement: com.xuecheng.content.mapper.CoursePublishMapper.insert
2023-03-07 14:14:49,414 DEBUG [main][MybatisConfiguration.java:128] - addMappedStatement: com.xuecheng.content.mapper.CoursePublishMapper.delete
2023-03-07 14:14:49,414 DEBUG [main][MybatisConfiguration.java:128] - addMappedStatement: com.xuecheng.content.mapper.CoursePublishMapper.delete
2023-03-07 14:14:49,417 DEBUG [main][MybatisConfiguration.java:128] - addMappedStatement: com.xuecheng.content.mapper.CoursePublishMapper.deleteByMap
2023-03-07 14:14:49,417 DEBUG [main][MybatisConfiguration.java:128] - addMappedStatement: com.xuecheng.content.mapper.CoursePublishMapper.deleteByMap
2023-03-07 14:14:49,418 DEBUG [main][MybatisConfiguration.java:128] - addMappedStatement: com.xuecheng.content.mapper.CoursePublishMapper.deleteById
2023-03-07 14:14:49,418 DEBUG [main][MybatisConfiguration.java:128] - addMappedStatement: com.xuecheng.content.mapper.CoursePublishMapper.deleteById
2023-03-07 14:14:49,419 DEBUG [main][MybatisConfiguration.java:128] - addMappedStatement: com.xuecheng.content.mapper.CoursePublishMapper.deleteBatchIds
2023-03-07 14:14:49,419 DEBUG [main][MybatisConfiguration.java:128] - addMappedStatement: com.xuecheng.content.mapper.CoursePublishMapper.deleteBatchIds
2023-03-07 14:14:49,422 DEBUG [main][MybatisConfiguration.java:128] - addMappedStatement: com.xuecheng.content.mapper.CoursePublishMapper.update
2023-03-07 14:14:49,422 DEBUG [main][MybatisConfiguration.java:128] - addMappedStatement: com.xuecheng.content.mapper.CoursePublishMapper.update
2023-03-07 14:14:49,424 DEBUG [main][MybatisConfiguration.java:128] - addMappedStatement: com.xuecheng.content.mapper.CoursePublishMapper.updateById
2023-03-07 14:14:49,424 DEBUG [main][MybatisConfiguration.java:128] - addMappedStatement: com.xuecheng.content.mapper.CoursePublishMapper.updateById
2023-03-07 14:14:49,425 DEBUG [main][MybatisConfiguration.java:128] - addMappedStatement: com.xuecheng.content.mapper.CoursePublishMapper.selectById
2023-03-07 14:14:49,425 DEBUG [main][MybatisConfiguration.java:128] - addMappedStatement: com.xuecheng.content.mapper.CoursePublishMapper.selectById
2023-03-07 14:14:49,427 DEBUG [main][MybatisConfiguration.java:128] - addMappedStatement: com.xuecheng.content.mapper.CoursePublishMapper.selectBatchIds
2023-03-07 14:14:49,427 DEBUG [main][MybatisConfiguration.java:128] - addMappedStatement: com.xuecheng.content.mapper.CoursePublishMapper.selectBatchIds
2023-03-07 14:14:49,428 DEBUG [main][MybatisConfiguration.java:128] - addMappedStatement: com.xuecheng.content.mapper.CoursePublishMapper.selectByMap
2023-03-07 14:14:49,428 DEBUG [main][MybatisConfiguration.java:128] - addMappedStatement: com.xuecheng.content.mapper.CoursePublishMapper.selectByMap
2023-03-07 14:14:49,430 DEBUG [main][MybatisConfiguration.java:128] - addMappedStatement: com.xuecheng.content.mapper.CoursePublishMapper.selectOne
2023-03-07 14:14:49,430 DEBUG [main][MybatisConfiguration.java:128] - addMappedStatement: com.xuecheng.content.mapper.CoursePublishMapper.selectOne
2023-03-07 14:14:49,431 DEBUG [main][MybatisConfiguration.java:128] - addMappedStatement: com.xuecheng.content.mapper.CoursePublishMapper.selectCount
2023-03-07 14:14:49,431 DEBUG [main][MybatisConfiguration.java:128] - addMappedStatement: com.xuecheng.content.mapper.CoursePublishMapper.selectCount
2023-03-07 14:14:49,432 DEBUG [main][MybatisConfiguration.java:128] - addMappedStatement: com.xuecheng.content.mapper.CoursePublishMapper.selectMaps
2023-03-07 14:14:49,432 DEBUG [main][MybatisConfiguration.java:128] - addMappedStatement: com.xuecheng.content.mapper.CoursePublishMapper.selectMaps
2023-03-07 14:14:49,434 DEBUG [main][MybatisConfiguration.java:128] - addMappedStatement: com.xuecheng.content.mapper.CoursePublishMapper.selectMapsPage
2023-03-07 14:14:49,434 DEBUG [main][MybatisConfiguration.java:128] - addMappedStatement: com.xuecheng.content.mapper.CoursePublishMapper.selectMapsPage
2023-03-07 14:14:49,435 DEBUG [main][MybatisConfiguration.java:128] - addMappedStatement: com.xuecheng.content.mapper.CoursePublishMapper.selectObjs
2023-03-07 14:14:49,435 DEBUG [main][MybatisConfiguration.java:128] - addMappedStatement: com.xuecheng.content.mapper.CoursePublishMapper.selectObjs
2023-03-07 14:14:49,437 DEBUG [main][MybatisConfiguration.java:128] - addMappedStatement: com.xuecheng.content.mapper.CoursePublishMapper.selectList
2023-03-07 14:14:49,437 DEBUG [main][MybatisConfiguration.java:128] - addMappedStatement: com.xuecheng.content.mapper.CoursePublishMapper.selectList
2023-03-07 14:14:49,439 DEBUG [main][MybatisConfiguration.java:128] - addMappedStatement: com.xuecheng.content.mapper.CoursePublishMapper.selectPage
2023-03-07 14:14:49,439 DEBUG [main][MybatisConfiguration.java:128] - addMappedStatement: com.xuecheng.content.mapper.CoursePublishMapper.selectPage
2023-03-07 14:14:49,448 DEBUG [main][MybatisConfiguration.java:128] - addMappedStatement: com.xuecheng.content.mapper.CoursePublishPreMapper.insert
2023-03-07 14:14:49,448 DEBUG [main][MybatisConfiguration.java:128] - addMappedStatement: com.xuecheng.content.mapper.CoursePublishPreMapper.insert
2023-03-07 14:14:49,450 DEBUG [main][MybatisConfiguration.java:128] - addMappedStatement: com.xuecheng.content.mapper.CoursePublishPreMapper.delete
2023-03-07 14:14:49,450 DEBUG [main][MybatisConfiguration.java:128] - addMappedStatement: com.xuecheng.content.mapper.CoursePublishPreMapper.delete
2023-03-07 14:14:49,452 DEBUG [main][MybatisConfiguration.java:128] - addMappedStatement: com.xuecheng.content.mapper.CoursePublishPreMapper.deleteByMap
2023-03-07 14:14:49,452 DEBUG [main][MybatisConfiguration.java:128] - addMappedStatement: com.xuecheng.content.mapper.CoursePublishPreMapper.deleteByMap
2023-03-07 14:14:49,454 DEBUG [main][MybatisConfiguration.java:128] - addMappedStatement: com.xuecheng.content.mapper.CoursePublishPreMapper.deleteById
2023-03-07 14:14:49,454 DEBUG [main][MybatisConfiguration.java:128] - addMappedStatement: com.xuecheng.content.mapper.CoursePublishPreMapper.deleteById
2023-03-07 14:14:49,455 DEBUG [main][MybatisConfiguration.java:128] - addMappedStatement: com.xuecheng.content.mapper.CoursePublishPreMapper.deleteBatchIds
2023-03-07 14:14:49,455 DEBUG [main][MybatisConfiguration.java:128] - addMappedStatement: com.xuecheng.content.mapper.CoursePublishPreMapper.deleteBatchIds
2023-03-07 14:14:49,458 DEBUG [main][MybatisConfiguration.java:128] - addMappedStatement: com.xuecheng.content.mapper.CoursePublishPreMapper.update
2023-03-07 14:14:49,458 DEBUG [main][MybatisConfiguration.java:128] - addMappedStatement: com.xuecheng.content.mapper.CoursePublishPreMapper.update
2023-03-07 14:14:49,460 DEBUG [main][MybatisConfiguration.java:128] - addMappedStatement: com.xuecheng.content.mapper.CoursePublishPreMapper.updateById
2023-03-07 14:14:49,460 DEBUG [main][MybatisConfiguration.java:128] - addMappedStatement: com.xuecheng.content.mapper.CoursePublishPreMapper.updateById
2023-03-07 14:14:49,460 DEBUG [main][MybatisConfiguration.java:128] - addMappedStatement: com.xuecheng.content.mapper.CoursePublishPreMapper.selectById
2023-03-07 14:14:49,460 DEBUG [main][MybatisConfiguration.java:128] - addMappedStatement: com.xuecheng.content.mapper.CoursePublishPreMapper.selectById
2023-03-07 14:14:49,461 DEBUG [main][MybatisConfiguration.java:128] - addMappedStatement: com.xuecheng.content.mapper.CoursePublishPreMapper.selectBatchIds
2023-03-07 14:14:49,461 DEBUG [main][MybatisConfiguration.java:128] - addMappedStatement: com.xuecheng.content.mapper.CoursePublishPreMapper.selectBatchIds
2023-03-07 14:14:49,463 DEBUG [main][MybatisConfiguration.java:128] - addMappedStatement: com.xuecheng.content.mapper.CoursePublishPreMapper.selectByMap
2023-03-07 14:14:49,463 DEBUG [main][MybatisConfiguration.java:128] - addMappedStatement: com.xuecheng.content.mapper.CoursePublishPreMapper.selectByMap
2023-03-07 14:14:49,464 DEBUG [main][MybatisConfiguration.java:128] - addMappedStatement: com.xuecheng.content.mapper.CoursePublishPreMapper.selectOne
2023-03-07 14:14:49,464 DEBUG [main][MybatisConfiguration.java:128] - addMappedStatement: com.xuecheng.content.mapper.CoursePublishPreMapper.selectOne
2023-03-07 14:14:49,466 DEBUG [main][MybatisConfiguration.java:128] - addMappedStatement: com.xuecheng.content.mapper.CoursePublishPreMapper.selectCount
2023-03-07 14:14:49,466 DEBUG [main][MybatisConfiguration.java:128] - addMappedStatement: com.xuecheng.content.mapper.CoursePublishPreMapper.selectCount
2023-03-07 14:14:49,468 DEBUG [main][MybatisConfiguration.java:128] - addMappedStatement: com.xuecheng.content.mapper.CoursePublishPreMapper.selectMaps
2023-03-07 14:14:49,468 DEBUG [main][MybatisConfiguration.java:128] - addMappedStatement: com.xuecheng.content.mapper.CoursePublishPreMapper.selectMaps
2023-03-07 14:14:49,470 DEBUG [main][MybatisConfiguration.java:128] - addMappedStatement: com.xuecheng.content.mapper.CoursePublishPreMapper.selectMapsPage
2023-03-07 14:14:49,470 DEBUG [main][MybatisConfiguration.java:128] - addMappedStatement: com.xuecheng.content.mapper.CoursePublishPreMapper.selectMapsPage
2023-03-07 14:14:49,472 DEBUG [main][MybatisConfiguration.java:128] - addMappedStatement: com.xuecheng.content.mapper.CoursePublishPreMapper.selectObjs
2023-03-07 14:14:49,472 DEBUG [main][MybatisConfiguration.java:128] - addMappedStatement: com.xuecheng.content.mapper.CoursePublishPreMapper.selectObjs
2023-03-07 14:14:49,474 DEBUG [main][MybatisConfiguration.java:128] - addMappedStatement: com.xuecheng.content.mapper.CoursePublishPreMapper.selectList
2023-03-07 14:14:49,474 DEBUG [main][MybatisConfiguration.java:128] - addMappedStatement: com.xuecheng.content.mapper.CoursePublishPreMapper.selectList
2023-03-07 14:14:49,476 DEBUG [main][MybatisConfiguration.java:128] - addMappedStatement: com.xuecheng.content.mapper.CoursePublishPreMapper.selectPage
2023-03-07 14:14:49,476 DEBUG [main][MybatisConfiguration.java:128] - addMappedStatement: com.xuecheng.content.mapper.CoursePublishPreMapper.selectPage
2023-03-07 14:14:49,485 DEBUG [main][MybatisConfiguration.java:128] - addMappedStatement: com.xuecheng.content.mapper.CourseTeacherMapper.insert
2023-03-07 14:14:49,485 DEBUG [main][MybatisConfiguration.java:128] - addMappedStatement: com.xuecheng.content.mapper.CourseTeacherMapper.insert
2023-03-07 14:14:49,487 DEBUG [main][MybatisConfiguration.java:128] - addMappedStatement: com.xuecheng.content.mapper.CourseTeacherMapper.delete
2023-03-07 14:14:49,487 DEBUG [main][MybatisConfiguration.java:128] - addMappedStatement: com.xuecheng.content.mapper.CourseTeacherMapper.delete
2023-03-07 14:14:49,488 DEBUG [main][MybatisConfiguration.java:128] - addMappedStatement: com.xuecheng.content.mapper.CourseTeacherMapper.deleteByMap
2023-03-07 14:14:49,488 DEBUG [main][MybatisConfiguration.java:128] - addMappedStatement: com.xuecheng.content.mapper.CourseTeacherMapper.deleteByMap
2023-03-07 14:14:49,489 DEBUG [main][MybatisConfiguration.java:128] - addMappedStatement: com.xuecheng.content.mapper.CourseTeacherMapper.deleteById
2023-03-07 14:14:49,489 DEBUG [main][MybatisConfiguration.java:128] - addMappedStatement: com.xuecheng.content.mapper.CourseTeacherMapper.deleteById
2023-03-07 14:14:49,491 DEBUG [main][MybatisConfiguration.java:128] - addMappedStatement: com.xuecheng.content.mapper.CourseTeacherMapper.deleteBatchIds
2023-03-07 14:14:49,491 DEBUG [main][MybatisConfiguration.java:128] - addMappedStatement: com.xuecheng.content.mapper.CourseTeacherMapper.deleteBatchIds
2023-03-07 14:14:49,493 DEBUG [main][MybatisConfiguration.java:128] - addMappedStatement: com.xuecheng.content.mapper.CourseTeacherMapper.update
2023-03-07 14:14:49,493 DEBUG [main][MybatisConfiguration.java:128] - addMappedStatement: com.xuecheng.content.mapper.CourseTeacherMapper.update
2023-03-07 14:14:49,494 DEBUG [main][MybatisConfiguration.java:128] - addMappedStatement: com.xuecheng.content.mapper.CourseTeacherMapper.updateById
2023-03-07 14:14:49,494 DEBUG [main][MybatisConfiguration.java:128] - addMappedStatement: com.xuecheng.content.mapper.CourseTeacherMapper.updateById
2023-03-07 14:14:49,495 DEBUG [main][MybatisConfiguration.java:128] - addMappedStatement: com.xuecheng.content.mapper.CourseTeacherMapper.selectById
2023-03-07 14:14:49,495 DEBUG [main][MybatisConfiguration.java:128] - addMappedStatement: com.xuecheng.content.mapper.CourseTeacherMapper.selectById
2023-03-07 14:14:49,497 DEBUG [main][MybatisConfiguration.java:128] - addMappedStatement: com.xuecheng.content.mapper.CourseTeacherMapper.selectBatchIds
2023-03-07 14:14:49,497 DEBUG [main][MybatisConfiguration.java:128] - addMappedStatement: com.xuecheng.content.mapper.CourseTeacherMapper.selectBatchIds
2023-03-07 14:14:49,498 DEBUG [main][MybatisConfiguration.java:128] - addMappedStatement: com.xuecheng.content.mapper.CourseTeacherMapper.selectByMap
2023-03-07 14:14:49,498 DEBUG [main][MybatisConfiguration.java:128] - addMappedStatement: com.xuecheng.content.mapper.CourseTeacherMapper.selectByMap
2023-03-07 14:14:49,499 DEBUG [main][MybatisConfiguration.java:128] - addMappedStatement: com.xuecheng.content.mapper.CourseTeacherMapper.selectOne
2023-03-07 14:14:49,499 DEBUG [main][MybatisConfiguration.java:128] - addMappedStatement: com.xuecheng.content.mapper.CourseTeacherMapper.selectOne
2023-03-07 14:14:49,501 DEBUG [main][MybatisConfiguration.java:128] - addMappedStatement: com.xuecheng.content.mapper.CourseTeacherMapper.selectCount
2023-03-07 14:14:49,501 DEBUG [main][MybatisConfiguration.java:128] - addMappedStatement: com.xuecheng.content.mapper.CourseTeacherMapper.selectCount
2023-03-07 14:14:49,502 DEBUG [main][MybatisConfiguration.java:128] - addMappedStatement: com.xuecheng.content.mapper.CourseTeacherMapper.selectMaps
2023-03-07 14:14:49,502 DEBUG [main][MybatisConfiguration.java:128] - addMappedStatement: com.xuecheng.content.mapper.CourseTeacherMapper.selectMaps
2023-03-07 14:14:49,503 DEBUG [main][MybatisConfiguration.java:128] - addMappedStatement: com.xuecheng.content.mapper.CourseTeacherMapper.selectMapsPage
2023-03-07 14:14:49,503 DEBUG [main][MybatisConfiguration.java:128] - addMappedStatement: com.xuecheng.content.mapper.CourseTeacherMapper.selectMapsPage
2023-03-07 14:14:49,505 DEBUG [main][MybatisConfiguration.java:128] - addMappedStatement: com.xuecheng.content.mapper.CourseTeacherMapper.selectObjs
2023-03-07 14:14:49,505 DEBUG [main][MybatisConfiguration.java:128] - addMappedStatement: com.xuecheng.content.mapper.CourseTeacherMapper.selectObjs
2023-03-07 14:14:49,506 DEBUG [main][MybatisConfiguration.java:128] - addMappedStatement: com.xuecheng.content.mapper.CourseTeacherMapper.selectList
2023-03-07 14:14:49,506 DEBUG [main][MybatisConfiguration.java:128] - addMappedStatement: com.xuecheng.content.mapper.CourseTeacherMapper.selectList
2023-03-07 14:14:49,509 DEBUG [main][MybatisConfiguration.java:128] - addMappedStatement: com.xuecheng.content.mapper.CourseTeacherMapper.selectPage
2023-03-07 14:14:49,509 DEBUG [main][MybatisConfiguration.java:128] - addMappedStatement: com.xuecheng.content.mapper.CourseTeacherMapper.selectPage
2023-03-07 14:14:49,518 DEBUG [main][MybatisConfiguration.java:128] - addMappedStatement: com.xuecheng.content.mapper.MqMessageHistoryMapper.insert
2023-03-07 14:14:49,518 DEBUG [main][MybatisConfiguration.java:128] - addMappedStatement: com.xuecheng.content.mapper.MqMessageHistoryMapper.insert
2023-03-07 14:14:49,520 DEBUG [main][MybatisConfiguration.java:128] - addMappedStatement: com.xuecheng.content.mapper.MqMessageHistoryMapper.delete
2023-03-07 14:14:49,520 DEBUG [main][MybatisConfiguration.java:128] - addMappedStatement: com.xuecheng.content.mapper.MqMessageHistoryMapper.delete
2023-03-07 14:14:49,521 DEBUG [main][MybatisConfiguration.java:128] - addMappedStatement: com.xuecheng.content.mapper.MqMessageHistoryMapper.deleteByMap
2023-03-07 14:14:49,521 DEBUG [main][MybatisConfiguration.java:128] - addMappedStatement: com.xuecheng.content.mapper.MqMessageHistoryMapper.deleteByMap
2023-03-07 14:14:49,522 DEBUG [main][MybatisConfiguration.java:128] - addMappedStatement: com.xuecheng.content.mapper.MqMessageHistoryMapper.deleteById
2023-03-07 14:14:49,522 DEBUG [main][MybatisConfiguration.java:128] - addMappedStatement: com.xuecheng.content.mapper.MqMessageHistoryMapper.deleteById
2023-03-07 14:14:49,522 DEBUG [main][MybatisConfiguration.java:128] - addMappedStatement: com.xuecheng.content.mapper.MqMessageHistoryMapper.deleteBatchIds
2023-03-07 14:14:49,522 DEBUG [main][MybatisConfiguration.java:128] - addMappedStatement: com.xuecheng.content.mapper.MqMessageHistoryMapper.deleteBatchIds
2023-03-07 14:14:49,524 DEBUG [main][MybatisConfiguration.java:128] - addMappedStatement: com.xuecheng.content.mapper.MqMessageHistoryMapper.update
2023-03-07 14:14:49,524 DEBUG [main][MybatisConfiguration.java:128] - addMappedStatement: com.xuecheng.content.mapper.MqMessageHistoryMapper.update
2023-03-07 14:14:49,525 DEBUG [main][MybatisConfiguration.java:128] - addMappedStatement: com.xuecheng.content.mapper.MqMessageHistoryMapper.updateById
2023-03-07 14:14:49,525 DEBUG [main][MybatisConfiguration.java:128] - addMappedStatement: com.xuecheng.content.mapper.MqMessageHistoryMapper.updateById
2023-03-07 14:14:49,525 DEBUG [main][MybatisConfiguration.java:128] - addMappedStatement: com.xuecheng.content.mapper.MqMessageHistoryMapper.selectById
2023-03-07 14:14:49,525 DEBUG [main][MybatisConfiguration.java:128] - addMappedStatement: com.xuecheng.content.mapper.MqMessageHistoryMapper.selectById
2023-03-07 14:14:49,526 DEBUG [main][MybatisConfiguration.java:128] - addMappedStatement: com.xuecheng.content.mapper.MqMessageHistoryMapper.selectBatchIds
2023-03-07 14:14:49,526 DEBUG [main][MybatisConfiguration.java:128] - addMappedStatement: com.xuecheng.content.mapper.MqMessageHistoryMapper.selectBatchIds
2023-03-07 14:14:49,527 DEBUG [main][MybatisConfiguration.java:128] - addMappedStatement: com.xuecheng.content.mapper.MqMessageHistoryMapper.selectByMap
2023-03-07 14:14:49,527 DEBUG [main][MybatisConfiguration.java:128] - addMappedStatement: com.xuecheng.content.mapper.MqMessageHistoryMapper.selectByMap
2023-03-07 14:14:49,528 DEBUG [main][MybatisConfiguration.java:128] - addMappedStatement: com.xuecheng.content.mapper.MqMessageHistoryMapper.selectOne
2023-03-07 14:14:49,528 DEBUG [main][MybatisConfiguration.java:128] - addMappedStatement: com.xuecheng.content.mapper.MqMessageHistoryMapper.selectOne
2023-03-07 14:14:49,529 DEBUG [main][MybatisConfiguration.java:128] - addMappedStatement: com.xuecheng.content.mapper.MqMessageHistoryMapper.selectCount
2023-03-07 14:14:49,529 DEBUG [main][MybatisConfiguration.java:128] - addMappedStatement: com.xuecheng.content.mapper.MqMessageHistoryMapper.selectCount
2023-03-07 14:14:49,531 DEBUG [main][MybatisConfiguration.java:128] - addMappedStatement: com.xuecheng.content.mapper.MqMessageHistoryMapper.selectMaps
2023-03-07 14:14:49,531 DEBUG [main][MybatisConfiguration.java:128] - addMappedStatement: com.xuecheng.content.mapper.MqMessageHistoryMapper.selectMaps
2023-03-07 14:14:49,532 DEBUG [main][MybatisConfiguration.java:128] - addMappedStatement: com.xuecheng.content.mapper.MqMessageHistoryMapper.selectMapsPage
2023-03-07 14:14:49,532 DEBUG [main][MybatisConfiguration.java:128] - addMappedStatement: com.xuecheng.content.mapper.MqMessageHistoryMapper.selectMapsPage
2023-03-07 14:14:49,533 DEBUG [main][MybatisConfiguration.java:128] - addMappedStatement: com.xuecheng.content.mapper.MqMessageHistoryMapper.selectObjs
2023-03-07 14:14:49,533 DEBUG [main][MybatisConfiguration.java:128] - addMappedStatement: com.xuecheng.content.mapper.MqMessageHistoryMapper.selectObjs
2023-03-07 14:14:49,534 DEBUG [main][MybatisConfiguration.java:128] - addMappedStatement: com.xuecheng.content.mapper.MqMessageHistoryMapper.selectList
2023-03-07 14:14:49,534 DEBUG [main][MybatisConfiguration.java:128] - addMappedStatement: com.xuecheng.content.mapper.MqMessageHistoryMapper.selectList
2023-03-07 14:14:49,536 DEBUG [main][MybatisConfiguration.java:128] - addMappedStatement: com.xuecheng.content.mapper.MqMessageHistoryMapper.selectPage
2023-03-07 14:14:49,536 DEBUG [main][MybatisConfiguration.java:128] - addMappedStatement: com.xuecheng.content.mapper.MqMessageHistoryMapper.selectPage
2023-03-07 14:14:49,545 DEBUG [main][MybatisConfiguration.java:128] - addMappedStatement: com.xuecheng.content.mapper.MqMessageMapper.insert
2023-03-07 14:14:49,545 DEBUG [main][MybatisConfiguration.java:128] - addMappedStatement: com.xuecheng.content.mapper.MqMessageMapper.insert
2023-03-07 14:14:49,547 DEBUG [main][MybatisConfiguration.java:128] - addMappedStatement: com.xuecheng.content.mapper.MqMessageMapper.delete
2023-03-07 14:14:49,547 DEBUG [main][MybatisConfiguration.java:128] - addMappedStatement: com.xuecheng.content.mapper.MqMessageMapper.delete
2023-03-07 14:14:49,548 DEBUG [main][MybatisConfiguration.java:128] - addMappedStatement: com.xuecheng.content.mapper.MqMessageMapper.deleteByMap
2023-03-07 14:14:49,548 DEBUG [main][MybatisConfiguration.java:128] - addMappedStatement: com.xuecheng.content.mapper.MqMessageMapper.deleteByMap
2023-03-07 14:14:49,549 DEBUG [main][MybatisConfiguration.java:128] - addMappedStatement: com.xuecheng.content.mapper.MqMessageMapper.deleteById
2023-03-07 14:14:49,549 DEBUG [main][MybatisConfiguration.java:128] - addMappedStatement: com.xuecheng.content.mapper.MqMessageMapper.deleteById
2023-03-07 14:14:49,550 DEBUG [main][MybatisConfiguration.java:128] - addMappedStatement: com.xuecheng.content.mapper.MqMessageMapper.deleteBatchIds
2023-03-07 14:14:49,550 DEBUG [main][MybatisConfiguration.java:128] - addMappedStatement: com.xuecheng.content.mapper.MqMessageMapper.deleteBatchIds
2023-03-07 14:14:49,552 DEBUG [main][MybatisConfiguration.java:128] - addMappedStatement: com.xuecheng.content.mapper.MqMessageMapper.update
2023-03-07 14:14:49,552 DEBUG [main][MybatisConfiguration.java:128] - addMappedStatement: com.xuecheng.content.mapper.MqMessageMapper.update
2023-03-07 14:14:49,553 DEBUG [main][MybatisConfiguration.java:128] - addMappedStatement: com.xuecheng.content.mapper.MqMessageMapper.updateById
2023-03-07 14:14:49,553 DEBUG [main][MybatisConfiguration.java:128] - addMappedStatement: com.xuecheng.content.mapper.MqMessageMapper.updateById
2023-03-07 14:14:49,553 DEBUG [main][MybatisConfiguration.java:128] - addMappedStatement: com.xuecheng.content.mapper.MqMessageMapper.selectById
2023-03-07 14:14:49,553 DEBUG [main][MybatisConfiguration.java:128] - addMappedStatement: com.xuecheng.content.mapper.MqMessageMapper.selectById
2023-03-07 14:14:49,554 DEBUG [main][MybatisConfiguration.java:128] - addMappedStatement: com.xuecheng.content.mapper.MqMessageMapper.selectBatchIds
2023-03-07 14:14:49,554 DEBUG [main][MybatisConfiguration.java:128] - addMappedStatement: com.xuecheng.content.mapper.MqMessageMapper.selectBatchIds
2023-03-07 14:14:49,555 DEBUG [main][MybatisConfiguration.java:128] - addMappedStatement: com.xuecheng.content.mapper.MqMessageMapper.selectByMap
2023-03-07 14:14:49,555 DEBUG [main][MybatisConfiguration.java:128] - addMappedStatement: com.xuecheng.content.mapper.MqMessageMapper.selectByMap
2023-03-07 14:14:49,556 DEBUG [main][MybatisConfiguration.java:128] - addMappedStatement: com.xuecheng.content.mapper.MqMessageMapper.selectOne
2023-03-07 14:14:49,556 DEBUG [main][MybatisConfiguration.java:128] - addMappedStatement: com.xuecheng.content.mapper.MqMessageMapper.selectOne
2023-03-07 14:14:49,557 DEBUG [main][MybatisConfiguration.java:128] - addMappedStatement: com.xuecheng.content.mapper.MqMessageMapper.selectCount
2023-03-07 14:14:49,557 DEBUG [main][MybatisConfiguration.java:128] - addMappedStatement: com.xuecheng.content.mapper.MqMessageMapper.selectCount
2023-03-07 14:14:49,558 DEBUG [main][MybatisConfiguration.java:128] - addMappedStatement: com.xuecheng.content.mapper.MqMessageMapper.selectMaps
2023-03-07 14:14:49,558 DEBUG [main][MybatisConfiguration.java:128] - addMappedStatement: com.xuecheng.content.mapper.MqMessageMapper.selectMaps
2023-03-07 14:14:49,559 DEBUG [main][MybatisConfiguration.java:128] - addMappedStatement: com.xuecheng.content.mapper.MqMessageMapper.selectMapsPage
2023-03-07 14:14:49,559 DEBUG [main][MybatisConfiguration.java:128] - addMappedStatement: com.xuecheng.content.mapper.MqMessageMapper.selectMapsPage
2023-03-07 14:14:49,561 DEBUG [main][MybatisConfiguration.java:128] - addMappedStatement: com.xuecheng.content.mapper.MqMessageMapper.selectObjs
2023-03-07 14:14:49,561 DEBUG [main][MybatisConfiguration.java:128] - addMappedStatement: com.xuecheng.content.mapper.MqMessageMapper.selectObjs
2023-03-07 14:14:49,562 DEBUG [main][MybatisConfiguration.java:128] - addMappedStatement: com.xuecheng.content.mapper.MqMessageMapper.selectList
2023-03-07 14:14:49,562 DEBUG [main][MybatisConfiguration.java:128] - addMappedStatement: com.xuecheng.content.mapper.MqMessageMapper.selectList
2023-03-07 14:14:49,564 DEBUG [main][MybatisConfiguration.java:128] - addMappedStatement: com.xuecheng.content.mapper.MqMessageMapper.selectPage
2023-03-07 14:14:49,564 DEBUG [main][MybatisConfiguration.java:128] - addMappedStatement: com.xuecheng.content.mapper.MqMessageMapper.selectPage
2023-03-07 14:14:49,572 DEBUG [main][MybatisConfiguration.java:128] - addMappedStatement: com.xuecheng.content.mapper.TeachplanMapper.insert
2023-03-07 14:14:49,572 DEBUG [main][MybatisConfiguration.java:128] - addMappedStatement: com.xuecheng.content.mapper.TeachplanMapper.insert
2023-03-07 14:14:49,574 DEBUG [main][MybatisConfiguration.java:128] - addMappedStatement: com.xuecheng.content.mapper.TeachplanMapper.delete
2023-03-07 14:14:49,574 DEBUG [main][MybatisConfiguration.java:128] - addMappedStatement: com.xuecheng.content.mapper.TeachplanMapper.delete
2023-03-07 14:14:49,575 DEBUG [main][MybatisConfiguration.java:128] - addMappedStatement: com.xuecheng.content.mapper.TeachplanMapper.deleteByMap
2023-03-07 14:14:49,575 DEBUG [main][MybatisConfiguration.java:128] - addMappedStatement: com.xuecheng.content.mapper.TeachplanMapper.deleteByMap
2023-03-07 14:14:49,575 DEBUG [main][MybatisConfiguration.java:128] - addMappedStatement: com.xuecheng.content.mapper.TeachplanMapper.deleteById
2023-03-07 14:14:49,575 DEBUG [main][MybatisConfiguration.java:128] - addMappedStatement: com.xuecheng.content.mapper.TeachplanMapper.deleteById
2023-03-07 14:14:49,576 DEBUG [main][MybatisConfiguration.java:128] - addMappedStatement: com.xuecheng.content.mapper.TeachplanMapper.deleteBatchIds
2023-03-07 14:14:49,576 DEBUG [main][MybatisConfiguration.java:128] - addMappedStatement: com.xuecheng.content.mapper.TeachplanMapper.deleteBatchIds
2023-03-07 14:14:49,578 DEBUG [main][MybatisConfiguration.java:128] - addMappedStatement: com.xuecheng.content.mapper.TeachplanMapper.update
2023-03-07 14:14:49,578 DEBUG [main][MybatisConfiguration.java:128] - addMappedStatement: com.xuecheng.content.mapper.TeachplanMapper.update
2023-03-07 14:14:49,579 DEBUG [main][MybatisConfiguration.java:128] - addMappedStatement: com.xuecheng.content.mapper.TeachplanMapper.updateById
2023-03-07 14:14:49,579 DEBUG [main][MybatisConfiguration.java:128] - addMappedStatement: com.xuecheng.content.mapper.TeachplanMapper.updateById
2023-03-07 14:14:49,579 DEBUG [main][MybatisConfiguration.java:128] - addMappedStatement: com.xuecheng.content.mapper.TeachplanMapper.selectById
2023-03-07 14:14:49,579 DEBUG [main][MybatisConfiguration.java:128] - addMappedStatement: com.xuecheng.content.mapper.TeachplanMapper.selectById
2023-03-07 14:14:49,580 DEBUG [main][MybatisConfiguration.java:128] - addMappedStatement: com.xuecheng.content.mapper.TeachplanMapper.selectBatchIds
2023-03-07 14:14:49,580 DEBUG [main][MybatisConfiguration.java:128] - addMappedStatement: com.xuecheng.content.mapper.TeachplanMapper.selectBatchIds
2023-03-07 14:14:49,581 DEBUG [main][MybatisConfiguration.java:128] - addMappedStatement: com.xuecheng.content.mapper.TeachplanMapper.selectByMap
2023-03-07 14:14:49,581 DEBUG [main][MybatisConfiguration.java:128] - addMappedStatement: com.xuecheng.content.mapper.TeachplanMapper.selectByMap
2023-03-07 14:14:49,582 DEBUG [main][MybatisConfiguration.java:128] - addMappedStatement: com.xuecheng.content.mapper.TeachplanMapper.selectOne
2023-03-07 14:14:49,582 DEBUG [main][MybatisConfiguration.java:128] - addMappedStatement: com.xuecheng.content.mapper.TeachplanMapper.selectOne
2023-03-07 14:14:49,583 DEBUG [main][MybatisConfiguration.java:128] - addMappedStatement: com.xuecheng.content.mapper.TeachplanMapper.selectCount
2023-03-07 14:14:49,583 DEBUG [main][MybatisConfiguration.java:128] - addMappedStatement: com.xuecheng.content.mapper.TeachplanMapper.selectCount
2023-03-07 14:14:49,584 DEBUG [main][MybatisConfiguration.java:128] - addMappedStatement: com.xuecheng.content.mapper.TeachplanMapper.selectMaps
2023-03-07 14:14:49,584 DEBUG [main][MybatisConfiguration.java:128] - addMappedStatement: com.xuecheng.content.mapper.TeachplanMapper.selectMaps
2023-03-07 14:14:49,585 DEBUG [main][MybatisConfiguration.java:128] - addMappedStatement: com.xuecheng.content.mapper.TeachplanMapper.selectMapsPage
2023-03-07 14:14:49,585 DEBUG [main][MybatisConfiguration.java:128] - addMappedStatement: com.xuecheng.content.mapper.TeachplanMapper.selectMapsPage
2023-03-07 14:14:49,586 DEBUG [main][MybatisConfiguration.java:128] - addMappedStatement: com.xuecheng.content.mapper.TeachplanMapper.selectObjs
2023-03-07 14:14:49,586 DEBUG [main][MybatisConfiguration.java:128] - addMappedStatement: com.xuecheng.content.mapper.TeachplanMapper.selectObjs
2023-03-07 14:14:49,587 DEBUG [main][MybatisConfiguration.java:128] - addMappedStatement: com.xuecheng.content.mapper.TeachplanMapper.selectList
2023-03-07 14:14:49,587 DEBUG [main][MybatisConfiguration.java:128] - addMappedStatement: com.xuecheng.content.mapper.TeachplanMapper.selectList
2023-03-07 14:14:49,597 DEBUG [main][MybatisConfiguration.java:128] - addMappedStatement: com.xuecheng.content.mapper.TeachplanMapper.selectPage
2023-03-07 14:14:49,597 DEBUG [main][MybatisConfiguration.java:128] - addMappedStatement: com.xuecheng.content.mapper.TeachplanMapper.selectPage
2023-03-07 14:14:49,603 DEBUG [main][MybatisConfiguration.java:128] - addMappedStatement: com.xuecheng.content.mapper.TeachplanMediaMapper.insert
2023-03-07 14:14:49,603 DEBUG [main][MybatisConfiguration.java:128] - addMappedStatement: com.xuecheng.content.mapper.TeachplanMediaMapper.insert
2023-03-07 14:14:49,604 DEBUG [main][MybatisConfiguration.java:128] - addMappedStatement: com.xuecheng.content.mapper.TeachplanMediaMapper.delete
2023-03-07 14:14:49,604 DEBUG [main][MybatisConfiguration.java:128] - addMappedStatement: com.xuecheng.content.mapper.TeachplanMediaMapper.delete
2023-03-07 14:14:49,605 DEBUG [main][MybatisConfiguration.java:128] - addMappedStatement: com.xuecheng.content.mapper.TeachplanMediaMapper.deleteByMap
2023-03-07 14:14:49,605 DEBUG [main][MybatisConfiguration.java:128] - addMappedStatement: com.xuecheng.content.mapper.TeachplanMediaMapper.deleteByMap
2023-03-07 14:14:49,606 DEBUG [main][MybatisConfiguration.java:128] - addMappedStatement: com.xuecheng.content.mapper.TeachplanMediaMapper.deleteById
2023-03-07 14:14:49,606 DEBUG [main][MybatisConfiguration.java:128] - addMappedStatement: com.xuecheng.content.mapper.TeachplanMediaMapper.deleteById
2023-03-07 14:14:49,606 DEBUG [main][MybatisConfiguration.java:128] - addMappedStatement: com.xuecheng.content.mapper.TeachplanMediaMapper.deleteBatchIds
2023-03-07 14:14:49,606 DEBUG [main][MybatisConfiguration.java:128] - addMappedStatement: com.xuecheng.content.mapper.TeachplanMediaMapper.deleteBatchIds
2023-03-07 14:14:49,607 DEBUG [main][MybatisConfiguration.java:128] - addMappedStatement: com.xuecheng.content.mapper.TeachplanMediaMapper.update
2023-03-07 14:14:49,607 DEBUG [main][MybatisConfiguration.java:128] - addMappedStatement: com.xuecheng.content.mapper.TeachplanMediaMapper.update
2023-03-07 14:14:49,608 DEBUG [main][MybatisConfiguration.java:128] - addMappedStatement: com.xuecheng.content.mapper.TeachplanMediaMapper.updateById
2023-03-07 14:14:49,608 DEBUG [main][MybatisConfiguration.java:128] - addMappedStatement: com.xuecheng.content.mapper.TeachplanMediaMapper.updateById
2023-03-07 14:14:49,608 DEBUG [main][MybatisConfiguration.java:128] - addMappedStatement: com.xuecheng.content.mapper.TeachplanMediaMapper.selectById
2023-03-07 14:14:49,608 DEBUG [main][MybatisConfiguration.java:128] - addMappedStatement: com.xuecheng.content.mapper.TeachplanMediaMapper.selectById
2023-03-07 14:14:49,609 DEBUG [main][MybatisConfiguration.java:128] - addMappedStatement: com.xuecheng.content.mapper.TeachplanMediaMapper.selectBatchIds
2023-03-07 14:14:49,609 DEBUG [main][MybatisConfiguration.java:128] - addMappedStatement: com.xuecheng.content.mapper.TeachplanMediaMapper.selectBatchIds
2023-03-07 14:14:49,609 DEBUG [main][MybatisConfiguration.java:128] - addMappedStatement: com.xuecheng.content.mapper.TeachplanMediaMapper.selectByMap
2023-03-07 14:14:49,609 DEBUG [main][MybatisConfiguration.java:128] - addMappedStatement: com.xuecheng.content.mapper.TeachplanMediaMapper.selectByMap
2023-03-07 14:14:49,610 DEBUG [main][MybatisConfiguration.java:128] - addMappedStatement: com.xuecheng.content.mapper.TeachplanMediaMapper.selectOne
2023-03-07 14:14:49,610 DEBUG [main][MybatisConfiguration.java:128] - addMappedStatement: com.xuecheng.content.mapper.TeachplanMediaMapper.selectOne
2023-03-07 14:14:49,611 DEBUG [main][MybatisConfiguration.java:128] - addMappedStatement: com.xuecheng.content.mapper.TeachplanMediaMapper.selectCount
2023-03-07 14:14:49,611 DEBUG [main][MybatisConfiguration.java:128] - addMappedStatement: com.xuecheng.content.mapper.TeachplanMediaMapper.selectCount
2023-03-07 14:14:49,613 DEBUG [main][MybatisConfiguration.java:128] - addMappedStatement: com.xuecheng.content.mapper.TeachplanMediaMapper.selectMaps
2023-03-07 14:14:49,613 DEBUG [main][MybatisConfiguration.java:128] - addMappedStatement: com.xuecheng.content.mapper.TeachplanMediaMapper.selectMaps
2023-03-07 14:14:49,614 DEBUG [main][MybatisConfiguration.java:128] - addMappedStatement: com.xuecheng.content.mapper.TeachplanMediaMapper.selectMapsPage
2023-03-07 14:14:49,614 DEBUG [main][MybatisConfiguration.java:128] - addMappedStatement: com.xuecheng.content.mapper.TeachplanMediaMapper.selectMapsPage
2023-03-07 14:14:49,615 DEBUG [main][MybatisConfiguration.java:128] - addMappedStatement: com.xuecheng.content.mapper.TeachplanMediaMapper.selectObjs
2023-03-07 14:14:49,615 DEBUG [main][MybatisConfiguration.java:128] - addMappedStatement: com.xuecheng.content.mapper.TeachplanMediaMapper.selectObjs
2023-03-07 14:14:49,616 DEBUG [main][MybatisConfiguration.java:128] - addMappedStatement: com.xuecheng.content.mapper.TeachplanMediaMapper.selectList
2023-03-07 14:14:49,616 DEBUG [main][MybatisConfiguration.java:128] - addMappedStatement: com.xuecheng.content.mapper.TeachplanMediaMapper.selectList
2023-03-07 14:14:49,617 DEBUG [main][MybatisConfiguration.java:128] - addMappedStatement: com.xuecheng.content.mapper.TeachplanMediaMapper.selectPage
2023-03-07 14:14:49,617 DEBUG [main][MybatisConfiguration.java:128] - addMappedStatement: com.xuecheng.content.mapper.TeachplanMediaMapper.selectPage
2023-03-07 14:14:49,665 INFO [main][DirectJDKLog.java:173] - Starting ProtocolHandler ["http-nio-63040"]
2023-03-07 14:14:49,665 INFO [main][DirectJDKLog.java:173] - Starting ProtocolHandler ["http-nio-63040"]
2023-03-07 14:14:49,684 INFO [main][TomcatWebServer.java:220] - Tomcat started on port(s): 63040 (http) with context path '/content'
2023-03-07 14:14:49,684 INFO [main][TomcatWebServer.java:220] - Tomcat started on port(s): 63040 (http) with context path '/content'
2023-03-07 14:14:49,685 INFO [main][DocumentationPluginsBootstrapper.java:160] - Context refreshed
2023-03-07 14:14:49,685 INFO [main][DocumentationPluginsBootstrapper.java:160] - Context refreshed
2023-03-07 14:14:49,697 INFO [main][DocumentationPluginsBootstrapper.java:163] - Found 1 custom documentation plugin(s)
2023-03-07 14:14:49,697 INFO [main][DocumentationPluginsBootstrapper.java:163] - Found 1 custom documentation plugin(s)
2023-03-07 14:14:49,732 INFO [main][ApiListingReferenceScanner.java:41] - Scanning for api listing references
2023-03-07 14:14:49,732 INFO [main][ApiListingReferenceScanner.java:41] - Scanning for api listing references
2023-03-07 14:14:49,921 INFO [main][StartupInfoLogger.java:61] - Started XuechengPlusContentApiApplication in 3.752 seconds (JVM running for 4.833)
2023-03-07 14:14:49,921 INFO [main][StartupInfoLogger.java:61] - Started XuechengPlusContentApiApplication in 3.752 seconds (JVM running for 4.833)
2023-03-07 14:15:09,073 INFO [http-nio-63040-exec-1][DirectJDKLog.java:173] - Initializing Spring DispatcherServlet 'dispatcherServlet'
2023-03-07 14:15:09,073 INFO [http-nio-63040-exec-1][DirectJDKLog.java:173] - Initializing Spring DispatcherServlet 'dispatcherServlet'
2023-03-07 14:15:09,073 INFO [http-nio-63040-exec-1][FrameworkServlet.java:525] - Initializing Servlet 'dispatcherServlet'
2023-03-07 14:15:09,073 INFO [http-nio-63040-exec-1][FrameworkServlet.java:525] - Initializing Servlet 'dispatcherServlet'
2023-03-07 14:15:09,078 INFO [http-nio-63040-exec-1][FrameworkServlet.java:547] - Completed initialization in 5 ms
2023-03-07 14:15:09,078 INFO [http-nio-63040-exec-1][FrameworkServlet.java:547] - Completed initialization in 5 ms
2023-03-07 14:15:09,627 WARN [http-nio-63040-exec-1][AbstractSerializableParameter.java:421] - Illegal DefaultValue null for parameter type integer
java.lang.NumberFormatException: For input string: ""
	at java.lang.NumberFormatException.forInputString(NumberFormatException.java:65)
	at java.lang.Long.parseLong(Long.java:601)
	at java.lang.Long.valueOf(Long.java:803)
	at io.swagger.models.parameters.AbstractSerializableParameter.getExample(AbstractSerializableParameter.java:412)
	at sun.reflect.NativeMethodAccessorImpl.invoke0(Native Method)
	at sun.reflect.NativeMethodAccessorImpl.invoke(NativeMethodAccessorImpl.java:62)
	at sun.reflect.DelegatingMethodAccessorImpl.invoke(DelegatingMethodAccessorImpl.java:43)
	at java.lang.reflect.Method.invoke(Method.java:498)
	at com.fasterxml.jackson.databind.ser.BeanPropertyWriter.serializeAsField(BeanPropertyWriter.java:689)
	at com.fasterxml.jackson.databind.ser.std.BeanSerializerBase.serializeFields(BeanSerializerBase.java:755)
	at com.fasterxml.jackson.databind.ser.BeanSerializer.serialize(BeanSerializer.java:178)
	at com.fasterxml.jackson.databind.ser.impl.IndexedListSerializer.serializeContents(IndexedListSerializer.java:119)
	at com.fasterxml.jackson.databind.ser.impl.IndexedListSerializer.serialize(IndexedListSerializer.java:79)
	at com.fasterxml.jackson.databind.ser.impl.IndexedListSerializer.serialize(IndexedListSerializer.java:18)
	at com.fasterxml.jackson.databind.ser.BeanPropertyWriter.serializeAsField(BeanPropertyWriter.java:728)
	at com.fasterxml.jackson.databind.ser.std.BeanSerializerBase.serializeFields(BeanSerializerBase.java:755)
	at com.fasterxml.jackson.databind.ser.BeanSerializer.serialize(BeanSerializer.java:178)
	at com.fasterxml.jackson.databind.ser.BeanPropertyWriter.serializeAsField(BeanPropertyWriter.java:728)
	at com.fasterxml.jackson.databind.ser.std.BeanSerializerBase.serializeFields(BeanSerializerBase.java:755)
	at com.fasterxml.jackson.databind.ser.BeanSerializer.serialize(BeanSerializer.java:178)
	at com.fasterxml.jackson.databind.ser.std.MapSerializer.serializeFields(MapSerializer.java:726)
	at com.fasterxml.jackson.databind.ser.std.MapSerializer.serializeWithoutTypeInfo(MapSerializer.java:681)
	at com.fasterxml.jackson.databind.ser.std.MapSerializer.serialize(MapSerializer.java:637)
	at com.fasterxml.jackson.databind.ser.std.MapSerializer.serialize(MapSerializer.java:33)
	at com.fasterxml.jackson.databind.ser.BeanPropertyWriter.serializeAsField(BeanPropertyWriter.java:728)
	at com.fasterxml.jackson.databind.ser.std.BeanSerializerBase.serializeFields(BeanSerializerBase.java:755)
	at com.fasterxml.jackson.databind.ser.BeanSerializer.serialize(BeanSerializer.java:178)
	at com.fasterxml.jackson.databind.ser.DefaultSerializerProvider._serialize(DefaultSerializerProvider.java:480)
	at com.fasterxml.jackson.databind.ser.DefaultSerializerProvider.serializeValue(DefaultSerializerProvider.java:319)
	at com.fasterxml.jackson.databind.ObjectMapper._writeValueAndClose(ObjectMapper.java:4409)
	at com.fasterxml.jackson.databind.ObjectMapper.writeValueAsString(ObjectMapper.java:3663)
	at springfox.documentation.spring.web.json.JsonSerializer.toJson(JsonSerializer.java:38)
	at springfox.documentation.swagger2.web.Swagger2Controller.getDocumentation(Swagger2Controller.java:105)
	at sun.reflect.NativeMethodAccessorImpl.invoke0(Native Method)
	at sun.reflect.NativeMethodAccessorImpl.invoke(NativeMethodAccessorImpl.java:62)
	at sun.reflect.DelegatingMethodAccessorImpl.invoke(DelegatingMethodAccessorImpl.java:43)
	at java.lang.reflect.Method.invoke(Method.java:498)
	at org.springframework.web.method.support.InvocableHandlerMethod.doInvoke(InvocableHandlerMethod.java:190)
	at org.springframework.web.method.support.InvocableHandlerMethod.invokeForRequest(InvocableHandlerMethod.java:138)
	at org.springframework.web.servlet.mvc.method.annotation.ServletInvocableHandlerMethod.invokeAndHandle(ServletInvocableHandlerMethod.java:105)
	at org.springframework.web.servlet.mvc.method.annotation.RequestMappingHandlerAdapter.invokeHandlerMethod(RequestMappingHandlerAdapter.java:878)
	at org.springframework.web.servlet.mvc.method.annotation.RequestMappingHandlerAdapter.handleInternal(RequestMappingHandlerAdapter.java:792)
	at org.springframework.web.servlet.mvc.method.AbstractHandlerMethodAdapter.handle(AbstractHandlerMethodAdapter.java:87)
	at org.springframework.web.servlet.DispatcherServlet.doDispatch(DispatcherServlet.java:1040)
	at org.springframework.web.servlet.DispatcherServlet.doService(DispatcherServlet.java:943)
	at org.springframework.web.servlet.FrameworkServlet.processRequest(FrameworkServlet.java:1006)
	at org.springframework.web.servlet.FrameworkServlet.doGet(FrameworkServlet.java:898)
	at javax.servlet.http.HttpServlet.service(HttpServlet.java:626)
	at org.springframework.web.servlet.FrameworkServlet.service(FrameworkServlet.java:883)
	at javax.servlet.http.HttpServlet.service(HttpServlet.java:733)
	at org.apache.catalina.core.ApplicationFilterChain.internalDoFilter(ApplicationFilterChain.java:231)
	at org.apache.catalina.core.ApplicationFilterChain.doFilter(ApplicationFilterChain.java:166)
	at org.apache.tomcat.websocket.server.WsFilter.doFilter(WsFilter.java:53)
	at org.apache.catalina.core.ApplicationFilterChain.internalDoFilter(ApplicationFilterChain.java:193)
	at org.apache.catalina.core.ApplicationFilterChain.doFilter(ApplicationFilterChain.java:166)
	at org.springframework.web.filter.RequestContextFilter.doFilterInternal(RequestContextFilter.java:100)
	at org.springframework.web.filter.OncePerRequestFilter.doFilter(OncePerRequestFilter.java:119)
	at org.apache.catalina.core.ApplicationFilterChain.internalDoFilter(ApplicationFilterChain.java:193)
	at org.apache.catalina.core.ApplicationFilterChain.doFilter(ApplicationFilterChain.java:166)
	at org.springframework.web.filter.FormContentFilter.doFilterInternal(FormContentFilter.java:93)
	at org.springframework.web.filter.OncePerRequestFilter.doFilter(OncePerRequestFilter.java:119)
	at org.apache.catalina.core.ApplicationFilterChain.internalDoFilter(ApplicationFilterChain.java:193)
	at org.apache.catalina.core.ApplicationFilterChain.doFilter(ApplicationFilterChain.java:166)
	at org.springframework.web.filter.CharacterEncodingFilter.doFilterInternal(CharacterEncodingFilter.java:201)
	at org.springframework.web.filter.OncePerRequestFilter.doFilter(OncePerRequestFilter.java:119)
	at org.apache.catalina.core.ApplicationFilterChain.internalDoFilter(ApplicationFilterChain.java:193)
	at org.apache.catalina.core.ApplicationFilterChain.doFilter(ApplicationFilterChain.java:166)
	at org.apache.catalina.core.StandardWrapperValve.invoke(StandardWrapperValve.java:202)
	at org.apache.catalina.core.StandardContextValve.invoke(StandardContextValve.java:97)
	at org.apache.catalina.authenticator.AuthenticatorBase.invoke(AuthenticatorBase.java:542)
	at org.apache.catalina.core.StandardHostValve.invoke(StandardHostValve.java:143)
	at org.apache.catalina.valves.ErrorReportValve.invoke(ErrorReportValve.java:92)
	at org.apache.catalina.core.StandardEngineValve.invoke(StandardEngineValve.java:78)
	at org.apache.catalina.connector.CoyoteAdapter.service(CoyoteAdapter.java:343)
	at org.apache.coyote.http11.Http11Processor.service(Http11Processor.java:374)
	at org.apache.coyote.AbstractProcessorLight.process(AbstractProcessorLight.java:65)
	at org.apache.coyote.AbstractProtocol$ConnectionHandler.process(AbstractProtocol.java:888)
	at org.apache.tomcat.util.net.NioEndpoint$SocketProcessor.doRun(NioEndpoint.java:1597)
	at org.apache.tomcat.util.net.SocketProcessorBase.run(SocketProcessorBase.java:49)
	at java.util.concurrent.ThreadPoolExecutor.runWorker(ThreadPoolExecutor.java:1149)
	at java.util.concurrent.ThreadPoolExecutor$Worker.run(ThreadPoolExecutor.java:624)
	at org.apache.tomcat.util.threads.TaskThread$WrappingRunnable.run(TaskThread.java:61)
	at java.lang.Thread.run(Thread.java:748)
2023-03-07 14:15:09,627 WARN [http-nio-63040-exec-1][AbstractSerializableParameter.java:421] - Illegal DefaultValue null for parameter type integer
java.lang.NumberFormatException: For input string: ""
	at java.lang.NumberFormatException.forInputString(NumberFormatException.java:65)
	at java.lang.Long.parseLong(Long.java:601)
	at java.lang.Long.valueOf(Long.java:803)
	at io.swagger.models.parameters.AbstractSerializableParameter.getExample(AbstractSerializableParameter.java:412)
	at sun.reflect.NativeMethodAccessorImpl.invoke0(Native Method)
	at sun.reflect.NativeMethodAccessorImpl.invoke(NativeMethodAccessorImpl.java:62)
	at sun.reflect.DelegatingMethodAccessorImpl.invoke(DelegatingMethodAccessorImpl.java:43)
	at java.lang.reflect.Method.invoke(Method.java:498)
	at com.fasterxml.jackson.databind.ser.BeanPropertyWriter.serializeAsField(BeanPropertyWriter.java:689)
	at com.fasterxml.jackson.databind.ser.std.BeanSerializerBase.serializeFields(BeanSerializerBase.java:755)
	at com.fasterxml.jackson.databind.ser.BeanSerializer.serialize(BeanSerializer.java:178)
	at com.fasterxml.jackson.databind.ser.impl.IndexedListSerializer.serializeContents(IndexedListSerializer.java:119)
	at com.fasterxml.jackson.databind.ser.impl.IndexedListSerializer.serialize(IndexedListSerializer.java:79)
	at com.fasterxml.jackson.databind.ser.impl.IndexedListSerializer.serialize(IndexedListSerializer.java:18)
	at com.fasterxml.jackson.databind.ser.BeanPropertyWriter.serializeAsField(BeanPropertyWriter.java:728)
	at com.fasterxml.jackson.databind.ser.std.BeanSerializerBase.serializeFields(BeanSerializerBase.java:755)
	at com.fasterxml.jackson.databind.ser.BeanSerializer.serialize(BeanSerializer.java:178)
	at com.fasterxml.jackson.databind.ser.BeanPropertyWriter.serializeAsField(BeanPropertyWriter.java:728)
	at com.fasterxml.jackson.databind.ser.std.BeanSerializerBase.serializeFields(BeanSerializerBase.java:755)
	at com.fasterxml.jackson.databind.ser.BeanSerializer.serialize(BeanSerializer.java:178)
	at com.fasterxml.jackson.databind.ser.std.MapSerializer.serializeFields(MapSerializer.java:726)
	at com.fasterxml.jackson.databind.ser.std.MapSerializer.serializeWithoutTypeInfo(MapSerializer.java:681)
	at com.fasterxml.jackson.databind.ser.std.MapSerializer.serialize(MapSerializer.java:637)
	at com.fasterxml.jackson.databind.ser.std.MapSerializer.serialize(MapSerializer.java:33)
	at com.fasterxml.jackson.databind.ser.BeanPropertyWriter.serializeAsField(BeanPropertyWriter.java:728)
	at com.fasterxml.jackson.databind.ser.std.BeanSerializerBase.serializeFields(BeanSerializerBase.java:755)
	at com.fasterxml.jackson.databind.ser.BeanSerializer.serialize(BeanSerializer.java:178)
	at com.fasterxml.jackson.databind.ser.DefaultSerializerProvider._serialize(DefaultSerializerProvider.java:480)
	at com.fasterxml.jackson.databind.ser.DefaultSerializerProvider.serializeValue(DefaultSerializerProvider.java:319)
	at com.fasterxml.jackson.databind.ObjectMapper._writeValueAndClose(ObjectMapper.java:4409)
	at com.fasterxml.jackson.databind.ObjectMapper.writeValueAsString(ObjectMapper.java:3663)
	at springfox.documentation.spring.web.json.JsonSerializer.toJson(JsonSerializer.java:38)
	at springfox.documentation.swagger2.web.Swagger2Controller.getDocumentation(Swagger2Controller.java:105)
	at sun.reflect.NativeMethodAccessorImpl.invoke0(Native Method)
	at sun.reflect.NativeMethodAccessorImpl.invoke(NativeMethodAccessorImpl.java:62)
	at sun.reflect.DelegatingMethodAccessorImpl.invoke(DelegatingMethodAccessorImpl.java:43)
	at java.lang.reflect.Method.invoke(Method.java:498)
	at org.springframework.web.method.support.InvocableHandlerMethod.doInvoke(InvocableHandlerMethod.java:190)
	at org.springframework.web.method.support.InvocableHandlerMethod.invokeForRequest(InvocableHandlerMethod.java:138)
	at org.springframework.web.servlet.mvc.method.annotation.ServletInvocableHandlerMethod.invokeAndHandle(ServletInvocableHandlerMethod.java:105)
	at org.springframework.web.servlet.mvc.method.annotation.RequestMappingHandlerAdapter.invokeHandlerMethod(RequestMappingHandlerAdapter.java:878)
	at org.springframework.web.servlet.mvc.method.annotation.RequestMappingHandlerAdapter.handleInternal(RequestMappingHandlerAdapter.java:792)
	at org.springframework.web.servlet.mvc.method.AbstractHandlerMethodAdapter.handle(AbstractHandlerMethodAdapter.java:87)
	at org.springframework.web.servlet.DispatcherServlet.doDispatch(DispatcherServlet.java:1040)
	at org.springframework.web.servlet.DispatcherServlet.doService(DispatcherServlet.java:943)
	at org.springframework.web.servlet.FrameworkServlet.processRequest(FrameworkServlet.java:1006)
	at org.springframework.web.servlet.FrameworkServlet.doGet(FrameworkServlet.java:898)
	at javax.servlet.http.HttpServlet.service(HttpServlet.java:626)
	at org.springframework.web.servlet.FrameworkServlet.service(FrameworkServlet.java:883)
	at javax.servlet.http.HttpServlet.service(HttpServlet.java:733)
	at org.apache.catalina.core.ApplicationFilterChain.internalDoFilter(ApplicationFilterChain.java:231)
	at org.apache.catalina.core.ApplicationFilterChain.doFilter(ApplicationFilterChain.java:166)
	at org.apache.tomcat.websocket.server.WsFilter.doFilter(WsFilter.java:53)
	at org.apache.catalina.core.ApplicationFilterChain.internalDoFilter(ApplicationFilterChain.java:193)
	at org.apache.catalina.core.ApplicationFilterChain.doFilter(ApplicationFilterChain.java:166)
	at org.springframework.web.filter.RequestContextFilter.doFilterInternal(RequestContextFilter.java:100)
	at org.springframework.web.filter.OncePerRequestFilter.doFilter(OncePerRequestFilter.java:119)
	at org.apache.catalina.core.ApplicationFilterChain.internalDoFilter(ApplicationFilterChain.java:193)
	at org.apache.catalina.core.ApplicationFilterChain.doFilter(ApplicationFilterChain.java:166)
	at org.springframework.web.filter.FormContentFilter.doFilterInternal(FormContentFilter.java:93)
	at org.springframework.web.filter.OncePerRequestFilter.doFilter(OncePerRequestFilter.java:119)
	at org.apache.catalina.core.ApplicationFilterChain.internalDoFilter(ApplicationFilterChain.java:193)
	at org.apache.catalina.core.ApplicationFilterChain.doFilter(ApplicationFilterChain.java:166)
	at org.springframework.web.filter.CharacterEncodingFilter.doFilterInternal(CharacterEncodingFilter.java:201)
	at org.springframework.web.filter.OncePerRequestFilter.doFilter(OncePerRequestFilter.java:119)
	at org.apache.catalina.core.ApplicationFilterChain.internalDoFilter(ApplicationFilterChain.java:193)
	at org.apache.catalina.core.ApplicationFilterChain.doFilter(ApplicationFilterChain.java:166)
	at org.apache.catalina.core.StandardWrapperValve.invoke(StandardWrapperValve.java:202)
	at org.apache.catalina.core.StandardContextValve.invoke(StandardContextValve.java:97)
	at org.apache.catalina.authenticator.AuthenticatorBase.invoke(AuthenticatorBase.java:542)
	at org.apache.catalina.core.StandardHostValve.invoke(StandardHostValve.java:143)
	at org.apache.catalina.valves.ErrorReportValve.invoke(ErrorReportValve.java:92)
	at org.apache.catalina.core.StandardEngineValve.invoke(StandardEngineValve.java:78)
	at org.apache.catalina.connector.CoyoteAdapter.service(CoyoteAdapter.java:343)
	at org.apache.coyote.http11.Http11Processor.service(Http11Processor.java:374)
	at org.apache.coyote.AbstractProcessorLight.process(AbstractProcessorLight.java:65)
	at org.apache.coyote.AbstractProtocol$ConnectionHandler.process(AbstractProtocol.java:888)
	at org.apache.tomcat.util.net.NioEndpoint$SocketProcessor.doRun(NioEndpoint.java:1597)
	at org.apache.tomcat.util.net.SocketProcessorBase.run(SocketProcessorBase.java:49)
	at java.util.concurrent.ThreadPoolExecutor.runWorker(ThreadPoolExecutor.java:1149)
	at java.util.concurrent.ThreadPoolExecutor$Worker.run(ThreadPoolExecutor.java:624)
	at org.apache.tomcat.util.threads.TaskThread$WrappingRunnable.run(TaskThread.java:61)
	at java.lang.Thread.run(Thread.java:748)
2023-03-07 14:15:09,639 WARN [http-nio-63040-exec-1][AbstractSerializableParameter.java:421] - Illegal DefaultValue null for parameter type integer
java.lang.NumberFormatException: For input string: ""
	at java.lang.NumberFormatException.forInputString(NumberFormatException.java:65)
	at java.lang.Long.parseLong(Long.java:601)
	at java.lang.Long.valueOf(Long.java:803)
	at io.swagger.models.parameters.AbstractSerializableParameter.getExample(AbstractSerializableParameter.java:412)
	at sun.reflect.NativeMethodAccessorImpl.invoke0(Native Method)
	at sun.reflect.NativeMethodAccessorImpl.invoke(NativeMethodAccessorImpl.java:62)
	at sun.reflect.DelegatingMethodAccessorImpl.invoke(DelegatingMethodAccessorImpl.java:43)
	at java.lang.reflect.Method.invoke(Method.java:498)
	at com.fasterxml.jackson.databind.ser.BeanPropertyWriter.serializeAsField(BeanPropertyWriter.java:689)
	at com.fasterxml.jackson.databind.ser.std.BeanSerializerBase.serializeFields(BeanSerializerBase.java:755)
	at com.fasterxml.jackson.databind.ser.BeanSerializer.serialize(BeanSerializer.java:178)
	at com.fasterxml.jackson.databind.ser.impl.IndexedListSerializer.serializeContents(IndexedListSerializer.java:119)
	at com.fasterxml.jackson.databind.ser.impl.IndexedListSerializer.serialize(IndexedListSerializer.java:79)
	at com.fasterxml.jackson.databind.ser.impl.IndexedListSerializer.serialize(IndexedListSerializer.java:18)
	at com.fasterxml.jackson.databind.ser.BeanPropertyWriter.serializeAsField(BeanPropertyWriter.java:728)
	at com.fasterxml.jackson.databind.ser.std.BeanSerializerBase.serializeFields(BeanSerializerBase.java:755)
	at com.fasterxml.jackson.databind.ser.BeanSerializer.serialize(BeanSerializer.java:178)
	at com.fasterxml.jackson.databind.ser.BeanPropertyWriter.serializeAsField(BeanPropertyWriter.java:728)
	at com.fasterxml.jackson.databind.ser.std.BeanSerializerBase.serializeFields(BeanSerializerBase.java:755)
	at com.fasterxml.jackson.databind.ser.BeanSerializer.serialize(BeanSerializer.java:178)
	at com.fasterxml.jackson.databind.ser.std.MapSerializer.serializeFields(MapSerializer.java:726)
	at com.fasterxml.jackson.databind.ser.std.MapSerializer.serializeWithoutTypeInfo(MapSerializer.java:681)
	at com.fasterxml.jackson.databind.ser.std.MapSerializer.serialize(MapSerializer.java:637)
	at com.fasterxml.jackson.databind.ser.std.MapSerializer.serialize(MapSerializer.java:33)
	at com.fasterxml.jackson.databind.ser.BeanPropertyWriter.serializeAsField(BeanPropertyWriter.java:728)
	at com.fasterxml.jackson.databind.ser.std.BeanSerializerBase.serializeFields(BeanSerializerBase.java:755)
	at com.fasterxml.jackson.databind.ser.BeanSerializer.serialize(BeanSerializer.java:178)
	at com.fasterxml.jackson.databind.ser.DefaultSerializerProvider._serialize(DefaultSerializerProvider.java:480)
	at com.fasterxml.jackson.databind.ser.DefaultSerializerProvider.serializeValue(DefaultSerializerProvider.java:319)
	at com.fasterxml.jackson.databind.ObjectMapper._writeValueAndClose(ObjectMapper.java:4409)
	at com.fasterxml.jackson.databind.ObjectMapper.writeValueAsString(ObjectMapper.java:3663)
	at springfox.documentation.spring.web.json.JsonSerializer.toJson(JsonSerializer.java:38)
	at springfox.documentation.swagger2.web.Swagger2Controller.getDocumentation(Swagger2Controller.java:105)
	at sun.reflect.NativeMethodAccessorImpl.invoke0(Native Method)
	at sun.reflect.NativeMethodAccessorImpl.invoke(NativeMethodAccessorImpl.java:62)
	at sun.reflect.DelegatingMethodAccessorImpl.invoke(DelegatingMethodAccessorImpl.java:43)
	at java.lang.reflect.Method.invoke(Method.java:498)
	at org.springframework.web.method.support.InvocableHandlerMethod.doInvoke(InvocableHandlerMethod.java:190)
	at org.springframework.web.method.support.InvocableHandlerMethod.invokeForRequest(InvocableHandlerMethod.java:138)
	at org.springframework.web.servlet.mvc.method.annotation.ServletInvocableHandlerMethod.invokeAndHandle(ServletInvocableHandlerMethod.java:105)
	at org.springframework.web.servlet.mvc.method.annotation.RequestMappingHandlerAdapter.invokeHandlerMethod(RequestMappingHandlerAdapter.java:878)
	at org.springframework.web.servlet.mvc.method.annotation.RequestMappingHandlerAdapter.handleInternal(RequestMappingHandlerAdapter.java:792)
	at org.springframework.web.servlet.mvc.method.AbstractHandlerMethodAdapter.handle(AbstractHandlerMethodAdapter.java:87)
	at org.springframework.web.servlet.DispatcherServlet.doDispatch(DispatcherServlet.java:1040)
	at org.springframework.web.servlet.DispatcherServlet.doService(DispatcherServlet.java:943)
	at org.springframework.web.servlet.FrameworkServlet.processRequest(FrameworkServlet.java:1006)
	at org.springframework.web.servlet.FrameworkServlet.doGet(FrameworkServlet.java:898)
	at javax.servlet.http.HttpServlet.service(HttpServlet.java:626)
	at org.springframework.web.servlet.FrameworkServlet.service(FrameworkServlet.java:883)
	at javax.servlet.http.HttpServlet.service(HttpServlet.java:733)
	at org.apache.catalina.core.ApplicationFilterChain.internalDoFilter(ApplicationFilterChain.java:231)
	at org.apache.catalina.core.ApplicationFilterChain.doFilter(ApplicationFilterChain.java:166)
	at org.apache.tomcat.websocket.server.WsFilter.doFilter(WsFilter.java:53)
	at org.apache.catalina.core.ApplicationFilterChain.internalDoFilter(ApplicationFilterChain.java:193)
	at org.apache.catalina.core.ApplicationFilterChain.doFilter(ApplicationFilterChain.java:166)
	at org.springframework.web.filter.RequestContextFilter.doFilterInternal(RequestContextFilter.java:100)
	at org.springframework.web.filter.OncePerRequestFilter.doFilter(OncePerRequestFilter.java:119)
	at org.apache.catalina.core.ApplicationFilterChain.internalDoFilter(ApplicationFilterChain.java:193)
	at org.apache.catalina.core.ApplicationFilterChain.doFilter(ApplicationFilterChain.java:166)
	at org.springframework.web.filter.FormContentFilter.doFilterInternal(FormContentFilter.java:93)
	at org.springframework.web.filter.OncePerRequestFilter.doFilter(OncePerRequestFilter.java:119)
	at org.apache.catalina.core.ApplicationFilterChain.internalDoFilter(ApplicationFilterChain.java:193)
	at org.apache.catalina.core.ApplicationFilterChain.doFilter(ApplicationFilterChain.java:166)
	at org.springframework.web.filter.CharacterEncodingFilter.doFilterInternal(CharacterEncodingFilter.java:201)
	at org.springframework.web.filter.OncePerRequestFilter.doFilter(OncePerRequestFilter.java:119)
	at org.apache.catalina.core.ApplicationFilterChain.internalDoFilter(ApplicationFilterChain.java:193)
	at org.apache.catalina.core.ApplicationFilterChain.doFilter(ApplicationFilterChain.java:166)
	at org.apache.catalina.core.StandardWrapperValve.invoke(StandardWrapperValve.java:202)
	at org.apache.catalina.core.StandardContextValve.invoke(StandardContextValve.java:97)
	at org.apache.catalina.authenticator.AuthenticatorBase.invoke(AuthenticatorBase.java:542)
	at org.apache.catalina.core.StandardHostValve.invoke(StandardHostValve.java:143)
	at org.apache.catalina.valves.ErrorReportValve.invoke(ErrorReportValve.java:92)
	at org.apache.catalina.core.StandardEngineValve.invoke(StandardEngineValve.java:78)
	at org.apache.catalina.connector.CoyoteAdapter.service(CoyoteAdapter.java:343)
	at org.apache.coyote.http11.Http11Processor.service(Http11Processor.java:374)
	at org.apache.coyote.AbstractProcessorLight.process(AbstractProcessorLight.java:65)
	at org.apache.coyote.AbstractProtocol$ConnectionHandler.process(AbstractProtocol.java:888)
	at org.apache.tomcat.util.net.NioEndpoint$SocketProcessor.doRun(NioEndpoint.java:1597)
	at org.apache.tomcat.util.net.SocketProcessorBase.run(SocketProcessorBase.java:49)
	at java.util.concurrent.ThreadPoolExecutor.runWorker(ThreadPoolExecutor.java:1149)
	at java.util.concurrent.ThreadPoolExecutor$Worker.run(ThreadPoolExecutor.java:624)
	at org.apache.tomcat.util.threads.TaskThread$WrappingRunnable.run(TaskThread.java:61)
	at java.lang.Thread.run(Thread.java:748)
2023-03-07 14:15:09,639 WARN [http-nio-63040-exec-1][AbstractSerializableParameter.java:421] - Illegal DefaultValue null for parameter type integer
java.lang.NumberFormatException: For input string: ""
	at java.lang.NumberFormatException.forInputString(NumberFormatException.java:65)
	at java.lang.Long.parseLong(Long.java:601)
	at java.lang.Long.valueOf(Long.java:803)
	at io.swagger.models.parameters.AbstractSerializableParameter.getExample(AbstractSerializableParameter.java:412)
	at sun.reflect.NativeMethodAccessorImpl.invoke0(Native Method)
	at sun.reflect.NativeMethodAccessorImpl.invoke(NativeMethodAccessorImpl.java:62)
	at sun.reflect.DelegatingMethodAccessorImpl.invoke(DelegatingMethodAccessorImpl.java:43)
	at java.lang.reflect.Method.invoke(Method.java:498)
	at com.fasterxml.jackson.databind.ser.BeanPropertyWriter.serializeAsField(BeanPropertyWriter.java:689)
	at com.fasterxml.jackson.databind.ser.std.BeanSerializerBase.serializeFields(BeanSerializerBase.java:755)
	at com.fasterxml.jackson.databind.ser.BeanSerializer.serialize(BeanSerializer.java:178)
	at com.fasterxml.jackson.databind.ser.impl.IndexedListSerializer.serializeContents(IndexedListSerializer.java:119)
	at com.fasterxml.jackson.databind.ser.impl.IndexedListSerializer.serialize(IndexedListSerializer.java:79)
	at com.fasterxml.jackson.databind.ser.impl.IndexedListSerializer.serialize(IndexedListSerializer.java:18)
	at com.fasterxml.jackson.databind.ser.BeanPropertyWriter.serializeAsField(BeanPropertyWriter.java:728)
	at com.fasterxml.jackson.databind.ser.std.BeanSerializerBase.serializeFields(BeanSerializerBase.java:755)
	at com.fasterxml.jackson.databind.ser.BeanSerializer.serialize(BeanSerializer.java:178)
	at com.fasterxml.jackson.databind.ser.BeanPropertyWriter.serializeAsField(BeanPropertyWriter.java:728)
	at com.fasterxml.jackson.databind.ser.std.BeanSerializerBase.serializeFields(BeanSerializerBase.java:755)
	at com.fasterxml.jackson.databind.ser.BeanSerializer.serialize(BeanSerializer.java:178)
	at com.fasterxml.jackson.databind.ser.std.MapSerializer.serializeFields(MapSerializer.java:726)
	at com.fasterxml.jackson.databind.ser.std.MapSerializer.serializeWithoutTypeInfo(MapSerializer.java:681)
	at com.fasterxml.jackson.databind.ser.std.MapSerializer.serialize(MapSerializer.java:637)
	at com.fasterxml.jackson.databind.ser.std.MapSerializer.serialize(MapSerializer.java:33)
	at com.fasterxml.jackson.databind.ser.BeanPropertyWriter.serializeAsField(BeanPropertyWriter.java:728)
	at com.fasterxml.jackson.databind.ser.std.BeanSerializerBase.serializeFields(BeanSerializerBase.java:755)
	at com.fasterxml.jackson.databind.ser.BeanSerializer.serialize(BeanSerializer.java:178)
	at com.fasterxml.jackson.databind.ser.DefaultSerializerProvider._serialize(DefaultSerializerProvider.java:480)
	at com.fasterxml.jackson.databind.ser.DefaultSerializerProvider.serializeValue(DefaultSerializerProvider.java:319)
	at com.fasterxml.jackson.databind.ObjectMapper._writeValueAndClose(ObjectMapper.java:4409)
	at com.fasterxml.jackson.databind.ObjectMapper.writeValueAsString(ObjectMapper.java:3663)
	at springfox.documentation.spring.web.json.JsonSerializer.toJson(JsonSerializer.java:38)
	at springfox.documentation.swagger2.web.Swagger2Controller.getDocumentation(Swagger2Controller.java:105)
	at sun.reflect.NativeMethodAccessorImpl.invoke0(Native Method)
	at sun.reflect.NativeMethodAccessorImpl.invoke(NativeMethodAccessorImpl.java:62)
	at sun.reflect.DelegatingMethodAccessorImpl.invoke(DelegatingMethodAccessorImpl.java:43)
	at java.lang.reflect.Method.invoke(Method.java:498)
	at org.springframework.web.method.support.InvocableHandlerMethod.doInvoke(InvocableHandlerMethod.java:190)
	at org.springframework.web.method.support.InvocableHandlerMethod.invokeForRequest(InvocableHandlerMethod.java:138)
	at org.springframework.web.servlet.mvc.method.annotation.ServletInvocableHandlerMethod.invokeAndHandle(ServletInvocableHandlerMethod.java:105)
	at org.springframework.web.servlet.mvc.method.annotation.RequestMappingHandlerAdapter.invokeHandlerMethod(RequestMappingHandlerAdapter.java:878)
	at org.springframework.web.servlet.mvc.method.annotation.RequestMappingHandlerAdapter.handleInternal(RequestMappingHandlerAdapter.java:792)
	at org.springframework.web.servlet.mvc.method.AbstractHandlerMethodAdapter.handle(AbstractHandlerMethodAdapter.java:87)
	at org.springframework.web.servlet.DispatcherServlet.doDispatch(DispatcherServlet.java:1040)
	at org.springframework.web.servlet.DispatcherServlet.doService(DispatcherServlet.java:943)
	at org.springframework.web.servlet.FrameworkServlet.processRequest(FrameworkServlet.java:1006)
	at org.springframework.web.servlet.FrameworkServlet.doGet(FrameworkServlet.java:898)
	at javax.servlet.http.HttpServlet.service(HttpServlet.java:626)
	at org.springframework.web.servlet.FrameworkServlet.service(FrameworkServlet.java:883)
	at javax.servlet.http.HttpServlet.service(HttpServlet.java:733)
	at org.apache.catalina.core.ApplicationFilterChain.internalDoFilter(ApplicationFilterChain.java:231)
	at org.apache.catalina.core.ApplicationFilterChain.doFilter(ApplicationFilterChain.java:166)
	at org.apache.tomcat.websocket.server.WsFilter.doFilter(WsFilter.java:53)
	at org.apache.catalina.core.ApplicationFilterChain.internalDoFilter(ApplicationFilterChain.java:193)
	at org.apache.catalina.core.ApplicationFilterChain.doFilter(ApplicationFilterChain.java:166)
	at org.springframework.web.filter.RequestContextFilter.doFilterInternal(RequestContextFilter.java:100)
	at org.springframework.web.filter.OncePerRequestFilter.doFilter(OncePerRequestFilter.java:119)
	at org.apache.catalina.core.ApplicationFilterChain.internalDoFilter(ApplicationFilterChain.java:193)
	at org.apache.catalina.core.ApplicationFilterChain.doFilter(ApplicationFilterChain.java:166)
	at org.springframework.web.filter.FormContentFilter.doFilterInternal(FormContentFilter.java:93)
	at org.springframework.web.filter.OncePerRequestFilter.doFilter(OncePerRequestFilter.java:119)
	at org.apache.catalina.core.ApplicationFilterChain.internalDoFilter(ApplicationFilterChain.java:193)
	at org.apache.catalina.core.ApplicationFilterChain.doFilter(ApplicationFilterChain.java:166)
	at org.springframework.web.filter.CharacterEncodingFilter.doFilterInternal(CharacterEncodingFilter.java:201)
	at org.springframework.web.filter.OncePerRequestFilter.doFilter(OncePerRequestFilter.java:119)
	at org.apache.catalina.core.ApplicationFilterChain.internalDoFilter(ApplicationFilterChain.java:193)
	at org.apache.catalina.core.ApplicationFilterChain.doFilter(ApplicationFilterChain.java:166)
	at org.apache.catalina.core.StandardWrapperValve.invoke(StandardWrapperValve.java:202)
	at org.apache.catalina.core.StandardContextValve.invoke(StandardContextValve.java:97)
	at org.apache.catalina.authenticator.AuthenticatorBase.invoke(AuthenticatorBase.java:542)
	at org.apache.catalina.core.StandardHostValve.invoke(StandardHostValve.java:143)
	at org.apache.catalina.valves.ErrorReportValve.invoke(ErrorReportValve.java:92)
	at org.apache.catalina.core.StandardEngineValve.invoke(StandardEngineValve.java:78)
	at org.apache.catalina.connector.CoyoteAdapter.service(CoyoteAdapter.java:343)
	at org.apache.coyote.http11.Http11Processor.service(Http11Processor.java:374)
	at org.apache.coyote.AbstractProcessorLight.process(AbstractProcessorLight.java:65)
	at org.apache.coyote.AbstractProtocol$ConnectionHandler.process(AbstractProtocol.java:888)
	at org.apache.tomcat.util.net.NioEndpoint$SocketProcessor.doRun(NioEndpoint.java:1597)
	at org.apache.tomcat.util.net.SocketProcessorBase.run(SocketProcessorBase.java:49)
	at java.util.concurrent.ThreadPoolExecutor.runWorker(ThreadPoolExecutor.java:1149)
	at java.util.concurrent.ThreadPoolExecutor$Worker.run(ThreadPoolExecutor.java:624)
	at org.apache.tomcat.util.threads.TaskThread$WrappingRunnable.run(TaskThread.java:61)
	at java.lang.Thread.run(Thread.java:748)
